 GKQT9+3tZiDzIO4b9y/oJ0b+lgVIXxN2SZIQ4sGy95+/QDsbW9yZ2qEuFii73HQKXLNCuZvFgIj612u5e5qSdcpIXPKf0ymQ
 GKQT9+3tZiDzIO4b9y/oJ0b+lgVIXxN2SZIQ4sGy95+/QDsbW9yZ2qEuFii73HQKXLNCuZvFgIj612u5e5qSdcpIXPKf0ymQ
 GKQT9+3tZiDzIO4b9y/oJ0b+lgVIXxN2SZIQ4sGy95+/QDsbW9yZ2qEuFii73HQKXLNCuZvFgIj612u5e5qSdcpIXPKf0ymQ
 GKQT9+3tZiDzIO4b9y/oJ0b+lgVIXxN2SZIQ4sGy95+/QDsbW9yZ2qEuFii73HQKXLNCuZvFgIj612u5e5qSdcpIXPKf0ymQ
 GKQT9+3tZiDzIO4b9y/oJ0b+lgVIXxN2SZIQ4sGy95+/QDsbW9yZ2hudePhPRwTI3QccnVKywesG8/tNbxu6ECWVtBf/jpbh
 GKQT9+3tZiDzIO4b9y/oJ0b+lgVIXxN2SZIQ4sGy95+/QDsbW9yZ2hudePhPRwTI3QccnVKywesG8/tNbxu6ECWVtBf/jpbh
 GKQT9+3tZiDzIO4b9y/oJ0b+lgVIXxN2SZIQ4sGy95+/QDsbW9yZ2hudePhPRwTI3QccnVKywesG8/tNbxu6ECWVtBf/jpbh
 GKQT9+3tZiDzIO4b9y/oJ0b+lgVIXxN2SZIQ4sGy95+/QDsbW9yZ2hudePhPRwTI3QccnVKywesG8/tNbxu6ECWVtBf/jpbh
 GKQT9+3tZiDzIO4b9y/oJ0b+lgVIXxN2SZIQ4sGy95+/QDsbW9yZ2hudePhPRwTI3QccnVKywesG8/tNbxu6ECWVtBf/jpbh
 GKQT9+3tZiDzIO4b9y/oJ0b+lgVIXxN2SZIQ4sGy95+/QDsbW9yZ2tP7v86IS2I9gOsBYWfjeLITMPDvAs3F6dkzBRABMvQZ
 GKQT9+3tZiDzIO4b9y/oJ0b+lgVIXxN2SZIQ4sGy95+/QDsbW9yZ2tP7v86IS2I9gOsBYWfjeLITMPDvAs3F6dkzBRABMvQZ
 GKQT9+3tZiDzIO4b9y/oJ0b+lgVIXxN2SZIQ4sGy95+/QDsbW9yZ2tP7v86IS2I9gOsBYWfjeLITMPDvAs3F6dkzBRABMvQZ
 GKQT9+3tZiDzIO4b9y/oJ0b+lgVIXxN2SZIQ4sGy95+/QDsbW9yZ2tP7v86IS2I9gOsBYWfjeLITMPDvAs3F6dkzBRABMvQZ
 GKQT9+3tZiDzIO4b9y/oJ0b+lgVIXxN2SZIQ4sGy95+/QDsbW9yZ2tP7v86IS2I9gOsBYWfjeLITMPDvAs3F6dkzBRABMvQZ
 GKQT9+3tZiDzIO4b9y/oJ0b+lgVIXxN2SZIQ4sGy95+/QDsbW9yZ2ia960NIVkdV1b0pAEnVpVZDjcBSa2cvc5TVZGE2FEEf
 GKQT9+3tZiDzIO4b9y/oJ0b+lgVIXxN2SZIQ4sGy95+/QDsbW9yZ2ia960NIVkdV1b0pAEnVpVZDjcBSa2cvc5TVZGE2FEEf
 GKQT9+3tZiDzIO4b9y/oJ0b+lgVIXxN2SZIQ4sGy959K3mIEl3erZ/NgxLnX2zywEbB/Q/rqj0fOPX3Ek8Myi3vcHHaHntAk
 GKQT9+3tZiDzIO4b9y/oJ0b+lgVIXxN2SZIQ4sGy959K3mIEl3erZ/NgxLnX2zywEbB/Q/rqj0fOPX3Ek8Myi3vcHHaHntAk
 GKQT9+3tZiDzIO4b9y/oJ0b+lgVIXxN2SZIQ4sGy959K3mIEl3erZ/NgxLnX2zywEbB/Q/rqj0fOPX3Ek8Myi3vcHHaHntAk
 GKQT9+3tZiDzIO4b9y/oJ0b+lgVIXxN2SZIQ4sGy959K3mIEl3erZ/NgxLnX2zywEbB/Q/rqj0fOPX3Ek8Myi3vcHHaHntAk
 GKQT9+3tZiDzIO4b9y/oJ0b+lgVIXxN2SZIQ4sGy959Q+StsEC01vlmiNZJX7Ly/p/VIDjm+RpyBPU6oKfnQVciFZzNhmh8j
 GKQT9+3tZiDzIO4b9y/oJ0b+lgVIXxN2SZIQ4sGy959Q+StsEC01vlmiNZJX7Ly/p/VIDjm+RpyBPU6oKfnQVciFZzNhmh8j
 GKQT9+3tZiDzIO4b9y/oJ0b+lgVIXxN2SZIQ4sGy959Q+StsEC01vlmiNZJX7Ly/p/VIDjm+RpyBPU6oKfnQVciFZzNhmh8j
 GKQT9+3tZiDzIO4b9y/oJ0b+lgVIXxN2SZIQ4sGy959Q+StsEC01vlmiNZJX7Ly/p/VIDjm+RpyBPU6oKfnQVciFZzNhmh8j
 GKQT9+3tZiDzIO4b9y/oJ0b+lgVIXxN2SZIQ4sGy959Q+StsEC01vlmiNZJX7Ly/p/VIDjm+RpyBPU6oKfnQVciFZzNhmh8j
 GKQT9+3tZiDzIO4b9y/oJ0b+lgVIXxN2SZIQ4sGy959Q+StsEC01vmD4hkRhIjOUp1xH9oeIEEjpe4mB8qadHBZaUyZKfVh1
 GKQT9+3tZiDzIO4b9y/oJ0b+lgVIXxN2SZIQ4sGy959Q+StsEC01vmD4hkRhIjOUp1xH9oeIEEjpe4mB8qadHBZaUyZKfVh1
 GKQT9+3tZiDzIO4b9y/oJ0b+lgVIXxN2SZIQ4sGy959Q+StsEC01vmD4hkRhIjOUp1xH9oeIEEjpe4mB8qadHBZaUyZKfVh1
 GKQT9+3tZiDzIO4b9y/oJ0b+lgVIXxN2SZIQ4sGy959Q+StsEC01vmD4hkRhIjOUp1xH9oeIEEjpe4mB8qadHBZaUyZKfVh1
 GKQT9+3tZiDzIO4b9y/oJ0b+lgVIXxN2SZIQ4sGy959Q+StsEC01vmD4hkRhIjOUp1xH9oeIEEjpe4mB8qadHBZaUyZKfVh1
 GKQT9+3tZiDzIO4b9y/oJ0b+lgVIXxN2SZIQ4sGy959Q+StsEC01vvOo7slA+nNFxj4tNX5pusC/G+pkEIVyyXiJhr67jlqU
 GKQT9+3tZiDzIO4b9y/oJ0b+lgVIXxN2SZIQ4sGy959Q+StsEC01vvOo7slA+nNFxj4tNX5pusC/G+pkEIVyyXiJhr67jlqU
 GKQT9+3tZiDzIO4b9y/oJ0b+lgVIXxN2SZIQ4sGy959Q+StsEC01vlj15x0Xr9noIDRITNIFpD1R0IAPyqdBGiG810eH6WGG
 GKQT9+3tZiDzIO4b9y/oJ0b+lgVIXxN2SZIQ4sGy959Q+StsEC01vlj15x0Xr9noIDRITNIFpD1R0IAPyqdBGiG810eH6WGG
 GKQT9+3tZiDzIO4b9y/oJ0b+lgVIXxN2SZIQ4sGy959Q+StsEC01vun+/1WSxrNX2FvH5jkhAlXv1wQ/LBesc6K8qoD1gIb1
 GKQT9+3tZiDzIO4b9y/oJ0b+lgVIXxN2SZIQ4sGy959Q+StsEC01vsUQynzg0OvHqe8CYIgjd/ascXmJbxwys7suMzIEVMyn
 GKQT9+3tZiDzIO4b9y/oJ0b+lgVIXxN2SZIQ4sGy95/vx5BHVXacwsvUyxggSz5NYxc1qkixTn/p9zTHm/0SRe1Y7jtESLyw
 GKQT9+3tZiDzIO4b9y/oJ0b+lgVIXxN2SZIQ4sGy95/vx5BHVXacwsvUyxggSz5NYxc1qkixTn/p9zTHm/0SRe1Y7jtESLyw
 GKQT9+3tZiDzIO4b9y/oJ0b+lgVIXxN2SZIQ4sGy95/vx5BHVXacwny6CGshaLf176+tq/PbMmRM63xStREK1BpUpZMT8R8C
 GKQT9+3tZiDzIO4b9y/oJ0b+lgVIXxN2SZIQ4sGy95/vx5BHVXacwq6j2bKtfkLSx+LfJZcbk0Jkjke0HEZKKZekszCyTw5q
 GKQT9+3tZiDzIO4b9y/oJ0b+lgVIXxN2SZIQ4sGy95/vx5BHVXacwq6j2bKtfkLSx+LfJZcbk0Jkjke0HEZKKZekszCyTw5q
 GKQT9+3tZiDzIO4b9y/oJ0b+lgVIXxN2SZIQ4sGy95/vx5BHVXacwpe+tLdAKE9iZ9GCzNZrK/sMO+KV18v+gigBk7G7aPK3
 GKQT9+3tZiDzIO4b9y/oJ0b+lgVIXxN2SZIQ4sGy95/vx5BHVXacwuI7HS6s6PfuoMfUwA6ydkR2Mx2Ln37nN+RJZYvKq68K
 GKQT9+3tZiDzIO4b9y/oJ0b+lgVIXxN2SZIQ4sGy95/vx5BHVXacwuI7HS6s6PfuoMfUwA6ydkR2Mx2Ln37nN+RJZYvKq68K
 GKQT9+3tZiDzIO4b9y/oJ0b+lgVIXxN2SZIQ4sGy95/vx5BHVXacwjrkSFKQB/oEFki0Jf5IjgwpVWuyXD7SfytyN6MUEsrK
 GKQT9+3tZiDzIO4b9y/oJ0b+lgVIXxN2SZIQ4sGy95/vx5BHVXacwtzAcwOxAdVyIIGW412JtmkgViZInGj237iNKMAMpTLT
 GKQT9+3tZiDzIO4b9y/oJ0b+lgVIXxN2SZIQ4sGy95/vx5BHVXacwtzAcwOxAdVyIIGW412JtmkgViZInGj237iNKMAMpTLT
 GKQT9+3tZiDzIO4b9y/oJ0b+lgVIXxN2SZIQ4sGy95/vx5BHVXacwo9vlQI3f0jKbmdw0Mjo5grmPfZ/LB52qXUnH3bCq+ve
 GKQT9+3tZiDzIO4b9y/oJ0b+lgVIXxN2mi9brL5FKCPY377sADuFQ7dtyQf0c9RyVAmtZULibJrq5DZcwrB0OFaChUDM45nV
 GKQT9+3tZiDzIO4b9y/oJ0b+lgVIXxN2mi9brL5FKCPY377sADuFQ7dtyQf0c9RyVAmtZULibJrq5DZcwrB0OFaChUDM45nV
 GKQT9+3tZiDzIO4b9y/oJ0b+lgVIXxN2mi9brL5FKCPY377sADuFQ7dtyQf0c9RyVAmtZULibJrq5DZcwrB0OFaChUDM45nV
 GKQT9+3tZiDzIO4b9y/oJ0b+lgVIXxN2mi9brL5FKCPY377sADuFQ7dtyQf0c9RyVAmtZULibJrq5DZcwrB0OFaChUDM45nV
 GKQT9+3tZiDzIO4b9y/oJ0b+lgVIXxN2mi9brL5FKCPY377sADuFQ7dtyQf0c9RyVAmtZULibJrq5DZcwrB0OFaChUDM45nV
 GKQT9+3tZiDzIO4b9y/oJ0b+lgVIXxN2mi9brL5FKCPY377sADuFQ7nmbsm1aM46LojQLUjU9CCmSaUyTyTh45kWCAgYyp0S
 GKQT9+3tZiDzIO4b9y/oJ0b+lgVIXxN2mi9brL5FKCPY377sADuFQ7nmbsm1aM46LojQLUjU9CCmSaUyTyTh45kWCAgYyp0S
 GKQT9+3tZiDzIO4b9y/oJ0b+lgVIXxN2mi9brL5FKCPY377sADuFQ7nmbsm1aM46LojQLUjU9CCmSaUyTyTh45kWCAgYyp0S
 GKQT9+3tZiDzIO4b9y/oJ0b+lgVIXxN2mi9brL5FKCPY377sADuFQ7nmbsm1aM46LojQLUjU9CCmSaUyTyTh45kWCAgYyp0S
 GKQT9+3tZiDzIO4b9y/oJ0b+lgVIXxN2mi9brL5FKCPY377sADuFQ7nmbsm1aM46LojQLUjU9CCmSaUyTyTh45kWCAgYyp0S
 GKQT9+3tZiDzIO4b9y/oJ0b+lgVIXxN2mi9brL5FKCPY377sADuFQ0xFy2QpcshLqc0+wWMJNQUVIwMJB98+M0J+RKlTkoYw
 GKQT9+3tZiDzIO4b9y/oJ0b+lgVIXxN2mi9brL5FKCPY377sADuFQ0xFy2QpcshLqc0+wWMJNQUVIwMJB98+M0J+RKlTkoYw
 GKQT9+3tZiDzIO4b9y/oJ0b+lgVIXxN2mi9brL5FKCPY377sADuFQ0xFy2QpcshLqc0+wWMJNQUVIwMJB98+M0J+RKlTkoYw
 GKQT9+3tZiDzIO4b9y/oJ0b+lgVIXxN2mi9brL5FKCPY377sADuFQ0xFy2QpcshLqc0+wWMJNQUVIwMJB98+M0J+RKlTkoYw
 GKQT9+3tZiDzIO4b9y/oJ0b+lgVIXxN2mi9brL5FKCPY377sADuFQ0xFy2QpcshLqc0+wWMJNQUVIwMJB98+M0J+RKlTkoYw
 GKQT9+3tZiDzIO4b9y/oJ0b+lgVIXxN2mi9brL5FKCOYwqhDXEmascpD6kRhemFGDqky2afg5zl6QAT46hsc7sF6uV/YFAde
 GKQT9+3tZiDzIO4b9y/oJ0b+lgVIXxN2mi9brL5FKCOYwqhDXEmascpD6kRhemFGDqky2afg5zl6QAT46hsc7sF6uV/YFAde
 GKQT9+3tZiDzIO4b9y/oJ0b+lgVIXxN2mi9brL5FKCOYwqhDXEmascpD6kRhemFGDqky2afg5zl6QAT46hsc7sF6uV/YFAde
 GKQT9+3tZiDzIO4b9y/oJ0b+lgVIXxN2mi9brL5FKCOYwqhDXEmascpD6kRhemFGDqky2afg5zl6QAT46hsc7sF6uV/YFAde
 GKQT9+3tZiDzIO4b9y/oJ0b+lgVIXxN2mi9brL5FKCOYwqhDXEmascpD6kRhemFGDqky2afg5zl6QAT46hsc7sF6uV/YFAde
 GKQT9+3tZiDzIO4b9y/oJ0b+lgVIXxN2mi9brL5FKCOYwqhDXEmasS8+x3w+gBenT1XN27aj0NjHtjYLOx8JCbNLCSlNn5vd
 GKQT9+3tZiDzIO4b9y/oJ0b+lgVIXxN2mi9brL5FKCOYwqhDXEmasS8+x3w+gBenT1XN27aj0NjHtjYLOx8JCbNLCSlNn5vd
 GKQT9+3tZiDzIO4b9y/oJ0b+lgVIXxN2mi9brL5FKCOYwqhDXEmasS8+x3w+gBenT1XN27aj0NjHtjYLOx8JCbNLCSlNn5vd
 GKQT9+3tZiDzIO4b9y/oJ0b+lgVIXxN2mi9brL5FKCOYwqhDXEmasS8+x3w+gBenT1XN27aj0NjHtjYLOx8JCbNLCSlNn5vd
 GKQT9+3tZiDzIO4b9y/oJ0b+lgVIXxN2mi9brL5FKCOYwqhDXEmasS8+x3w+gBenT1XN27aj0NjHtjYLOx8JCbNLCSlNn5vd
 GKQT9+3tZiDzIO4b9y/oJ0b+lgVIXxN2mi9brL5FKCOYwqhDXEmasR/fNBM0de2rvXj040Bbt9NahKzvNVk61NuUkGx6sQIe
 GKQT9+3tZiDzIO4b9y/oJ0b+lgVIXxN2mi9brL5FKCOYwqhDXEmasR/fNBM0de2rvXj040Bbt9NahKzvNVk61NuUkGx6sQIe
 GKQT9+3tZiDzIO4b9y/oJ0b+lgVIXxN2mi9brL5FKCOYwqhDXEmasR/fNBM0de2rvXj040Bbt9NahKzvNVk61NuUkGx6sQIe
 GKQT9+3tZiDzIO4b9y/oJ0b+lgVIXxN2mi9brL5FKCOYwqhDXEmasR/fNBM0de2rvXj040Bbt9NahKzvNVk61NuUkGx6sQIe
 GKQT9+3tZiDzIO4b9y/oJ0b+lgVIXxN2mi9brL5FKCOYwqhDXEmasR/fNBM0de2rvXj040Bbt9NahKzvNVk61NuUkGx6sQIe
 GKQT9+3tZiDzIO4b9y/oJ0b+lgVIXxN2mi9brL5FKCOYwqhDXEmasQsQjBnX7n+2yOwDGoP+0RozXKywLjb4wXVklK+UWDlg
 GKQT9+3tZiDzIO4b9y/oJ0b+lgVIXxN2mi9brL5FKCOYwqhDXEmasQsQjBnX7n+2yOwDGoP+0RozXKywLjb4wXVklK+UWDlg
 GKQT9+3tZiDzIO4b9y/oJ0b+lgVIXxN2mi9brL5FKCOYwqhDXEmasQsQjBnX7n+2yOwDGoP+0RozXKywLjb4wXVklK+UWDlg
 GKQT9+3tZiDzIO4b9y/oJ0b+lgVIXxN2mi9brL5FKCOYwqhDXEmasQsQjBnX7n+2yOwDGoP+0RozXKywLjb4wXVklK+UWDlg
 GKQT9+3tZiDzIO4b9y/oJ0b+lgVIXxN2mi9brL5FKCOYwqhDXEmasQsQjBnX7n+2yOwDGoP+0RozXKywLjb4wXVklK+UWDlg
 GKQT9+3tZiDzIO4b9y/oJ0b+lgVIXxN2mi9brL5FKCOYwqhDXEmasWBecarSdr3l8x1RFZdSxQD6+pqXf/v8VqoMcjzFsXWA
 GKQT9+3tZiDzIO4b9y/oJ0b+lgVIXxN2mi9brL5FKCOYwqhDXEmasWBecarSdr3l8x1RFZdSxQD6+pqXf/v8VqoMcjzFsXWA
 GKQT9+3tZiDzIO4b9y/oJ0b+lgVIXxN2mi9brL5FKCOYwqhDXEmasWBecarSdr3l8x1RFZdSxQD6+pqXf/v8VqoMcjzFsXWA
 GKQT9+3tZiDzIO4b9y/oJ0b+lgVIXxN2mi9brL5FKCOYwqhDXEmasWBecarSdr3l8x1RFZdSxQD6+pqXf/v8VqoMcjzFsXWA
 GKQT9+3tZiDzIO4b9y/oJ0b+lgVIXxN2mi9brL5FKCOYwqhDXEmasWBecarSdr3l8x1RFZdSxQD6+pqXf/v8VqoMcjzFsXWA
 GKQT9+3tZiDzIO4b9y/oJ0b+lgVIXxN2mi9brL5FKCOYwqhDXEmasd92SQ5KwCA1sSVBXPFUT861XerT1cFxIC3ZgtqUDVIl
 GKQT9+3tZiDzIO4b9y/oJ0b+lgVIXxN2mi9brL5FKCOYwqhDXEmasd92SQ5KwCA1sSVBXPFUT861XerT1cFxIC3ZgtqUDVIl
 GKQT9+3tZiDzIO4b9y/oJ0b+lgVIXxN2mi9brL5FKCOYwqhDXEmasd92SQ5KwCA1sSVBXPFUT861XerT1cFxIC3ZgtqUDVIl
 GKQT9+3tZiDzIO4b9y/oJ0b+lgVIXxN2mi9brL5FKCOYwqhDXEmasd92SQ5KwCA1sSVBXPFUT861XerT1cFxIC3ZgtqUDVIl
 GKQT9+3tZiDzIO4b9y/oJ0b+lgVIXxN2mi9brL5FKCOYwqhDXEmasfqOBFJK884aKzXr6Qlg1P7GPkm/syt5R6+qGocRGzlh
 GKQT9+3tZiDzIO4b9y/oJ0b+lgVIXxN2mi9brL5FKCOYwqhDXEmasfqOBFJK884aKzXr6Qlg1P7GPkm/syt5R6+qGocRGzlh
 GKQT9+3tZiDzIO4b9y/oJ0b+lgVIXxN2mi9brL5FKCOYwqhDXEmasfqOBFJK884aKzXr6Qlg1P7GPkm/syt5R6+qGocRGzlh
 GKQT9+3tZiDzIO4b9y/oJ0b+lgVIXxN2mi9brL5FKCOYwqhDXEmasfqOBFJK884aKzXr6Qlg1P7GPkm/syt5R6+qGocRGzlh
 GKQT9+3tZiDzIO4b9y/oJ0b+lgVIXxN2mi9brL5FKCOYwqhDXEmasfqOBFJK884aKzXr6Qlg1P7GPkm/syt5R6+qGocRGzlh
 GKQT9+3tZiDzIO4b9y/oJ0b+lgVIXxN2mi9brL5FKCOYwqhDXEmasfjWprMygOP2ZUREZNxZaPvdPX6lIwgIBpCs4hPXlTMF
 GKQT9+3tZiDzIO4b9y/oJ0b+lgVIXxN2mi9brL5FKCOYwqhDXEmasfjWprMygOP2ZUREZNxZaPvdPX6lIwgIBpCs4hPXlTMF
 GKQT9+3tZiDzIO4b9y/oJ0b+lgVIXxN2mi9brL5FKCOYwqhDXEmasfjWprMygOP2ZUREZNxZaPvdPX6lIwgIBpCs4hPXlTMF
 GKQT9+3tZiDzIO4b9y/oJ0b+lgVIXxN2mi9brL5FKCOYwqhDXEmasfjWprMygOP2ZUREZNxZaPvdPX6lIwgIBpCs4hPXlTMF
 GKQT9+3tZiDzIO4b9y/oJ0b+lgVIXxN2mi9brL5FKCOYwqhDXEmasfjWprMygOP2ZUREZNxZaPvdPX6lIwgIBpCs4hPXlTMF
 GKQT9+3tZiDzIO4b9y/oJ0b+lgVIXxN2mi9brL5FKCOYwqhDXEmasbV2LH6joqzBK2ykzzt7yigkIKpko9ElAWG71Yt5ipad
 GKQT9+3tZiDzIO4b9y/oJ0b+lgVIXxN2mi9brL5FKCOYwqhDXEmasbV2LH6joqzBK2ykzzt7yigkIKpko9ElAWG71Yt5ipad
 GKQT9+3tZiDzIO4b9y/oJ0b+lgVIXxN2mi9brL5FKCOYwqhDXEmasbV2LH6joqzBK2ykzzt7yigkIKpko9ElAWG71Yt5ipad
 GKQT9+3tZiDzIO4b9y/oJ0b+lgVIXxN2mi9brL5FKCOYwqhDXEmasbV2LH6joqzBK2ykzzt7yigkIKpko9ElAWG71Yt5ipad
 GKQT9+3tZiDzIO4b9y/oJ0b+lgVIXxN2mi9brL5FKCOYwqhDXEmasbV2LH6joqzBK2ykzzt7yigkIKpko9ElAWG71Yt5ipad
 GKQT9+3tZiDzIO4b9y/oJ0b+lgVIXxN2mi9brL5FKCOYwqhDXEmasSfA46d9/nede6OmwEu611tF5exFg0wWWM/d76XO13my
 GKQT9+3tZiDzIO4b9y/oJ0b+lgVIXxN2mi9brL5FKCOYwqhDXEmasSfA46d9/nede6OmwEu611tF5exFg0wWWM/d76XO13my
 GKQT9+3tZiDzIO4b9y/oJ0b+lgVIXxN2mi9brL5FKCOYwqhDXEmasSfA46d9/nede6OmwEu611tF5exFg0wWWM/d76XO13my
 GKQT9+3tZiDzIO4b9y/oJ0b+lgVIXxN2mi9brL5FKCOYwqhDXEmasSfA46d9/nede6OmwEu611tF5exFg0wWWM/d76XO13my
 GKQT9+3tZiDzIO4b9y/oJ0b+lgVIXxN2mi9brL5FKCOYwqhDXEmasSfA46d9/nede6OmwEu611tF5exFg0wWWM/d76XO13my
 GKQT9+3tZiDzIO4b9y/oJ0b+lgVIXxN2mi9brL5FKCMJ8QcjF0phCHYn3d2QIwmTftCHP8oFDts8MK+jJUwUq+7l8VC22WQj
 GKQT9+3tZiDzIO4b9y/oJ0b+lgVIXxN2mi9brL5FKCMJ8QcjF0phCHYn3d2QIwmTftCHP8oFDts8MK+jJUwUq+7l8VC22WQj
 GKQT9+3tZiDzIO4b9y/oJ0b+lgVIXxN2mi9brL5FKCMJ8QcjF0phCHYn3d2QIwmTftCHP8oFDts8MK+jJUwUq+7l8VC22WQj
 GKQT9+3tZiDzIO4b9y/oJ0b+lgVIXxN2mi9brL5FKCMJ8QcjF0phCHYn3d2QIwmTftCHP8oFDts8MK+jJUwUq+7l8VC22WQj
 GKQT9+3tZiDzIO4b9y/oJ0b+lgVIXxN2mi9brL5FKCMJ8QcjF0phCHYn3d2QIwmTftCHP8oFDts8MK+jJUwUq+7l8VC22WQj
 GKQT9+3tZiDzIO4b9y/oJ0b+lgVIXxN2mi9brL5FKCMJ8QcjF0phCAVLNOpUiKxhwc+NAqMoSz7W87fgE6sN4OYaKWNs5AO8
 GKQT9+3tZiDzIO4b9y/oJ0b+lgVIXxN2mi9brL5FKCMJ8QcjF0phCAVLNOpUiKxhwc+NAqMoSz7W87fgE6sN4OYaKWNs5AO8
 GKQT9+3tZiDzIO4b9y/oJ0b+lgVIXxN2mi9brL5FKCMJ8QcjF0phCAVLNOpUiKxhwc+NAqMoSz7W87fgE6sN4OYaKWNs5AO8
 GKQT9+3tZiDzIO4b9y/oJ0b+lgVIXxN2mi9brL5FKCMJ8QcjF0phCAVLNOpUiKxhwc+NAqMoSz7W87fgE6sN4OYaKWNs5AO8
 GKQT9+3tZiDzIO4b9y/oJ0b+lgVIXxN2mi9brL5FKCMJ8QcjF0phCAVLNOpUiKxhwc+NAqMoSz7W87fgE6sN4OYaKWNs5AO8
 GKQT9+3tZiDzIO4b9y/oJ0b+lgVIXxN2mi9brL5FKCMJ8QcjF0phCEWH0wfu+rmLznIX1ujgIa05djBIxWnXioyvtreHEFNr
 GKQT9+3tZiDzIO4b9y/oJ0b+lgVIXxN2mi9brL5FKCMJ8QcjF0phCEWH0wfu+rmLznIX1ujgIa05djBIxWnXioyvtreHEFNr
 GKQT9+3tZiDzIO4b9y/oJ0b+lgVIXxN2mi9brL5FKCMJ8QcjF0phCEWH0wfu+rmLznIX1ujgIa05djBIxWnXioyvtreHEFNr
 GKQT9+3tZiDzIO4b9y/oJ0b+lgVIXxN2mi9brL5FKCMJ8QcjF0phCEWH0wfu+rmLznIX1ujgIa05djBIxWnXioyvtreHEFNr
 GKQT9+3tZiDzIO4b9y/oJ0b+lgVIXxN2mi9brL5FKCMJ8QcjF0phCEWH0wfu+rmLznIX1ujgIa05djBIxWnXioyvtreHEFNr
 GKQT9+3tZiDzIO4b9y/oJ0b+lgVIXxN2mi9brL5FKCMJ8QcjF0phCIron6y5vLvEM60Xui6LAEv973Wz+klNq3dqixHM5UVd
 GKQT9+3tZiDzIO4b9y/oJ0b+lgVIXxN2mi9brL5FKCMJ8QcjF0phCIron6y5vLvEM60Xui6LAEv973Wz+klNq3dqixHM5UVd
 GKQT9+3tZiDzIO4b9y/oJ0b+lgVIXxN2mi9brL5FKCPRV6JMlNPlmgZmULA+W2KqHM0NM1xignKb/xPwpVQ8s8eBjznhHpA9
 GKQT9+3tZiDzIO4b9y/oJ0b+lgVIXxN2mi9brL5FKCPRV6JMlNPlmgZmULA+W2KqHM0NM1xignKb/xPwpVQ8s8eBjznhHpA9
 GKQT9+3tZiDzIO4b9y/oJ0b+lgVIXxN2mi9brL5FKCPRV6JMlNPlmgZmULA+W2KqHM0NM1xignKb/xPwpVQ8s8eBjznhHpA9
 GKQT9+3tZiDzIO4b9y/oJ0b+lgVIXxN2mi9brL5FKCPRV6JMlNPlmgZmULA+W2KqHM0NM1xignKb/xPwpVQ8s8eBjznhHpA9
 GKQT9+3tZiDzIO4b9y/oJ0b+lgVIXxN2mi9brL5FKCPRV6JMlNPlmkK4W6RljV+G3vpqyXkKCS87eB9VAP9wsmnlR8Oykb93
 GKQT9+3tZiDzIO4b9y/oJ0b+lgVIXxN2mi9brL5FKCPRV6JMlNPlmkK4W6RljV+G3vpqyXkKCS87eB9VAP9wsmnlR8Oykb93
 GKQT9+3tZiDzIO4b9y/oJ0b+lgVIXxN2mi9brL5FKCPRV6JMlNPlmkK4W6RljV+G3vpqyXkKCS87eB9VAP9wsmnlR8Oykb93
 GKQT9+3tZiDzIO4b9y/oJ0b+lgVIXxN2mi9brL5FKCPRV6JMlNPlmkK4W6RljV+G3vpqyXkKCS87eB9VAP9wsmnlR8Oykb93
 GKQT9+3tZiDzIO4b9y/oJ0b+lgVIXxN2mi9brL5FKCPRV6JMlNPlmkK4W6RljV+G3vpqyXkKCS87eB9VAP9wsmnlR8Oykb93
 GKQT9+3tZiDzIO4b9y/oJ0b+lgVIXxN2mi9brL5FKCPPgyxecTBmfr/m2gaDyeey8uuwbzOIdrXfCjMFPCeEFbcyAFRMtcp7
 GKQT9+3tZiDzIO4b9y/oJ0b+lgVIXxN2mi9brL5FKCPPgyxecTBmfr/m2gaDyeey8uuwbzOIdrXfCjMFPCeEFbcyAFRMtcp7
 GKQT9+3tZiDzIO4b9y/oJ0b+lgVIXxN2mi9brL5FKCPPgyxecTBmfr/m2gaDyeey8uuwbzOIdrXfCjMFPCeEFbcyAFRMtcp7
 GKQT9+3tZiDzIO4b9y/oJ0b+lgVIXxN2mi9brL5FKCPPgyxecTBmfr/m2gaDyeey8uuwbzOIdrXfCjMFPCeEFbcyAFRMtcp7
 GKQT9+3tZiDzIO4b9y/oJ0b+lgVIXxN2mi9brL5FKCPPgyxecTBmfr/m2gaDyeey8uuwbzOIdrXfCjMFPCeEFbcyAFRMtcp7
 GKQT9+3tZiDzIO4b9y/oJ0b+lgVIXxN2mi9brL5FKCPPgyxecTBmfrWt+J9Sm0NS9BUEpsy2f81MOsn+0ZRJNKAQH4BKxq+p
 GKQT9+3tZiDzIO4b9y/oJ0b+lgVIXxN2mi9brL5FKCPPgyxecTBmfrWt+J9Sm0NS9BUEpsy2f81MOsn+0ZRJNKAQH4BKxq+p
 GKQT9+3tZiDzIO4b9y/oJ0b+lgVIXxN2mi9brL5FKCPPgyxecTBmfrWt+J9Sm0NS9BUEpsy2f81MOsn+0ZRJNKAQH4BKxq+p
 GKQT9+3tZiDzIO4b9y/oJ0b+lgVIXxN2mi9brL5FKCPPgyxecTBmfrWt+J9Sm0NS9BUEpsy2f81MOsn+0ZRJNKAQH4BKxq+p
 GKQT9+3tZiDzIO4b9y/oJ0b+lgVIXxN2mi9brL5FKCPPgyxecTBmfrWt+J9Sm0NS9BUEpsy2f81MOsn+0ZRJNKAQH4BKxq+p
 GKQT9+3tZiDzIO4b9y/oJ0b+lgVIXxN2mi9brL5FKCPPgyxecTBmflwmOcp7nERyeCM9sV5poMxHSiXxEzgkDfkSarvR67eM
 GKQT9+3tZiDzIO4b9y/oJ0b+lgVIXxN2mi9brL5FKCPPgyxecTBmflwmOcp7nERyeCM9sV5poMxHSiXxEzgkDfkSarvR67eM
 GKQT9+3tZiDzIO4b9y/oJ0b+lgVIXxN2mi9brL5FKCPPgyxecTBmflwmOcp7nERyeCM9sV5poMxHSiXxEzgkDfkSarvR67eM
 GKQT9+3tZiDzIO4b9y/oJ0b+lgVIXxN2mi9brL5FKCPPgyxecTBmflwmOcp7nERyeCM9sV5poMxHSiXxEzgkDfkSarvR67eM
 GKQT9+3tZiDzIO4b9y/oJ0b+lgVIXxN2mi9brL5FKCPPgyxecTBmflwmOcp7nERyeCM9sV5poMxHSiXxEzgkDfkSarvR67eM
 GKQT9+3tZiDzIO4b9y/oJ0b+lgVIXxN2mi9brL5FKCPPgyxecTBmfjTLmAMjYGwsSXo5bQgbnkxDAAoGzZTuguxCFA4/yp3B
 GKQT9+3tZiDzIO4b9y/oJ0b+lgVIXxN2mi9brL5FKCPPgyxecTBmfoY0nPkOHpPkpdQOtuDeQlC6F2nWK/ZrvsC7DpKQj3K7
 GKQT9+3tZiDzIO4b9y/oJ0b+lgVIXxN2mi9brL5FKCPPgyxecTBmfl75onaJflRapPcGsmzgSJseTbDh5CbmhhAvxUgcyELt
 GKQT9+3tZiDzIO4b9y/oJ0b+lgVIXxN2mi9brL5FKCPPgyxecTBmfpuch1lzyYsoykcOKsdc++w8HEINBiOS2/55HGgPqd4P
 GKQT9+3tZiDzIO4b9y/oJ0b+lgVIXxN2mi9brL5FKCPPgyxecTBmfpuch1lzyYsoykcOKsdc++w8HEINBiOS2/55HGgPqd4P
 GKQT9+3tZiDzIO4b9y/oJ0b+lgVIXxN2mi9brL5FKCPPgyxecTBmfq8MUEDTtHQIVqrQiYXw5JA26PJwsumQ03dHMOaAFdSd
 GKQT9+3tZiDzIO4b9y/oJ0b+lgVIXxN2mi9brL5FKCPPgyxecTBmfq8MUEDTtHQIVqrQiYXw5JA26PJwsumQ03dHMOaAFdSd
 GKQT9+3tZiDzIO4b9y/oJ0b+lgVIXxN2mi9brL5FKCPPgyxecTBmfq8MUEDTtHQIVqrQiYXw5JA26PJwsumQ03dHMOaAFdSd
 GKQT9+3tZiDzIO4b9y/oJ0b+lgVIXxN2mi9brL5FKCPPgyxecTBmfq8MUEDTtHQIVqrQiYXw5JA26PJwsumQ03dHMOaAFdSd
 GKQT9+3tZiDzIO4b9y/oJ0b+lgVIXxN2mi9brL5FKCPPgyxecTBmfq8MUEDTtHQIVqrQiYXw5JA26PJwsumQ03dHMOaAFdSd
 GKQT9+3tZiDzIO4b9y/oJ0b+lgVIXxN2mi9brL5FKCPPgyxecTBmfiOaHZUmCE2R39FtAk6GSTNKRTjgMVdrEYRds17P0Ggw
 GKQT9+3tZiDzIO4b9y/oJ0b+lgVIXxN2mi9brL5FKCPPgyxecTBmfiOaHZUmCE2R39FtAk6GSTNKRTjgMVdrEYRds17P0Ggw
 GKQT9+3tZiDzIO4b9y/oJ0b+lgVIXxN2mi9brL5FKCPPgyxecTBmfiOaHZUmCE2R39FtAk6GSTNKRTjgMVdrEYRds17P0Ggw
 GKQT9+3tZiDzIO4b9y/oJ0b+lgVIXxN2mi9brL5FKCPPgyxecTBmfiOaHZUmCE2R39FtAk6GSTNKRTjgMVdrEYRds17P0Ggw
 GKQT9+3tZiDzIO4b9y/oJ0b+lgVIXxN2mi9brL5FKCPPgyxecTBmfiOaHZUmCE2R39FtAk6GSTNKRTjgMVdrEYRds17P0Ggw
 GKQT9+3tZiDzIO4b9y/oJ0b+lgVIXxN2mi9brL5FKCPPgyxecTBmfvnSmuPe+csDjlPfoujas5m2nxCCiu1rUyZ+dkRFWz64
 GKQT9+3tZiDzIO4b9y/oJ0b+lgVIXxN2mi9brL5FKCPPgyxecTBmfvnSmuPe+csDjlPfoujas5m2nxCCiu1rUyZ+dkRFWz64
 GKQT9+3tZiDzIO4b9y/oJ0b+lgVIXxN2mi9brL5FKCPPgyxecTBmfvnSmuPe+csDjlPfoujas5m2nxCCiu1rUyZ+dkRFWz64
 GKQT9+3tZiDzIO4b9y/oJ0b+lgVIXxN2mi9brL5FKCPPgyxecTBmfvnSmuPe+csDjlPfoujas5m2nxCCiu1rUyZ+dkRFWz64
 GKQT9+3tZiDzIO4b9y/oJ0b+lgVIXxN2mi9brL5FKCPPgyxecTBmfvnSmuPe+csDjlPfoujas5m2nxCCiu1rUyZ+dkRFWz64
 GKQT9+3tZiDzIO4b9y/oJ0b+lgVIXxN2mi9brL5FKCN3Ko5GWcjJloK2M7TLdjTcSQzLJ7Fcvmk+spFrhf5At6XuGKjTld6/
 GKQT9+3tZiDzIO4b9y/oJ0b+lgVIXxN2mi9brL5FKCN3Ko5GWcjJloK2M7TLdjTcSQzLJ7Fcvmk+spFrhf5At6XuGKjTld6/
 GKQT9+3tZiDzIO4b9y/oJ0b+lgVIXxN2mi9brL5FKCN3Ko5GWcjJloK2M7TLdjTcSQzLJ7Fcvmk+spFrhf5At6XuGKjTld6/
 GKQT9+3tZiDzIO4b9y/oJ0b+lgVIXxN2mi9brL5FKCN3Ko5GWcjJloK2M7TLdjTcSQzLJ7Fcvmk+spFrhf5At6XuGKjTld6/
 GKQT9+3tZiDzIO4b9y/oJ0b+lgVIXxN2mi9brL5FKCN3Ko5GWcjJloK2M7TLdjTcSQzLJ7Fcvmk+spFrhf5At6XuGKjTld6/
 GKQT9+3tZiDzIO4b9y/oJ0b+lgVIXxN2mi9brL5FKCN3Ko5GWcjJlgVawZ5iGUSKhV+vwHvC3JpCnkI4LntYuqU7iNH9LwYV
 GKQT9+3tZiDzIO4b9y/oJ0b+lgVIXxN2mi9brL5FKCN3Ko5GWcjJlgVawZ5iGUSKhV+vwHvC3JpCnkI4LntYuqU7iNH9LwYV
 GKQT9+3tZiDzIO4b9y/oJ0b+lgVIXxN2mi9brL5FKCN3Ko5GWcjJlgVawZ5iGUSKhV+vwHvC3JpCnkI4LntYuqU7iNH9LwYV
 GKQT9+3tZiDzIO4b9y/oJ0b+lgVIXxN2mi9brL5FKCN3Ko5GWcjJlgVawZ5iGUSKhV+vwHvC3JpCnkI4LntYuqU7iNH9LwYV
 GKQT9+3tZiDzIO4b9y/oJ0b+lgVIXxN2mi9brL5FKCN3Ko5GWcjJlgVawZ5iGUSKhV+vwHvC3JpCnkI4LntYuqU7iNH9LwYV
 GKQT9+3tZiDzIO4b9y/oJ0b+lgVIXxN2mi9brL5FKCN3Ko5GWcjJlpD3UYnhw3oZKdQP+4rpY8sJnGI9hCppT5bEswMYMDLl
 GKQT9+3tZiDzIO4b9y/oJ0b+lgVIXxN2mi9brL5FKCN3Ko5GWcjJlpD3UYnhw3oZKdQP+4rpY8sJnGI9hCppT5bEswMYMDLl
 GKQT9+3tZiDzIO4b9y/oJ0b+lgVIXxN2mi9brL5FKCN3Ko5GWcjJlpD3UYnhw3oZKdQP+4rpY8sJnGI9hCppT5bEswMYMDLl
 GKQT9+3tZiDzIO4b9y/oJ0b+lgVIXxN2mi9brL5FKCN3Ko5GWcjJlpD3UYnhw3oZKdQP+4rpY8sJnGI9hCppT5bEswMYMDLl
 GKQT9+3tZiDzIO4b9y/oJ0b+lgVIXxN2mi9brL5FKCN3Ko5GWcjJlpD3UYnhw3oZKdQP+4rpY8sJnGI9hCppT5bEswMYMDLl
 GKQT9+3tZiDzIO4b9y/oJ0b+lgVIXxN2mi9brL5FKCN3Ko5GWcjJlqgxgZU4SZrQMR+8ZwsNM5g7TGTF17GErOi02SNHxBfO
 GKQT9+3tZiDzIO4b9y/oJ0b+lgVIXxN2mi9brL5FKCN3Ko5GWcjJlqgxgZU4SZrQMR+8ZwsNM5g7TGTF17GErOi02SNHxBfO
 GKQT9+3tZiDzIO4b9y/oJ0b+lgVIXxN2mi9brL5FKCN3Ko5GWcjJlqgxgZU4SZrQMR+8ZwsNM5g7TGTF17GErOi02SNHxBfO
 GKQT9+3tZiDzIO4b9y/oJ0b+lgVIXxN2mi9brL5FKCN3Ko5GWcjJlqgxgZU4SZrQMR+8ZwsNM5g7TGTF17GErOi02SNHxBfO
 GKQT9+3tZiDzIO4b9y/oJ0b+lgVIXxN2mi9brL5FKCN3Ko5GWcjJlqgxgZU4SZrQMR+8ZwsNM5g7TGTF17GErOi02SNHxBfO
 GKQT9+3tZiDzIO4b9y/oJ0b+lgVIXxN2mi9brL5FKCN3Ko5GWcjJls1zF1fJ1z4lphOu0o0GOe5xQUhYajOX3xbCKg6U1VRf
 GKQT9+3tZiDzIO4b9y/oJ0b+lgVIXxN2mi9brL5FKCN3Ko5GWcjJls1zF1fJ1z4lphOu0o0GOe5xQUhYajOX3xbCKg6U1VRf
 GKQT9+3tZiDzIO4b9y/oJ0b+lgVIXxN2mi9brL5FKCN3Ko5GWcjJls1zF1fJ1z4lphOu0o0GOe5xQUhYajOX3xbCKg6U1VRf
 GKQT9+3tZiDzIO4b9y/oJ0b+lgVIXxN2mi9brL5FKCN3Ko5GWcjJls1zF1fJ1z4lphOu0o0GOe5xQUhYajOX3xbCKg6U1VRf
 GKQT9+3tZiDzIO4b9y/oJ0b+lgVIXxN2mi9brL5FKCN3Ko5GWcjJls1zF1fJ1z4lphOu0o0GOe5xQUhYajOX3xbCKg6U1VRf
 GKQT9+3tZiDzIO4b9y/oJ0b+lgVIXxN2mi9brL5FKCN3Ko5GWcjJlitQEV4K8OPwdORPDmMp82J7VNncC3aIUIvf8XZ7bGjq
 GKQT9+3tZiDzIO4b9y/oJ0b+lgVIXxN2mi9brL5FKCN3Ko5GWcjJlitQEV4K8OPwdORPDmMp82J7VNncC3aIUIvf8XZ7bGjq
 GKQT9+3tZiDzIO4b9y/oJ0b+lgVIXxN2mi9brL5FKCN3Ko5GWcjJlitQEV4K8OPwdORPDmMp82J7VNncC3aIUIvf8XZ7bGjq
 GKQT9+3tZiDzIO4b9y/oJ0b+lgVIXxN2mi9brL5FKCN3Ko5GWcjJlitQEV4K8OPwdORPDmMp82J7VNncC3aIUIvf8XZ7bGjq
 GKQT9+3tZiDzIO4b9y/oJ0b+lgVIXxN2mi9brL5FKCN3Ko5GWcjJlitQEV4K8OPwdORPDmMp82J7VNncC3aIUIvf8XZ7bGjq
 GKQT9+3tZiDzIO4b9y/oJ0b+lgVIXxN2mi9brL5FKCN3Ko5GWcjJlhHrOzfRfHyuLWEdubhlqy9OZz4sxOLXEt6V8cVzoNyg
 GKQT9+3tZiDzIO4b9y/oJ0b+lgVIXxN2mi9brL5FKCN3Ko5GWcjJlhHrOzfRfHyuLWEdubhlqy9OZz4sxOLXEt6V8cVzoNyg
 GKQT9+3tZiDzIO4b9y/oJ0b+lgVIXxN2mi9brL5FKCN3Ko5GWcjJlhHrOzfRfHyuLWEdubhlqy9OZz4sxOLXEt6V8cVzoNyg
 GKQT9+3tZiDzIO4b9y/oJ0b+lgVIXxN2mi9brL5FKCN3Ko5GWcjJlhHrOzfRfHyuLWEdubhlqy9OZz4sxOLXEt6V8cVzoNyg
 GKQT9+3tZiDzIO4b9y/oJ0b+lgVIXxN2mi9brL5FKCN3Ko5GWcjJlhHrOzfRfHyuLWEdubhlqy9OZz4sxOLXEt6V8cVzoNyg
 GKQT9+3tZiDzIO4b9y/oJ0b+lgVIXxN2mi9brL5FKCN3Ko5GWcjJlhdB2XxbNBeY99GyAMcTq/pE2srKj3K31vczrA/Y9F6b
 GKQT9+3tZiDzIO4b9y/oJ0b+lgVIXxN2mi9brL5FKCN3Ko5GWcjJlhdB2XxbNBeY99GyAMcTq/pE2srKj3K31vczrA/Y9F6b
 GKQT9+3tZiDzIO4b9y/oJ0b+lgVIXxN2mi9brL5FKCN3Ko5GWcjJlhdB2XxbNBeY99GyAMcTq/pE2srKj3K31vczrA/Y9F6b
 GKQT9+3tZiDzIO4b9y/oJ0b+lgVIXxN2mi9brL5FKCN3Ko5GWcjJlhdB2XxbNBeY99GyAMcTq/pE2srKj3K31vczrA/Y9F6b
 GKQT9+3tZiDzIO4b9y/oJ0b+lgVIXxN2mi9brL5FKCN3Ko5GWcjJlmAHwy9Q124vUIBldbYCdSTEcNvINsymBFtRQFVMfPD7
 GKQT9+3tZiDzIO4b9y/oJ0b+lgVIXxN2mi9brL5FKCN3Ko5GWcjJlmAHwy9Q124vUIBldbYCdSTEcNvINsymBFtRQFVMfPD7
 GKQT9+3tZiDzIO4b9y/oJ0b+lgVIXxN2mi9brL5FKCN3Ko5GWcjJlmAHwy9Q124vUIBldbYCdSTEcNvINsymBFtRQFVMfPD7
 GKQT9+3tZiDzIO4b9y/oJ0b+lgVIXxN2mi9brL5FKCN3Ko5GWcjJlmAHwy9Q124vUIBldbYCdSTEcNvINsymBFtRQFVMfPD7
 GKQT9+3tZiDzIO4b9y/oJ0b+lgVIXxN2mi9brL5FKCN3Ko5GWcjJlmAHwy9Q124vUIBldbYCdSTEcNvINsymBFtRQFVMfPD7
 GKQT9+3tZiDzIO4b9y/oJ0b+lgVIXxN2mi9brL5FKCN3Ko5GWcjJlmYaD3w3qnfd14aAlaVROjMFVJzGG7oiMs6OsS5KIh6o
 GKQT9+3tZiDzIO4b9y/oJ0b+lgVIXxN2mi9brL5FKCN3Ko5GWcjJlmYaD3w3qnfd14aAlaVROjMFVJzGG7oiMs6OsS5KIh6o
 GKQT9+3tZiDzIO4b9y/oJ0b+lgVIXxN2mi9brL5FKCN3Ko5GWcjJlmYaD3w3qnfd14aAlaVROjMFVJzGG7oiMs6OsS5KIh6o
 GKQT9+3tZiDzIO4b9y/oJ0b+lgVIXxN2mi9brL5FKCN3Ko5GWcjJlmYaD3w3qnfd14aAlaVROjMFVJzGG7oiMs6OsS5KIh6o
 GKQT9+3tZiDzIO4b9y/oJ0b+lgVIXxN2mi9brL5FKCN3Ko5GWcjJlmYaD3w3qnfd14aAlaVROjMFVJzGG7oiMs6OsS5KIh6o
 GKQT9+3tZiDzIO4b9y/oJ0b+lgVIXxN2mi9brL5FKCPCEZJNg/2R/IZ091lKwyzLmOTu8EbUYlySext1hMAe3MOLs6HXzvjS
 GKQT9+3tZiDzIO4b9y/oJ0b+lgVIXxN2mi9brL5FKCPCEZJNg/2R/IZ091lKwyzLmOTu8EbUYlySext1hMAe3MOLs6HXzvjS
 GKQT9+3tZiDzIO4b9y/oJ0b+lgVIXxN2mi9brL5FKCPCEZJNg/2R/IZ091lKwyzLmOTu8EbUYlySext1hMAe3MOLs6HXzvjS
 GKQT9+3tZiDzIO4b9y/oJ0b+lgVIXxN2mi9brL5FKCPCEZJNg/2R/IZ091lKwyzLmOTu8EbUYlySext1hMAe3MOLs6HXzvjS
 GKQT9+3tZiDzIO4b9y/oJ0b+lgVIXxN23z/Ki6+wcCB8LFhYcgn6ppvkrMgoezKdKw3k5OYYAfyq6Y2JJ/4yVDgvp74hSbJc
 GKQT9+3tZiDzIO4b9y/oJ0b+lgVIXxN23z/Ki6+wcCB8LFhYcgn6ppvkrMgoezKdKw3k5OYYAfyq6Y2JJ/4yVDgvp74hSbJc
 GKQT9+3tZiDzIO4b9y/oJ0b+lgVIXxN23z/Ki6+wcCB8LFhYcgn6ppvkrMgoezKdKw3k5OYYAfyq6Y2JJ/4yVDgvp74hSbJc
 GKQT9+3tZiDzIO4b9y/oJ0b+lgVIXxN23z/Ki6+wcCB8LFhYcgn6ppjaIkLemMTB7641JR4CkZ53Scaj3IFpMLP0kcYRpU0N
 GKQT9+3tZiDzIO4b9y/oJ0b+lgVIXxN23z/Ki6+wcCB8LFhYcgn6ppjaIkLemMTB7641JR4CkZ53Scaj3IFpMLP0kcYRpU0N
 GKQT9+3tZiDzIO4b9y/oJ0b+lgVIXxN23z/Ki6+wcCB8LFhYcgn6ppjaIkLemMTB7641JR4CkZ53Scaj3IFpMLP0kcYRpU0N
 GKQT9+3tZiDzIO4b9y/oJ0b+lgVIXxN23z/Ki6+wcCB8LFhYcgn6ppjaIkLemMTB7641JR4CkZ53Scaj3IFpMLP0kcYRpU0N
 GKQT9+3tZiDzIO4b9y/oJ0b+lgVIXxN23z/Ki6+wcCB8LFhYcgn6ppjaIkLemMTB7641JR4CkZ53Scaj3IFpMLP0kcYRpU0N
 GKQT9+3tZiDzIO4b9y/oJ0b+lgVIXxN23z/Ki6+wcCB8LFhYcgn6ps4C7a/FBMwkZgvA/JxlauPkDZSphlFZh1yZcwmQCU+G
 GKQT9+3tZiDzIO4b9y/oJ0b+lgVIXxN23z/Ki6+wcCB8LFhYcgn6ps4C7a/FBMwkZgvA/JxlauPkDZSphlFZh1yZcwmQCU+G
 GKQT9+3tZiDzIO4b9y/oJ0b+lgVIXxN23z/Ki6+wcCB8LFhYcgn6ps4C7a/FBMwkZgvA/JxlauPkDZSphlFZh1yZcwmQCU+G
 GKQT9+3tZiDzIO4b9y/oJ0b+lgVIXxN23z/Ki6+wcCB8LFhYcgn6ps4C7a/FBMwkZgvA/JxlauPkDZSphlFZh1yZcwmQCU+G
 GKQT9+3tZiDzIO4b9y/oJ0b+lgVIXxN23z/Ki6+wcCB8LFhYcgn6ps4C7a/FBMwkZgvA/JxlauPkDZSphlFZh1yZcwmQCU+G
 GKQT9+3tZiDzIO4b9y/oJ0b+lgVIXxN23z/Ki6+wcCB8LFhYcgn6ptBpxGHwrpFUVAbMtUbZDpZLQzhVH+AisXfDl1pmame7
 GKQT9+3tZiDzIO4b9y/oJ0b+lgVIXxN23z/Ki6+wcCB8LFhYcgn6ptBpxGHwrpFUVAbMtUbZDpZLQzhVH+AisXfDl1pmame7
 GKQT9+3tZiDzIO4b9y/oJ0b+lgVIXxN23z/Ki6+wcCB8LFhYcgn6pm41BVi7azQ6kissFUFaIqjcqfWu+fya4mqzGr+sXh4Q
 GKQT9+3tZiDzIO4b9y/oJ0b+lgVIXxN23z/Ki6+wcCB8LFhYcgn6pkgf9ye1xeAw7Oh81YORN32YImIwnT+pZVY4eU3+ml+t
 GKQT9+3tZiDzIO4b9y/oJ0b+lgVIXxN23z/Ki6+wcCB8LFhYcgn6pkgf9ye1xeAw7Oh81YORN32YImIwnT+pZVY4eU3+ml+t
 GKQT9+3tZiDzIO4b9y/oJ0b+lgVIXxN23z/Ki6+wcCB8LFhYcgn6ptZrV7CA21kE0dBpXhlN/YoX8tXpHMN7hjise7c1E1Fa
 GKQT9+3tZiDzIO4b9y/oJ0b+lgVIXxN23z/Ki6+wcCB8LFhYcgn6pg4oVHx2uho+m0WuUelU6tQFv3js45NvM84cBG5b4qKV
 GKQT9+3tZiDzIO4b9y/oJ0b+lgVIXxN23z/Ki6+wcCB8LFhYcgn6pg4oVHx2uho+m0WuUelU6tQFv3js45NvM84cBG5b4qKV
 GKQT9+3tZiDzIO4b9y/oJ0b+lgVIXxN23z/Ki6+wcCB8LFhYcgn6pn0HDY8cVUoHXh/kC2rQjZGvm6mbl/mFP+4eA0nY9wcH
 GKQT9+3tZiDzIO4b9y/oJ0b+lgVIXxN23z/Ki6+wcCCqyIDhyrcnGk4KwAqjXWkpnySiLThDU5vWb2ouOZWRxpQXwycZjipz
 GKQT9+3tZiDzIO4b9y/oJ0b+lgVIXxN23z/Ki6+wcCCqyIDhyrcnGk4KwAqjXWkpnySiLThDU5vWb2ouOZWRxpQXwycZjipz
 GKQT9+3tZiDzIO4b9y/oJ0b+lgVIXxN23z/Ki6+wcCCqyIDhyrcnGvKJMmt+qQQuoPUmanG5h1U9AJlqLoZUIhP/OS4SWQ3q
 GKQT9+3tZiDzIO4b9y/oJ0b+lgVIXxN23z/Ki6+wcCCqyIDhyrcnGqllGoLhXtxz5wuSem6ssiX5wrsMmw0B7muLpsDQjDWq
 GKQT9+3tZiDzIO4b9y/oJ0b+lgVIXxN23z/Ki6+wcCCqyIDhyrcnGqllGoLhXtxz5wuSem6ssiX5wrsMmw0B7muLpsDQjDWq
 GKQT9+3tZiDzIO4b9y/oJ0b+lgVIXxN23z/Ki6+wcCCqyIDhyrcnGjLxuwrGzl6ZCrL2TNaDuXv/37rcsTxybs7oucEBqZbg
 GKQT9+3tZiDzIO4b9y/oJ0b+lgVIXxN23z/Ki6+wcCCqyIDhyrcnGsL1mCwBvgrVLJCdZpECSUTJ4ClcL7aDubSYxCCB3tsp
 GKQT9+3tZiDzIO4b9y/oJ0b+lgVIXxN23z/Ki6+wcCCqyIDhyrcnGsL1mCwBvgrVLJCdZpECSUTJ4ClcL7aDubSYxCCB3tsp
 GKQT9+3tZiDzIO4b9y/oJ0b+lgVIXxN23z/Ki6+wcCCqyIDhyrcnGus2G5kkQ66RZhE0UqjRxQt6V+Esi6sW0yl6AA1QaSiO
 GKQT9+3tZiDzIO4b9y/oJ0b+lgVIXxN23z/Ki6+wcCCqyIDhyrcnGsI3F5pRZTs8TA0JV9kXAvCwAX0GtxglBk3n3Rlusvzo
 GKQT9+3tZiDzIO4b9y/oJ0b+lgVIXxN23z/Ki6+wcCCqyIDhyrcnGpS1ZxdmPmTNrlfeHPLulQtT30ph/KTAiWDSBm7EQEhs
 GKQT9+3tZiDzIO4b9y/oJ0b+lgVIXxN23z/Ki6+wcCCqyIDhyrcnGpS1ZxdmPmTNrlfeHPLulQtT30ph/KTAiWDSBm7EQEhs
 GKQT9+3tZiDzIO4b9y/oJ0b+lgVIXxN23z/Ki6+wcCCqyIDhyrcnGm1xSW+TS/6M2MGfjzQUJsDUynaNIuFJ08gA/ACwahUr
 GKQT9+3tZiDzIO4b9y/oJ0b+lgVIXxN23z/Ki6+wcCCqyIDhyrcnGskLEaOTLQICedSlXRWO8lBQKrAqQgCrF2iSMcsOVgo3
 GKQT9+3tZiDzIO4b9y/oJ0b+lgVIXxN23z/Ki6+wcCCqyIDhyrcnGskLEaOTLQICedSlXRWO8lBQKrAqQgCrF2iSMcsOVgo3
 GKQT9+3tZiDzIO4b9y/oJ0b+lgVIXxN23z/Ki6+wcCC4sKTZZdGT4iopmSf2JiXRfKwlr6FPQVvOZ9kGRul9mBk4S715R765
 GKQT9+3tZiDzIO4b9y/oJ0b+lgVIXxN23z/Ki6+wcCC4sKTZZdGT4rUUo/mvRQwuO7KhoYDZCbGKcnsPdZBKUoWWQLsxwhQr
 GKQT9+3tZiDzIO4b9y/oJ0b+lgVIXxN23z/Ki6+wcCC4sKTZZdGT4rUUo/mvRQwuO7KhoYDZCbGKcnsPdZBKUoWWQLsxwhQr
 GKQT9+3tZiDzIO4b9y/oJ0b+lgVIXxN23z/Ki6+wcCC4sKTZZdGT4qht7AJClZJmXXAJnFKm/Mpp550jAUoqqkFUOalXuU5p
 GKQT9+3tZiDzIO4b9y/oJ0b+lgVIXxN23z/Ki6+wcCC4sKTZZdGT4tSXsx0Mh5emvOWXVo8Q1KU82dUQf9KQqkaSdHpul9qU
 GKQT9+3tZiDzIO4b9y/oJ0b+lgVIXxN23z/Ki6+wcCC4sKTZZdGT4tSXsx0Mh5emvOWXVo8Q1KU82dUQf9KQqkaSdHpul9qU
 GKQT9+3tZiDzIO4b9y/oJ0b+lgVIXxN23z/Ki6+wcCC4sKTZZdGT4jVzszRhds0Kx+dTTfF7cklqV9ETbCwq8mlIECBOt2U3
 GKQT9+3tZiDzIO4b9y/oJ0b+lgVIXxN23z/Ki6+wcCC4sKTZZdGT4ljIXFEVxTJjN7ZaTIltkurOm62ZXJXlmKCu3SbZUPqv
 GKQT9+3tZiDzIO4b9y/oJ0b+lgVIXxN23z/Ki6+wcCC4sKTZZdGT4ljIXFEVxTJjN7ZaTIltkurOm62ZXJXlmKCu3SbZUPqv
 GKQT9+3tZiDzIO4b9y/oJ0b+lgVIXxN23z/Ki6+wcCC4sKTZZdGT4gy8BDH9e7EL/Tj+JMCp6w/1bD/lZVdouR1FZOkRq9bx
 GKQT9+3tZiDzIO4b9y/oJ0b+lgVIXxN23z/Ki6+wcCC4sKTZZdGT4p60+Pslga72hKqFJs69crhz4IyDL1ra2ATrYFnEGy1U
 GKQT9+3tZiDzIO4b9y/oJ0b+lgVIXxN23z/Ki6+wcCC4sKTZZdGT4p60+Pslga72hKqFJs69crhz4IyDL1ra2ATrYFnEGy1U
 GKQT9+3tZiDzIO4b9y/oJ0b+lgVIXxN23z/Ki6+wcCC4sKTZZdGT4oOFfiqZ5NmKMk/hMisNwZvT6N6tFkYIjC9ElbPKLnj3
 GKQT9+3tZiDzIO4b9y/oJ0b+lgVIXxN23z/Ki6+wcCCPN6TD1HgOsQW945l6Z7dGhbqFNC/lSDSMZWtCPJ2vBktfXWlAe3xO
 GKQT9+3tZiDzIO4b9y/oJ0b+lgVIXxN23z/Ki6+wcCCPN6TD1HgOsQW945l6Z7dGhbqFNC/lSDSMZWtCPJ2vBktfXWlAe3xO
 GKQT9+3tZiDzIO4b9y/oJ0b+lgVIXxN23z/Ki6+wcCCPN6TD1HgOsQW945l6Z7dGhbqFNC/lSDSMZWtCPJ2vBktfXWlAe3xO
 GKQT9+3tZiDzIO4b9y/oJ0b+lgVIXxN23z/Ki6+wcCCPN6TD1HgOsZph44GsJl1XfI65MFVTnyQMXuSMLZIRSaz/rELytH6D
 GKQT9+3tZiDzIO4b9y/oJ0b+lgVIXxN23z/Ki6+wcCCPN6TD1HgOsZph44GsJl1XfI65MFVTnyQMXuSMLZIRSaz/rELytH6D
 GKQT9+3tZiDzIO4b9y/oJ0b+lgVIXxN23z/Ki6+wcCCPN6TD1HgOsZph44GsJl1XfI65MFVTnyQMXuSMLZIRSaz/rELytH6D
 GKQT9+3tZiDzIO4b9y/oJ0b+lgVIXxN23z/Ki6+wcCCPN6TD1HgOsZph44GsJl1XfI65MFVTnyQMXuSMLZIRSaz/rELytH6D
 GKQT9+3tZiDzIO4b9y/oJ0b+lgVIXxN23z/Ki6+wcCCPN6TD1HgOsZph44GsJl1XfI65MFVTnyQMXuSMLZIRSaz/rELytH6D
 GKQT9+3tZiDzIO4b9y/oJ0b+lgVIXxN23z/Ki6+wcCCPN6TD1HgOsc16xwKpMNByLB1xbfwCq/LA1lGzjH9Gl8HDukF9rXHH
 GKQT9+3tZiDzIO4b9y/oJ0b+lgVIXxN23z/Ki6+wcCCPN6TD1HgOsc16xwKpMNByLB1xbfwCq/LA1lGzjH9Gl8HDukF9rXHH
 GKQT9+3tZiDzIO4b9y/oJ0b+lgVIXxN23z/Ki6+wcCCPN6TD1HgOsc16xwKpMNByLB1xbfwCq/LA1lGzjH9Gl8HDukF9rXHH
 GKQT9+3tZiDzIO4b9y/oJ0b+lgVIXxN23z/Ki6+wcCCPN6TD1HgOsc16xwKpMNByLB1xbfwCq/LA1lGzjH9Gl8HDukF9rXHH
 GKQT9+3tZiDzIO4b9y/oJ0b+lgVIXxN23z/Ki6+wcCCPN6TD1HgOsc16xwKpMNByLB1xbfwCq/LA1lGzjH9Gl8HDukF9rXHH
 GKQT9+3tZiDzIO4b9y/oJ0b+lgVIXxN23z/Ki6+wcCCPN6TD1HgOsWklpl+80WkabDggROQjTNQdaGxpUH9LADYfPcMAGBka
 GKQT9+3tZiDzIO4b9y/oJ0b+lgVIXxN23z/Ki6+wcCCPN6TD1HgOsWklpl+80WkabDggROQjTNQdaGxpUH9LADYfPcMAGBka
 GKQT9+3tZiDzIO4b9y/oJ0b+lgVIXxN23z/Ki6+wcCCPN6TD1HgOsWklpl+80WkabDggROQjTNQdaGxpUH9LADYfPcMAGBka
 GKQT9+3tZiDzIO4b9y/oJ0b+lgVIXxN23z/Ki6+wcCCPN6TD1HgOsWklpl+80WkabDggROQjTNQdaGxpUH9LADYfPcMAGBka
 GKQT9+3tZiDzIO4b9y/oJ0b+lgVIXxN23z/Ki6+wcCCPN6TD1HgOsWklpl+80WkabDggROQjTNQdaGxpUH9LADYfPcMAGBka
 GKQT9+3tZiDzIO4b9y/oJ0b+lgVIXxN23z/Ki6+wcCCPN6TD1HgOsYYeLympUftOS26km/c+qcC+rfHBxNIdK/fPrR7175xb
 GKQT9+3tZiDzIO4b9y/oJ0b+lgVIXxN23z/Ki6+wcCCPN6TD1HgOsQl9f2gAN6AVBKJz7ZJ6ZRnlUMOZt3uOPC4btcXBS2bg
 GKQT9+3tZiDzIO4b9y/oJ0b+lgVIXxN23z/Ki6+wcCCPN6TD1HgOsYFuZj6vbnUL57WL1K+hqSFyjAczs8MeBZKykUQ+ij2O
 GKQT9+3tZiDzIO4b9y/oJ0b+lgVIXxN23z/Ki6+wcCCPN6TD1HgOsfAbD5uDV/gG2WNlQ9+0ifshEy/3z80+CNPnMxvQQQKY
 GKQT9+3tZiDzIO4b9y/oJ0b+lgVIXxN23z/Ki6+wcCCPN6TD1HgOsfAbD5uDV/gG2WNlQ9+0ifshEy/3z80+CNPnMxvQQQKY
 GKQT9+3tZiDzIO4b9y/oJ0b+lgVIXxN23z/Ki6+wcCCPN6TD1HgOsVwhv9Hy6AHpX43fxNsfGlzphfF0KR/kDQZaGokxXVph
 GKQT9+3tZiDzIO4b9y/oJ0b+lgVIXxN23z/Ki6+wcCC0erZEUAKObS68GehO7+gd8Zmlbr2D1pv3QAgixcXFqabzN0BT4l/i
 GKQT9+3tZiDzIO4b9y/oJ0b+lgVIXxN23z/Ki6+wcCC0erZEUAKObS68GehO7+gd8Zmlbr2D1pv3QAgixcXFqabzN0BT4l/i
 GKQT9+3tZiDzIO4b9y/oJ0b+lgVIXxN23z/Ki6+wcCC0erZEUAKObVbgrMYhMAM/2sN7zAzauVI6Ag6gEeama9aQqC0q38W7
 GKQT9+3tZiDzIO4b9y/oJ0b+lgVIXxN23z/Ki6+wcCC0erZEUAKObXU5FTVGT+4FgKOIdqS15GUCWmAo9vNX51Kph23jD9XW
 GKQT9+3tZiDzIO4b9y/oJ0b+lgVIXxN23z/Ki6+wcCC0erZEUAKObXU5FTVGT+4FgKOIdqS15GUCWmAo9vNX51Kph23jD9XW
 GKQT9+3tZiDzIO4b9y/oJ0b+lgVIXxN23z/Ki6+wcCC0erZEUAKObZYkUSfcCOmTq7RdgCmSf4zTJczK6Y/ma8pdfBSnn1Mj
 GKQT9+3tZiDzIO4b9y/oJ0b+lgVIXxN23z/Ki6+wcCC0erZEUAKObSbvYlQE0pmHu66fNn52wKF2FHkXhlFdkP70JJaNPL9T
 GKQT9+3tZiDzIO4b9y/oJ0b+lgVIXxN23z/Ki6+wcCC0erZEUAKObSbvYlQE0pmHu66fNn52wKF2FHkXhlFdkP70JJaNPL9T
 GKQT9+3tZiDzIO4b9y/oJ0b+lgVIXxN23z/Ki6+wcCC0erZEUAKObRajYVCxQXTHsbhCq9gzbwuA48SQY/SP3kwNIvgbCbsa
 GKQT9+3tZiDzIO4b9y/oJ0b+lgVIXxN23z/Ki6+wcCC0erZEUAKObUgNhgOQQWlgV8AkWlf4uqpX6U1qO74WlSn+9T/aSmKm
 GKQT9+3tZiDzIO4b9y/oJ0b+lgVIXxN23z/Ki6+wcCC0erZEUAKObUgNhgOQQWlgV8AkWlf4uqpX6U1qO74WlSn+9T/aSmKm
 GKQT9+3tZiDzIO4b9y/oJ0b+lgVIXxN23z/Ki6+wcCC0erZEUAKObWGIsIFbHtB810R/o64l7kow5RB57nAmZu1q43FKhB+0
 GKQT9+3tZiDzIO4b9y/oJ0b+lgVIXxN23z/Ki6+wcCC0erZEUAKObQWDzvPzRPuj24frYU3N3+nMcEqgBIE0UznEbTZeODKn
 GKQT9+3tZiDzIO4b9y/oJ0b+lgVIXxN23z/Ki6+wcCC0erZEUAKObQWDzvPzRPuj24frYU3N3+nMcEqgBIE0UznEbTZeODKn
 GKQT9+3tZiDzIO4b9y/oJ0b+lgVIXxN23z/Ki6+wcCC0erZEUAKObfzcv60PLQaFhkztWUPpYSUkLYrS5O6xyL3et6tPMXIP
 GKQT9+3tZiDzIO4b9y/oJ0b+lgVIXxN23z/Ki6+wcCAx3KdbyvsivQXVaM6i5qUsESmopsduljTOA4bXN6zNQzfZwu2veGm/
 GKQT9+3tZiDzIO4b9y/oJ0b+lgVIXxN23z/Ki6+wcCAx3KdbyvsivX4vYl6Vk/bKMq8KmOzTfLRRJNBZ/cDjvOUDtE+9Wbrm
 GKQT9+3tZiDzIO4b9y/oJ0b+lgVIXxN23z/Ki6+wcCAx3KdbyvsivX4vYl6Vk/bKMq8KmOzTfLRRJNBZ/cDjvOUDtE+9Wbrm
 GKQT9+3tZiDzIO4b9y/oJ0b+lgVIXxN23z/Ki6+wcCAx3KdbyvsivbzPLzkOl9YcZe/GLlxbEefecj0SFrAVABot2N8zwjTL
 GKQT9+3tZiDzIO4b9y/oJ0b+lgVIXxN23z/Ki6+wcCAx3Kdbyvsivbji75EK9RLLIegBVg2LfzawKqH3Rx5sZbkKX1eK6o3P
 GKQT9+3tZiDzIO4b9y/oJ0b+lgVIXxN23z/Ki6+wcCAx3Kdbyvsivbji75EK9RLLIegBVg2LfzawKqH3Rx5sZbkKX1eK6o3P
 GKQT9+3tZiDzIO4b9y/oJ0b+lgVIXxN23z/Ki6+wcCAx3KdbyvsivZmYTmg9mXJY6bFcwpuAxzbDBcN/kE/00lMNSSi/FQ80
 GKQT9+3tZiDzIO4b9y/oJ0b+lgVIXxN23z/Ki6+wcCAx3KdbyvsivQIs250Ltok5GYIJHWNzx7qctBvGHWLjlAhrw7iON7jP
 GKQT9+3tZiDzIO4b9y/oJ0b+lgVIXxN23z/Ki6+wcCAx3KdbyvsivQIs250Ltok5GYIJHWNzx7qctBvGHWLjlAhrw7iON7jP
 GKQT9+3tZiDzIO4b9y/oJ0b+lgVIXxN23z/Ki6+wcCAx3KdbyvsivUndsQySNNluuhW0/lrBeJ6F6Pn5xA/vx2KKIfm5Smwf
 GKQT9+3tZiDzIO4b9y/oJ0b+lgVIXxN23z/Ki6+wcCAx3Kdbyvsivc5GlUhIPfOhqS5sEJdCWjsjGnftDhoiUlORKdou3Zry
 GKQT9+3tZiDzIO4b9y/oJ0b+lgVIXxN23z/Ki6+wcCAx3Kdbyvsivc5GlUhIPfOhqS5sEJdCWjsjGnftDhoiUlORKdou3Zry
 GKQT9+3tZiDzIO4b9y/oJ0b+lgVIXxN23z/Ki6+wcCAx3KdbyvsivVPO75aBztz+r9v+u/AyWPo5LR49bcO0h7EoVu7no7Uo
 GKQT9+3tZiDzIO4b9y/oJ0b+lgVIXxN23z/Ki6+wcCAx3KdbyvsivWFbZ4rtNNMer4mtv2IKuIA9A3DT5HFkFZkPvdvcrj68
 GKQT9+3tZiDzIO4b9y/oJ0b+lgVIXxN23z/Ki6+wcCAx3KdbyvsivWFbZ4rtNNMer4mtv2IKuIA9A3DT5HFkFZkPvdvcrj68
 GKQT9+3tZiDzIO4b9y/oJ0b+lgVIXxN23z/Ki6+wcCDmR0lh2TGOJBrG01m9JxpacKxnHRFSiLruweLrdEaH9VCHPUIbqe4r
 GKQT9+3tZiDzIO4b9y/oJ0b+lgVIXxN23z/Ki6+wcCD2QQq3uCoPgW68zoYyDSAu1Cjt/M/wX4JiP/n6ZPnKgV2QWwwqHWMZ
 GKQT9+3tZiDzIO4b9y/oJ0b+lgVIXxN23z/Ki6+wcCD2QQq3uCoPgW68zoYyDSAu1Cjt/M/wX4JiP/n6ZPnKgV2QWwwqHWMZ
 GKQT9+3tZiDzIO4b9y/oJ0b+lgVIXxN23z/Ki6+wcCD2QQq3uCoPgbim5ArwKdNLs3LITqk3d+BncWCN5PipSLEznRboJKh3
 GKQT9+3tZiDzIO4b9y/oJ0b+lgVIXxN23z/Ki6+wcCD2QQq3uCoPgUW/w1LfQNvve3zzRdwYK3JISMe2vZY3Y6LHWH2aMwXM
 GKQT9+3tZiDzIO4b9y/oJ0b+lgVIXxN23z/Ki6+wcCD2QQq3uCoPgUW/w1LfQNvve3zzRdwYK3JISMe2vZY3Y6LHWH2aMwXM
 GKQT9+3tZiDzIO4b9y/oJ0b+lgVIXxN23z/Ki6+wcCD2QQq3uCoPgeFhQ/IBCIJfbT0aSTgbRg5+nyJY8epZvEo3/7WlFdi5
 GKQT9+3tZiDzIO4b9y/oJ0b+lgVIXxN23z/Ki6+wcCD2QQq3uCoPgZrvoigCL+aChsNWGobMTbL4QB/vFlwMAiA21DtNCFB4
 GKQT9+3tZiDzIO4b9y/oJ0b+lgVIXxN23z/Ki6+wcCD2QQq3uCoPge4STY4nhjiszdVrfy86+mfuAqB752qKZoUjTAzEuqDT
 GKQT9+3tZiDzIO4b9y/oJ0b+lgVIXxN23z/Ki6+wcCCpFDI5Fw6PhVAXXzTWwCN31ShVGG4KJeyECKfJNOJ48oZgWTuM1Q0U
 GKQT9+3tZiDzIO4b9y/oJ0b+lgVIXxN23z/Ki6+wcCCpFDI5Fw6PhVAXXzTWwCN31ShVGG4KJeyECKfJNOJ48oZgWTuM1Q0U
 GKQT9+3tZiDzIO4b9y/oJ0b+lgVIXxN23z/Ki6+wcCCpFDI5Fw6PhU21e8WDJxpiXPMmd4DiUTKe8dfr9vHKohgDB4dIPHuU
 GKQT9+3tZiDzIO4b9y/oJ0b+lgVIXxN23z/Ki6+wcCCpFDI5Fw6Phf+E0B5MEWo0TVewSVnwwVjSgl/R0vnL4J3YczBzHHDS
 GKQT9+3tZiDzIO4b9y/oJ0b+lgVIXxN23z/Ki6+wcCCpFDI5Fw6PhamhSNqqciO9R+IfUkaz6lY0CvVTMqLwI8FRO4McVev7
 GKQT9+3tZiDzIO4b9y/oJ0b+lgVIXxN23z/Ki6+wcCCpFDI5Fw6PhamhSNqqciO9R+IfUkaz6lY0CvVTMqLwI8FRO4McVev7
 GKQT9+3tZiDzIO4b9y/oJ0b+lgVIXxN22gVqQstNWbEOHvzp82zO3EP8YrSW44cjuExs4AA2ecoxFOpITy99GpnF2vIY0/qK
 GKQT9+3tZiDzIO4b9y/oJ0b+lgVIXxN22gVqQstNWbEOHvzp82zO3EP8YrSW44cjuExs4AA2ecoxFOpITy99GpnF2vIY0/qK
 GKQT9+3tZiDzIO4b9y/oJ0b+lgVIXxN22gVqQstNWbEOHvzp82zO3EP8YrSW44cjuExs4AA2ecoxFOpITy99GpnF2vIY0/qK
 GKQT9+3tZiDzIO4b9y/oJ0b+lgVIXxN22gVqQstNWbEOHvzp82zO3E5F8+/7FAfV/AwzSXtSyFYMmh4Tz8yamNDi+duZ1LIC
 GKQT9+3tZiDzIO4b9y/oJ0b+lgVIXxN22gVqQstNWbEOHvzp82zO3E5F8+/7FAfV/AwzSXtSyFYMmh4Tz8yamNDi+duZ1LIC
 GKQT9+3tZiDzIO4b9y/oJ0b+lgVIXxN22gVqQstNWbEOHvzp82zO3E5F8+/7FAfV/AwzSXtSyFYMmh4Tz8yamNDi+duZ1LIC
 GKQT9+3tZiDzIO4b9y/oJ0b+lgVIXxN22gVqQstNWbEOHvzp82zO3E5F8+/7FAfV/AwzSXtSyFYMmh4Tz8yamNDi+duZ1LIC
 GKQT9+3tZiDzIO4b9y/oJ0b+lgVIXxN22gVqQstNWbEOHvzp82zO3E5F8+/7FAfV/AwzSXtSyFYMmh4Tz8yamNDi+duZ1LIC
 GKQT9+3tZiDzIO4b9y/oJ0b+lgVIXxN22gVqQstNWbEOHvzp82zO3EtmYdhlWuk/pHNqTvFxeIo+bAwnARbObwjxlqaMmNSZ
 GKQT9+3tZiDzIO4b9y/oJ0b+lgVIXxN22gVqQstNWbEOHvzp82zO3EtmYdhlWuk/pHNqTvFxeIo+bAwnARbObwjxlqaMmNSZ
 GKQT9+3tZiDzIO4b9y/oJ0b+lgVIXxN22gVqQstNWbEOHvzp82zO3EtmYdhlWuk/pHNqTvFxeIo+bAwnARbObwjxlqaMmNSZ
 GKQT9+3tZiDzIO4b9y/oJ0b+lgVIXxN22gVqQstNWbEOHvzp82zO3EtmYdhlWuk/pHNqTvFxeIo+bAwnARbObwjxlqaMmNSZ
 GKQT9+3tZiDzIO4b9y/oJ0b+lgVIXxN22gVqQstNWbEOHvzp82zO3EtmYdhlWuk/pHNqTvFxeIo+bAwnARbObwjxlqaMmNSZ
 GKQT9+3tZiDzIO4b9y/oJ0b+lgVIXxN22gVqQstNWbEOHvzp82zO3BVzAdQGHvSF20vfvOFmPng3fATk/OBSXbhM2Q/PIhrI
 GKQT9+3tZiDzIO4b9y/oJ0b+lgVIXxN22gVqQstNWbEOHvzp82zO3BVzAdQGHvSF20vfvOFmPng3fATk/OBSXbhM2Q/PIhrI
 GKQT9+3tZiDzIO4b9y/oJ0b+lgVIXxN22gVqQstNWbEOHvzp82zO3OYft3AhUBbVKjEJpPiL/t7F+T4m+3gESYePlB48wzaA
 GKQT9+3tZiDzIO4b9y/oJ0b+lgVIXxN22gVqQstNWbEOHvzp82zO3OvfWeJNKgJCtKt7dQtsume9iWDW2A6RLoosEC9wRE/w
 GKQT9+3tZiDzIO4b9y/oJ0b+lgVIXxN22gVqQstNWbEOHvzp82zO3OvfWeJNKgJCtKt7dQtsume9iWDW2A6RLoosEC9wRE/w
 GKQT9+3tZiDzIO4b9y/oJ0b+lgVIXxN22gVqQstNWbEOHvzp82zO3ERVfjRqDPGzzOhf7y/yDNygnjSOsNKdFFJ/Uv49qBdf
 GKQT9+3tZiDzIO4b9y/oJ0b+lgVIXxN22gVqQstNWbEOHvzp82zO3L65K8uPVSxiGs+HKWuBGuUcZeLcGt0+sHhBH1zVU61P
 GKQT9+3tZiDzIO4b9y/oJ0b+lgVIXxN22gVqQstNWbEOHvzp82zO3L65K8uPVSxiGs+HKWuBGuUcZeLcGt0+sHhBH1zVU61P
 GKQT9+3tZiDzIO4b9y/oJ0b+lgVIXxN22gVqQstNWbEOHvzp82zO3GKxczwOBn79GIX+i9eWrruxw5vuY8dmAqOLTzOrZ6m3
 GKQT9+3tZiDzIO4b9y/oJ0b+lgVIXxN22gVqQstNWbHji3duXVkDYD9Ss/fU1w4bHEEb8zWLV4KbdHEmMIuTyn8Zpfa8w2pC
 GKQT9+3tZiDzIO4b9y/oJ0b+lgVIXxN22gVqQstNWbHji3duXVkDYD9Ss/fU1w4bHEEb8zWLV4KbdHEmMIuTyn8Zpfa8w2pC
 GKQT9+3tZiDzIO4b9y/oJ0b+lgVIXxN22gVqQstNWbHji3duXVkDYFp0c8gjjsekvx+4gqrLSH9w0WOZSH8RwImeSa6VR+LY
 GKQT9+3tZiDzIO4b9y/oJ0b+lgVIXxN22gVqQstNWbHji3duXVkDYGQOpGHMBot9+X31mZeTH5edqKHMspr92Ogdo407fb5Y
 GKQT9+3tZiDzIO4b9y/oJ0b+lgVIXxN22gVqQstNWbHji3duXVkDYGQOpGHMBot9+X31mZeTH5edqKHMspr92Ogdo407fb5Y
 GKQT9+3tZiDzIO4b9y/oJ0b+lgVIXxN22gVqQstNWbHji3duXVkDYMSYNaDQ5Y7hbpLyjlTYrMCxvOBIr5JKK7DwSLU4Xm8m
 GKQT9+3tZiDzIO4b9y/oJ0b+lgVIXxN22gVqQstNWbHji3duXVkDYELCxjGSmRTx+I/bMBhjqH6TfwjyU9yad9PmTEb4uqTc
 GKQT9+3tZiDzIO4b9y/oJ0b+lgVIXxN22gVqQstNWbHji3duXVkDYELCxjGSmRTx+I/bMBhjqH6TfwjyU9yad9PmTEb4uqTc
 GKQT9+3tZiDzIO4b9y/oJ0b+lgVIXxN22gVqQstNWbHji3duXVkDYLUE0sesKkYolMIOz5sE5uhYTLU6b0hs0ROnOXFmIwp2
 GKQT9+3tZiDzIO4b9y/oJ0b+lgVIXxN22gVqQstNWbHji3duXVkDYOfPwiU0PcKq+CBGoosnreHaemc8r4CQXsP2olNaFHxM
 GKQT9+3tZiDzIO4b9y/oJ0b+lgVIXxN22gVqQstNWbHji3duXVkDYOfPwiU0PcKq+CBGoosnreHaemc8r4CQXsP2olNaFHxM
 GKQT9+3tZiDzIO4b9y/oJ0b+lgVIXxN22gVqQstNWbHji3duXVkDYIo2HoTnq0ymhsdpWfTKjffJnkM68c4/s3KRj00GaMf7
 GKQT9+3tZiDzIO4b9y/oJ0b+lgVIXxN22gVqQstNWbHji3duXVkDYLHEMvGfjimjmj859kc8s5Cr356S/nnFC4VSe+LuW/XF
 GKQT9+3tZiDzIO4b9y/oJ0b+lgVIXxN22gVqQstNWbHji3duXVkDYHOny6QYoM657jZ4sby4B6j0uCTdrhKSysQkyinE8o8e
 GKQT9+3tZiDzIO4b9y/oJ0b+lgVIXxN22gVqQstNWbHji3duXVkDYHOny6QYoM657jZ4sby4B6j0uCTdrhKSysQkyinE8o8e
 GKQT9+3tZiDzIO4b9y/oJ0b+lgVIXxN22gVqQstNWbHsCXtY/U39nVQqMQifu4gaU2GLqn1HMdwxeHZKjqzs2GmL6wobRYGg
 GKQT9+3tZiDzIO4b9y/oJ0b+lgVIXxN22gVqQstNWbHsCXtY/U39nQG90bNBAk7V8bhkiSYQhfLVEkcxnEyIo5defHoFG1us
 GKQT9+3tZiDzIO4b9y/oJ0b+lgVIXxN22gVqQstNWbHsCXtY/U39nQG90bNBAk7V8bhkiSYQhfLVEkcxnEyIo5defHoFG1us
