 GKQT9+3tZiDzIO4b9y/oJwaIzfy+oBsKxVbw+s6E+bDzr04Ez6hSyjDD/4giowIiBgtJ5cwmNqTkZ8oVv5YItcM+q8GfHUfyti1EK6Tnom4=
 GKQT9+3tZiDzIO4b9y/oJwaIzfy+oBsKxVbw+s6E+bDzr04Ez6hSyjDD/4giowIiBgtJ5cwmNqTkZ8oVv5YItdFOjr6wQKQKOK0KUgVRlM7kyC+JwGy6bw==
 GKQT9+3tZiDzIO4b9y/oJwaIzfy+oBsKxVbw+s6E+bCk1DTsSkJ7pnsJEKNJmXdyKXPY7lIKIjiS9V+0DDZ6k5+CLoHGFDPW4uwDln5FfiE=
 GKQT9+3tZiDzIO4b9y/oJwaIzfy+oBsKxVbw+s6E+bCk1DTsSkJ7pnsJEKNJmXdyKXPY7lIKIjiS9V+0DDZ6kx83ch+f8a16iN+O9ytbYnQpjw8Fg9AGSg==
 GKQT9+3tZiDzIO4b9y/oJwaIzfy+oBsKxVbw+s6E+bBRifBsdQczJbOQ+tcHv+nkxaZLpfR3lQWnj78KTs79sfQAid/QUHTKvs5G8j2kHuE=
 GKQT9+3tZiDzIO4b9y/oJwaIzfy+oBsKxVbw+s6E+bBRifBsdQczJbOQ+tcHv+nkxaZLpfR3lQWnj78KTs79scfBK5ZVMFkyN6LJVoa3Y6MKxf5gP2b0qQ==
 GKQT9+3tZiDzIO4b9y/oJwaIzfy+oBsKxVbw+s6E+bBrU7cdpsE+clAD9tNs/ofVSQRb4xyUkaMcjgnr0U86Tmab2cQlnyH+K6nHMEZlJMU=
 GKQT9+3tZiDzIO4b9y/oJwaIzfy+oBsKxVbw+s6E+bBrU7cdpsE+clAD9tNs/ofVSQRb4xyUkaMcjgnr0U86TrAJKnzY8Yl4/EiR/bQJFKy34QMTWSn4fw==
 GKQT9+3tZiDzIO4b9y/oJwaIzfy+oBsKxVbw+s6E+bCMT7gkxVHbY5Yne0eIGWzM8D8gUfcthtEaX0DyYp4tGWVhl1pQg0YJovZ0pgUHo8E=
 GKQT9+3tZiDzIO4b9y/oJwaIzfy+oBsKxVbw+s6E+bCMT7gkxVHbY5Yne0eIGWzM8D8gUfcthtEaX0DyYp4tGRLFk3P1Po1keqDRNOiFR60PCj/OZwB+7g==
 GKQT9+3tZiDzIO4b9y/oJwaIzfy+oBsKxVbw+s6E+bCczN4a2DSsfP13F8bXuVKMLgbmsMOQcRGHmi/T2woNZ+JUrx1/FqYn+nnfJ/KSJxg=
 GKQT9+3tZiDzIO4b9y/oJwaIzfy+oBsKxVbw+s6E+bCczN4a2DSsfP13F8bXuVKMLgbmsMOQcRGHmi/T2woNZ8i7NFu9vA996OuzTqtkBLri34E/YuAafA==
 GKQT9+3tZiDzIO4b9y/oJwaIzfy+oBsKxVbw+s6E+bCYAQag66XHrViN8FjN9edxVO2Nq2VHQ+xi8fdGOiEWCUQ2M+uzITyKzrxV9tpko+M=
 GKQT9+3tZiDzIO4b9y/oJwaIzfy+oBsKxVbw+s6E+bCYAQag66XHrViN8FjN9edxVO2Nq2VHQ+xi8fdGOiEWCbdiOyfGkNGSsFjoOifXGAVtgsWMideDIg==
 GKQT9+3tZiDzIO4b9y/oJwaIzfy+oBsKxVbw+s6E+bCl5EOOlVdg35jOitT1eo0NTc3dJNbHAEdtAglwbD21hS90CO+T3yOi9tRT99diINc=
 GKQT9+3tZiDzIO4b9y/oJwaIzfy+oBsKxVbw+s6E+bCl5EOOlVdg35jOitT1eo0NTc3dJNbHAEdtAglwbD21hQ3+yX4ukh3/kUd2O+5vRII6btJpoo1UPQ==
 GKQT9+3tZiDzIO4b9y/oJwaIzfy+oBsKfWhLrBXH8M/4qOXMPQBntWOXdMGqDYe2DvWlsCERzsq6I1PmO+eNX6rkqCjl0gZpMai0crzmCQU=
 GKQT9+3tZiDzIO4b9y/oJwaIzfy+oBsKfWhLrBXH8M/4qOXMPQBntWOXdMGqDYe2DvWlsCERzsq6I1PmO+eNX/caVVFQcdAufy6JOJccyYUof++KwINyBA==
 GKQT9+3tZiDzIO4b9y/oJwaIzfy+oBsKfWhLrBXH8M/YZ70lZpAKr2YC3SFLpVQOHmu6vMwBdY47TGVd8PNYyuun8fI/IWcMZPrxFLZewUQ=
 GKQT9+3tZiDzIO4b9y/oJwaIzfy+oBsKfWhLrBXH8M/YZ70lZpAKr2YC3SFLpVQOHmu6vMwBdY47TGVd8PNYysJ8KBSYxtZ3uatEo0aodVXa+RKw+XweIQ==
 GKQT9+3tZiDzIO4b9y/oJwaIzfy+oBsKfWhLrBXH8M9EBDl+6I0NS+jQB0XloEcsTwH+O0CDaXsVvkCYjQ082e6aMQx2TFiZ7GC0XapdX/A=
 GKQT9+3tZiDzIO4b9y/oJwaIzfy+oBsKfWhLrBXH8M9EBDl+6I0NS+jQB0XloEcsTwH+O0CDaXsVvkCYjQ082dB4gqUEMarDdZOzoWXzyFFcmPli9gETaA==
 GKQT9+3tZiDzIO4b9y/oJwaIzfy+oBsKfWhLrBXH8M+Ww3qWC0gkYfwz1t2TfOFmIsJcjwb2I1wSvy2PCAAB+K6w0pIVrWZKIwuKCd69tWI=
 GKQT9+3tZiDzIO4b9y/oJwaIzfy+oBsKfWhLrBXH8M+Ww3qWC0gkYfwz1t2TfOFmIsJcjwb2I1wSvy2PCAAB+IiRERvCgisbrODhiLKQCDULl0wgzPMbxA==
 GKQT9+3tZiDzIO4b9y/oJwaIzfy+oBsKfWhLrBXH8M/60fTR+LWsjW0VrLFtFtcsZ9UOQG97RXszmwC59eubZwmRgFedOhl5W/Gli6Hf+SE=
 GKQT9+3tZiDzIO4b9y/oJwaIzfy+oBsKfWhLrBXH8M/60fTR+LWsjW0VrLFtFtcsZ9UOQG97RXszmwC59eubZy5Vg87FQtXbWIyKMPw/E4AT8Y34Z/k7TA==
 GKQT9+3tZiDzIO4b9y/oJwaIzfy+oBsKfWhLrBXH8M8YzyUkkHA5oObcF2EtI4DlOllfYayH+3Egz3T46gdGfSiflkhDfCyIsy/Fpt2pMM4=
 GKQT9+3tZiDzIO4b9y/oJwaIzfy+oBsKfWhLrBXH8M8YzyUkkHA5oObcF2EtI4DlOllfYayH+3Egz3T46gdGfeiKmRjyyg4TkJSybaCV2rvB+28FSb+ReQ==
 GKQT9+3tZiDzIO4b9y/oJwaIzfy+oBsKfWhLrBXH8M9oNHHkrL5mIRBee17sBMid51UtAqZRC9w0qq4ISupJzz5p8G3ExcwAWzqrULM8lsA=
 GKQT9+3tZiDzIO4b9y/oJwaIzfy+oBsKfWhLrBXH8M9oNHHkrL5mIRBee17sBMid51UtAqZRC9w0qq4ISupJz6RqwjFy2kJG0qjRwbIib26EFkfNyuIYtg==
 GKQT9+3tZiDzIO4b9y/oJwaIzfy+oBsKfWhLrBXH8M+VCYL2rADj7AZGPBm7Aa7nLqQFv01dX1zzn84imJn8NdsKSZyyJ+lKEK7ASjVw7mA=
 GKQT9+3tZiDzIO4b9y/oJwaIzfy+oBsKfWhLrBXH8M+VCYL2rADj7AZGPBm7Aa7nLqQFv01dX1zzn84imJn8NQGR7a4TKG9KQcN6b6AsmgylFp3DuPbDNw==
 GKQT9+3tZiDzIO4b9y/oJwaIzfy+oBsKfWhLrBXH8M/xPw5UDMGbsPGjrPs8k7B5piVz7A2zYbADGc+zoc7HzVNuWgYFJwTSu12M+NQw7jo=
 GKQT9+3tZiDzIO4b9y/oJwaIzfy+oBsKfWhLrBXH8M/xPw5UDMGbsPGjrPs8k7B5piVz7A2zYbADGc+zoc7HzWMVH40HKUTYIlFR0d4ETOOzug1bdUgE7g==
