 GKQT9+3tZiDzIO4b9y/oJ8bIP/8bWMFNKET9CQ6VIDYSiHwfE/W9qELPvrL+j18+0K7flKlZ7WISOc+bzwo8zzxVk0wQ+62aLVMoGYSV6yY=
 GKQT9+3tZiDzIO4b9y/oJ8bIP/8bWMFNKET9CQ6VIDYSiHwfE/W9qELPvrL+j18+0K7flKlZ7WISOc+bzwo8zx8N/nC56iuWxiEsFBMOFoPfYHuO5ITiLQ==
 GKQT9+3tZiDzIO4b9y/oJ8bIP/8bWMFNKET9CQ6VIDZpo+KrLq2Q0LK//NLnfMB0patkDD4s1uIp0vp+tdT6GsM35pvhLHd/Re/O8y2I/Yu4zPS5HrpBhw==
 GKQT9+3tZiDzIO4b9y/oJ8bIP/8bWMFNKET9CQ6VIDaQMdy3LT6Oa3K5b1H9O4S+SLrtieD0rpqT7SXxZfu9Nv2fg+OLWzN23GJlpqvvHY5myp07NS0GTg==
 GKQT9+3tZiDzIO4b9y/oJ8bIP/8bWMFNR430f/rGVVFrhbjYYiL7f9QfaRue49HN1NC8znE7w3U3H5hBJBlfjqiMk2mo5IGgHGAKlSiSQ5HbqnM8WjolEA==
 GKQT9+3tZiDzIO4b9y/oJ8bIP/8bWMFNR430f/rGVVF6ij88uYViwfBdN//8qK5c69vNAmiJS53Vg6PcnJC0+dbkGYOe9oG/yF+HphwKZYig+AG1jyKqjg==
 GKQT9+3tZiDzIO4b9y/oJ8bIP/8bWMFN6v0zU4UhhLp5Wp5uU6bc+B/dcpkIU0BPj8jNnr16yKWBtS/VTXDHv5lQ1TMQ54i4NchVIpqsng5r+gJvWLFDng==
 GKQT9+3tZiDzIO4b9y/oJ8bIP/8bWMFN6v0zU4UhhLr5acGvJU18z4AF+mX8h0DPdSs/jipZJGe0eJ8UEVP9K13Wv0yTaG229bswqHh+XyQWXYS8tdPx7Q==
 GKQT9+3tZiDzIO4b9y/oJ8bIP/8bWMFN6v0zU4UhhLooZxDcPFjLrgWvaWV62tzA35qKoNe88duPkek3y9krDq5oOmLGJY0MbesCZBcQKjX891JyeOqWxg==
 GKQT9+3tZiDzIO4b9y/oJ8bIP/8bWMFN6v0zU4UhhLo71n3CjO8MSiXmo4p7zTmA49SSPf4tq/tUKhq+oagc+2svPlZbYyea6buq3+zZYJ2ZW2HaRl1utvBplUerbTrI7gsUB0rdnuF6cS+4dUdzFg==
 GKQT9+3tZiDzIO4b9y/oJ8bIP/8bWMFNm+fZs2MZ6kCEz67CT+fZvQd8xQHuSbBafF+5s1v/26IWygUISIk2Ejhn5w/NENz9JgFfMWURfFbTLUyr59i7vA==
 GKQT9+3tZiDzIO4b9y/oJ8bIP/8bWMFNm+fZs2MZ6kCaHZyk+N0n3rkwRGyB7ph6rndkmF33VtSBYhQMYOW+OmiMKmnrDEH04IVrr30ewLyCiPx4TI+wGg==
 GKQT9+3tZiDzIO4b9y/oJ8bIP/8bWMFNm+fZs2MZ6kDJQLPmBn0JqB3N850dKvVN8BjWSnd6cOvQkOuovhOVRqxZICpcPXwRfm//oojwlMV+Bla1xMMXkQ==
 GKQT9+3tZiDzIO4b9y/oJ8bIP/8bWMFNm+fZs2MZ6kDJQLPmBn0JqJrKOIbqJkRrT5+G3hSS+WauBMkrLcBoe/MwYUQS5qnzpwTzdv5TsmM2JhrfEAfv4N9BlN5UDNEI4hA/zdA8ujMb4DoRQDeMlw==
 GKQT9+3tZiDzIO4b9y/oJ8bIP/8bWMFNm+fZs2MZ6kAj2aGnoPmSiaeq/RLcduGzRf2yFyGBk0t0PI1Y528eq3p2ifG6/GIftUrTXtPie5+ufPzGPGTJCw==
 GKQT9+3tZiDzIO4b9y/oJ8bIP/8bWMFNm+fZs2MZ6kC/QFQnjwgIteXJdQml2CPitdU5P+1uE7tkE1VadYer/kfcZn2jZvzvqpA3BgxQhnFduSoadT671Q==
 GKQT9+3tZiDzIO4b9y/oJ8bIP/8bWMFNm+fZs2MZ6kAFHUotfwplbLkzbTnMD5GHFN57y6RlYgYlv21qqzJoRrBVyOhTDdXoAhUepvIzeoZzKrjXnoDEsQ==
 GKQT9+3tZiDzIO4b9y/oJ8bIP/8bWMFNm+fZs2MZ6kCwCXEyRXnarpa6IfIcup7sOn57KbQAomVUK9eF/JieKFL0TW5sdkfZcASBiH3qZZPuCaQHKLVpUg==
 GKQT9+3tZiDzIO4b9y/oJ8bIP/8bWMFNWmxpSL6a5q/1WEHasroE/7YNWONJ2cqvBpQ49r20VwJO3PV3QsKpR7AkmB55RkoBarwgQPWOlgTjBFjDomDnAw==
 GKQT9+3tZiDzIO4b9y/oJ8bIP/8bWMFNWmxpSL6a5q+89w9cNWputervboRFYQJStI/Pn/+UjmcGMN1BaKbcN065IhdS/qAZELcxBf4WnMDDiHlEhhfuQav1tLFZt3rvdDu87jkxCiE=
 GKQT9+3tZiDzIO4b9y/oJ8bIP/8bWMFNWmxpSL6a5q+DiKC8Q9yJVUEOYZhp/Niem+bege1beGMGDzbbnODS93Ry4593VZsZT6GxA+OehOuD+vo0Q8Lmfw==
 GKQT9+3tZiDzIO4b9y/oJ8bIP/8bWMFNWmxpSL6a5q8vjTw/R0N+p50kHSQoX+tc6fIVG4AsWdSwl6uBYZlx3pJm0PmdBXlYrBDbiJuDrEwqTjJD+ccWvg==
 GKQT9+3tZiDzIO4b9y/oJ8bIP/8bWMFNWmxpSL6a5q/Rg6vzHQnMI5mBny6tPzeCfp6i2lfhtjcZFx1otLpMk4iFskezr4CN5P/cBn9zDiB7pmK18TANtA==
 GKQT9+3tZiDzIO4b9y/oJ8bIP/8bWMFNWmxpSL6a5q+DF0adym1pxa2TP4zXSUIvSj4VXN3Vag2df9dtGOqO0xIsjeGlG/XUiMvckl0zCXbLouO2NCXsIw==
