 GKQT9+3tZiDzIO4b9y/oJ8Ne3IRmeFcHEXe2nLsxXt7gluAZkOgOUusgZsJ40vOkwCo3BwWULJnVpjYCjYxyCbzRYWoGY+ohTw7g39c4uxb8aFrcpvTUJA==
 GKQT9+3tZiDzIO4b9y/oJ8Ne3IRmeFcHEXe2nLsxXt7gluAZkOgOUusgZsJ40vOkwCo3BwWULJnVpjYCjYxyCbzRYWoGY+ohSZ7c0g0/a7BMuiWPfyT7BUMgpIZe/L6i
 GKQT9+3tZiDzIO4b9y/oJ8Ne3IRmeFcHEXe2nLsxXt6cW6l64QxIT0LHFcFrj1szLlznHTQdbZmYcx41vlkKd0H91wBXLYBdwmLAMC8020mea9qYnS92Lg==
 GKQT9+3tZiDzIO4b9y/oJ8Ne3IRmeFcHEXe2nLsxXt6cW6l64QxIT0LHFcFrj1szLlznHTQdbZmYcx41vlkKd0H91wBXLYBd/jP5S2rP5/3f9nxYo/RUZUeJw9zDoAGN
 GKQT9+3tZiDzIO4b9y/oJ8Ne3IRmeFcHEXe2nLsxXt6C0kQZX2RNrOpe1cFXwZAtexT1parbH938w8EKZCYMfWMEbJExyEecMgwQp1TYfGGrkIlqpoZjsw==
 GKQT9+3tZiDzIO4b9y/oJ8Ne3IRmeFcHEXe2nLsxXt6C0kQZX2RNrOpe1cFXwZAtexT1parbH938w8EKZCYMfWMEbJExyEec86pHpm2wwWHoY3i6lvwqeDOTh8MFmzLz
 GKQT9+3tZiDzIO4b9y/oJ8Ne3IRmeFcHEXe2nLsxXt5M5TQ4irmmHAZm471lxxAzL3APUGMVLQw/9+gRcM2w4o41DSZtsQkN6D7O5kXwEEk=
 GKQT9+3tZiDzIO4b9y/oJ8Ne3IRmeFcHEXe2nLsxXt5M5TQ4irmmHAZm471lxxAzL3APUGMVLQw/9+gRcM2w4o41DSZtsQkN6D7O5kXwEEk=
 GKQT9+3tZiDzIO4b9y/oJ8Ne3IRmeFcHEXe2nLsxXt5M5TQ4irmmHL1ixAdoi4BHfAkdmLHIxrNTrggEugzppPYVTQAU2dY5qXOGDwJRYiA=
 GKQT9+3tZiDzIO4b9y/oJ8Ne3IRmeFcHEXe2nLsxXt5M5TQ4irmmHL1ixAdoi4BHfAkdmLHIxrNTrggEugzppPYVTQAU2dY5qXOGDwJRYiA=
 GKQT9+3tZiDzIO4b9y/oJ8Ne3IRmeFcHEXe2nLsxXt5M5TQ4irmmHL1ixAdoi4BHfAkdmLHIxrNTrggEugzppPYVTQAU2dY5qXOGDwJRYiA=
 GKQT9+3tZiDzIO4b9y/oJ8Ne3IRmeFcHEXe2nLsxXt5M5TQ4irmmHL1ixAdoi4BHfAkdmLHIxrNTrggEugzppPYVTQAU2dY5qXOGDwJRYiA=
 GKQT9+3tZiDzIO4b9y/oJ8Ne3IRmeFcHEXe2nLsxXt5M5TQ4irmmHL1ixAdoi4BHfAkdmLHIxrNTrggEugzppPYVTQAU2dY5qXOGDwJRYiA=
 GKQT9+3tZiDzIO4b9y/oJ8Ne3IRmeFcHEXe2nLsxXt5M5TQ4irmmHGvI9TYuWLeM0R3WYXpikfVe0Err3E2ITdQUqDibp/gbKU1UyPslhXk=
 GKQT9+3tZiDzIO4b9y/oJ8Ne3IRmeFcHEXe2nLsxXt5M5TQ4irmmHGvI9TYuWLeM0R3WYXpikfVe0Err3E2ITdQUqDibp/gbKU1UyPslhXk=
 GKQT9+3tZiDzIO4b9y/oJ8Ne3IRmeFcHEXe2nLsxXt5M5TQ4irmmHGvI9TYuWLeM0R3WYXpikfVe0Err3E2ITdQUqDibp/gbKU1UyPslhXk=
 GKQT9+3tZiDzIO4b9y/oJ8Ne3IRmeFcHEXe2nLsxXt5M5TQ4irmmHGvI9TYuWLeM0R3WYXpikfVe0Err3E2ITdQUqDibp/gbKU1UyPslhXk=
 GKQT9+3tZiDzIO4b9y/oJ8Ne3IRmeFcHEXe2nLsxXt5M5TQ4irmmHGvI9TYuWLeM0R3WYXpikfVe0Err3E2ITdQUqDibp/gbKU1UyPslhXk=
 GKQT9+3tZiDzIO4b9y/oJ8Ne3IRmeFcHEXe2nLsxXt5M5TQ4irmmHNp7iTk7/kw5bTaw3ExX0vZOunVw8/ir5zn3Dn95IUG7RYRadWMKqTY=
 GKQT9+3tZiDzIO4b9y/oJ8Ne3IRmeFcHEXe2nLsxXt5M5TQ4irmmHNp7iTk7/kw5bTaw3ExX0vZOunVw8/ir5zn3Dn95IUG7RYRadWMKqTY=
 GKQT9+3tZiDzIO4b9y/oJ8Ne3IRmeFcHEXe2nLsxXt5M5TQ4irmmHNp7iTk7/kw5bTaw3ExX0vZOunVw8/ir5zn3Dn95IUG7RYRadWMKqTY=
 GKQT9+3tZiDzIO4b9y/oJ8Ne3IRmeFcHEXe2nLsxXt4JIoBURHNwEtrafFD5x44wdiYzapS8AU4E6Gr2sl6yJqrcY3EaLZF5hsWKdVKukUUPXZM7KLraZw==
 GKQT9+3tZiDzIO4b9y/oJ8Ne3IRmeFcHEXe2nLsxXt4JIoBURHNwEtrafFD5x44wdiYzapS8AU4E6Gr2sl6yJqrcY3EaLZF5pomk0uWX6j8Z8sLg8BKoWFk+se6CnbE2
 GKQT9+3tZiDzIO4b9y/oJ8Ne3IRmeFcHEXe2nLsxXt4JIoBURHNwEtrafFD5x44wdiYzapS8AU4AUNY1q+H+j3lWf6NZUyQ2cViEfGtt2bY=
 GKQT9+3tZiDzIO4b9y/oJ8Ne3IRmeFcHEXe2nLsxXt4JIoBURHNwEtDdmU+UulBKUx1F83VsAM6T5o9TJ/JAXCc2rzWezgG1LIgy6CNz5qI=
 GKQT9+3tZiDzIO4b9y/oJ8Ne3IRmeFcHEXe2nLsxXt4JIoBURHNwEv8IZwcXQUK19bwNZpmACumlU9Z/9Kqrb7K1pZYfWpfv2bzvuFykOXs=
 GKQT9+3tZiDzIO4b9y/oJ8Ne3IRmeFcHEXe2nLsxXt4JIoBURHNwEvySkpIpliUNIf3GoLLSaEfU8F5xtnyipq/wZ8gIBycp2y2+7B3MDRc=
 GKQT9+3tZiDzIO4b9y/oJ8Ne3IRmeFcHEXe2nLsxXt4JIoBURHNwEtJcFpKrO10vr2LVIAQVih7lu0oCFU5dGX8TdQyOubM4H1g9X1RXU4k=
 GKQT9+3tZiDzIO4b9y/oJ8Ne3IRmeFcHEXe2nLsxXt4JIoBURHNwEtJcFpKrO10vr2LVIAQVih7lu0oCFU5dGX8TdQyOubM4H1g9X1RXU4k=
 GKQT9+3tZiDzIO4b9y/oJ8Ne3IRmeFcHEXe2nLsxXt4JIoBURHNwEmkvSWejXHxomm4GBrOnFy7n/Umc6Ohma5n+RlO29BwjThDRI8kNNzM=
 GKQT9+3tZiDzIO4b9y/oJ8Ne3IRmeFcHEXe2nLsxXt4JIoBURHNwEnhR1lKLVqO9qLkKoy2MPqr2yhOrQaVUmwZO8soHrv67Za03gzGbY68=
 GKQT9+3tZiDzIO4b9y/oJ8Ne3IRmeFcHEXe2nLsxXt4JIoBURHNwEpAYto03QNYqIUcrx65DNKNGgIpHD7Bfvk+/zwKbxR1xRxOLhSFvZAo=
 GKQT9+3tZiDzIO4b9y/oJ8Ne3IRmeFcHEXe2nLsxXt4JIoBURHNwEtewI5gkfOa3tFyrqgEA+QCadSKgz190WWifIzN5v2n8SF3igQ+NiJI=
 GKQT9+3tZiDzIO4b9y/oJ8Ne3IRmeFcHEXe2nLsxXt4JIoBURHNwEo+3EMTYxCzqQmETBgVno+V87IGpbYVEHrQvzMN968zduE+siRfNwsA=
 GKQT9+3tZiDzIO4b9y/oJ8Ne3IRmeFcHEXe2nLsxXt4JIoBURHNwEo+3EMTYxCzqQmETBgVno+V87IGpbYVEHrQvzMN968zduE+siRfNwsA=
 GKQT9+3tZiDzIO4b9y/oJ8Ne3IRmeFcHEXe2nLsxXt6AIJ8s3Csxh3D8GrfjF1OvQFHoylEGn1hBSA5DiOgQAQWbeAMmKlUVls3wm9dYhVo=
 GKQT9+3tZiDzIO4b9y/oJ8Ne3IRmeFcHEXe2nLsxXt6AIJ8s3Csxh8G7kuK1jiZDFOoEd27rmUsU2b00Lf4xL4r2sjmGvyEpNHq//B74HfM=
 GKQT9+3tZiDzIO4b9y/oJ8Ne3IRmeFcHEXe2nLsxXt6AIJ8s3CsxhwKNkDJve6/m2Rcd07CCc8VqHm3FE8FrNjqhD5n5VZht5NdhOz8tI8U=
 GKQT9+3tZiDzIO4b9y/oJ8Ne3IRmeFcHEXe2nLsxXt6AIJ8s3Csxh8ueGR2+dJwZ1VofqAykjI0349qQ7HPrXUGFirS7g2nHEHK4P6d0EXU=
 GKQT9+3tZiDzIO4b9y/oJ8Ne3IRmeFcHEXe2nLsxXt6AIJ8s3Csxh8ueGR2+dJwZ1VofqAykjI0349qQ7HPrXUGFirS7g2nHEHK4P6d0EXU=
 GKQT9+3tZiDzIO4b9y/oJ8Ne3IRmeFcHEXe2nLsxXt6AIJ8s3Csxh+3eeiTiRQuQQKD5K9VEv90m0+K92ESZI5V3RV/hHrIkseItl/IeQ8M=
 GKQT9+3tZiDzIO4b9y/oJ8Ne3IRmeFcHEXe2nLsxXt6AIJ8s3Csxh4PVgpdGE8Nl8H1Li9nwcirc6SJ0BMDQbO0GZvNciP1Gx01TN5e6RU8=
 GKQT9+3tZiDzIO4b9y/oJ8Ne3IRmeFcHEXe2nLsxXt6AIJ8s3CsxhykDv8pNp+h6kLw5tbwcCYcYLB7DuoJ3bTY04mPND20vSQu42q+dMCk=
 GKQT9+3tZiDzIO4b9y/oJ8Ne3IRmeFcHEXe2nLsxXt6AIJ8s3Csxh0j1p6Kqz1JsysbGkYZT1pgtRIjr5fssQAUBBStyUo/dmRw8uHVDjTg=
 GKQT9+3tZiDzIO4b9y/oJ8Ne3IRmeFcHEXe2nLsxXt6AIJ8s3Csxh1iya6tGIkWPII3jDG2nPLtH6z5hH8zs49CjvlyVbR5bfjeiBqwxNOY=
 GKQT9+3tZiDzIO4b9y/oJ8Ne3IRmeFcHEXe2nLsxXt6AIJ8s3Csxh1iya6tGIkWPII3jDG2nPLtH6z5hH8zs49CjvlyVbR5bfjeiBqwxNOY=
 GKQT9+3tZiDzIO4b9y/oJ8Ne3IRmeFcHEXe2nLsxXt6AIJ8s3Csxh1dDSU4xJA2OxyHV7vVY2286MccY76KcfLgqQ7hajwJ7Z5kxtXAvGsw=
 GKQT9+3tZiDzIO4b9y/oJ8Ne3IRmeFcHEXe2nLsxXt5/XY7PYf44PT/3NWdIrf05YIWchEo1bzw7qVL+KYfhJqOYd+jTpWLKvwFtVZEXAVc=
 GKQT9+3tZiDzIO4b9y/oJ8Ne3IRmeFcHEXe2nLsxXt5/XY7PYf44PVhJ2WqQvy4xs04163CETkNpZdggYsOIeeXRleAZGJrkONWwzaQh/vY=
 GKQT9+3tZiDzIO4b9y/oJ8Ne3IRmeFcHEXe2nLsxXt5/XY7PYf44PclIqpob9uyHYJCGxJ1JsYtp//u/hj3lmaJwlx0rINt0uPpTbMzKMiE=
 GKQT9+3tZiDzIO4b9y/oJ8Ne3IRmeFcHEXe2nLsxXt5/XY7PYf44PdQy719+NAlNDoCeBajFVdMTaLIHUHVQeO0Zoo3iUDSBWrhsaQpWdNY=
 GKQT9+3tZiDzIO4b9y/oJ8Ne3IRmeFcHEXe2nLsxXt5/XY7PYf44PdQy719+NAlNDoCeBajFVdMTaLIHUHVQeO0Zoo3iUDSBWrhsaQpWdNY=
 GKQT9+3tZiDzIO4b9y/oJ8Ne3IRmeFcHEXe2nLsxXt5/XY7PYf44PeICFG0hPHXRhEczD80kS3pQ2PsIweOn80y5pKCsAPaHgJZmxDWB0n8=
 GKQT9+3tZiDzIO4b9y/oJ8Ne3IRmeFcHEXe2nLsxXt5/XY7PYf44PfADkqNfIl3jurZqnSdwq1nFd/Y+fAwyX7x3sgu/aEHMzaLzgx+tB/c=
 GKQT9+3tZiDzIO4b9y/oJ8Ne3IRmeFcHEXe2nLsxXt5/XY7PYf44PV92yaENVlo4QU0JCfFqerIFfCRsIWcRuBd5miDhF9rgyXNElBVUMlM=
 GKQT9+3tZiDzIO4b9y/oJ8Ne3IRmeFcHEXe2nLsxXt5/XY7PYf44PUt0BJ2j1gqJmJmy1zqb1YsiNkKbgnaTxtdUlYnylVERPD8iktda2h0=
 GKQT9+3tZiDzIO4b9y/oJ8Ne3IRmeFcHEXe2nLsxXt5/XY7PYf44PW9ewouI6IxXoIX8I3rW098PFxag9HRQI3D2QLANeaR0XA/c0PfoZ6I=
 GKQT9+3tZiDzIO4b9y/oJ8Ne3IRmeFcHEXe2nLsxXt6sJ88OIZjHaYJBJ0FClyNT291qtMDJ26I+GLT+jmfM+9/ONUFz7dG5aSxg02Mz00+YaRXwEEE+JA==
 GKQT9+3tZiDzIO4b9y/oJ8Ne3IRmeFcHEXe2nLsxXt6sJ88OIZjHaYJBJ0FClyNT291qtMDJ26I+GLT+jmfM+9/ONUFz7dG5JfKKf+ce22OXnxSYVusx+Xj0AGudx7OS
 GKQT9+3tZiDzIO4b9y/oJ8Ne3IRmeFcH8+8BXosZqOlIwD/pOsXBUneNjf5sPXAobfUe/bDHyfWzuppnJrjpSGuT8baeOM5ABu3gz7grkvmJIHggQweKKg==
 GKQT9+3tZiDzIO4b9y/oJ8Ne3IRmeFcH8+8BXosZqOlIwD/pOsXBUneNjf5sPXAobfUe/bDHyfWzuppnJrjpSGuT8baeOM5AHH7oresXh+OCjNA/e9aaqbLO7Bvb6IJN
 GKQT9+3tZiDzIO4b9y/oJ8Ne3IRmeFcH8+8BXosZqOk8hki/xEOm07qvYQsFVE2YbOUz+b/BFAL29xfWEwKE7ddSw8C3Vaa47eo9XvOwlndpX9grZ/V5cQ==
 GKQT9+3tZiDzIO4b9y/oJ8Ne3IRmeFcH8+8BXosZqOk8hki/xEOm07qvYQsFVE2YbOUz+b/BFAL29xfWEwKE7ddSw8C3Vaa4n7pxEw4hn2yTIikHMIBRfHNWJzMQ2Usj
 GKQT9+3tZiDzIO4b9y/oJ8Ne3IRmeFcH8+8BXosZqOkyk/YrJi3dSZXR9ZOlO5jf8dPLOBhr7wksIqkjLvuGJmr2KQ42uP2vYrl77SDMeOox12sCN0EtgA==
 GKQT9+3tZiDzIO4b9y/oJ8Ne3IRmeFcH8+8BXosZqOkyk/YrJi3dSZXR9ZOlO5jf8dPLOBhr7wksIqkjLvuGJmr2KQ42uP2v1j6ZdPm945C158XLM6xOgS+mBywlYVXB
 GKQT9+3tZiDzIO4b9y/oJ8Ne3IRmeFcH8+8BXosZqOkv2RR8km1uZxVlcqjzTmvK36eQP+4mXn+NqSuFtM1qYeU97AP+FCSJlCtRB25txHbjxX9faCCMEQ==
 GKQT9+3tZiDzIO4b9y/oJ8Ne3IRmeFcH8+8BXosZqOkv2RR8km1uZxVlcqjzTmvK36eQP+4mXn+NqSuFtM1qYeU97AP+FCSJCRS47x/NRQSkVhn8ViarNMS31WACR0eW
 GKQT9+3tZiDzIO4b9y/oJ8Ne3IRmeFcH8+8BXosZqOmKNxH47nbLwqsieY+Zo4sAxhM26ocCQ9xRB2aUoFHMqS1hQnf5zZkptiB5alt6+852ojPYmtMkOA==
 GKQT9+3tZiDzIO4b9y/oJ8Ne3IRmeFcH8+8BXosZqOmKNxH47nbLwqsieY+Zo4sAxhM26ocCQ9xRB2aUoFHMqS1hQnf5zZkpqhjA5yQi2tdcgJJsC3BWYZbyR1um0icP
 GKQT9+3tZiDzIO4b9y/oJ8Ne3IRmeFcH8+8BXosZqOkefVu4k294dbzfl9bQK4vqw0NUQz6TMrCJunY2M1s6ryMW383x2e0+h4v1kgFxb8htODmgrce22w==
 GKQT9+3tZiDzIO4b9y/oJ8Ne3IRmeFcH8+8BXosZqOkefVu4k294dbzfl9bQK4vqw0NUQz6TMrCJunY2M1s6ryMW383x2e0+ntBd8mvT1ev4HFs/OgD32e85f8Zvw2T0
 GKQT9+3tZiDzIO4b9y/oJ8Ne3IRmeFcH8+8BXosZqOmu4QGgH5Le+9nvlizbz+1nCOUqtIPYKle2ZVRNrY18tDkEKzg4rrZp0hgyqH2Q/V5dgk9UIHqcIQ==
 GKQT9+3tZiDzIO4b9y/oJ8Ne3IRmeFcH8+8BXosZqOmu4QGgH5Le+9nvlizbz+1nCOUqtIPYKle2ZVRNrY18tDkEKzg4rrZpEc5MLirwemBYMWVhkxZc/vPiNsSLFMVk
 GKQT9+3tZiDzIO4b9y/oJ8Ne3IRmeFcH8+8BXosZqOkPwglt2CTg3v8hDEFRG/kFWv3nkQXZiEeGvrHfrt4xl/sIzdgJ0Zy1S+S1CpUw0jok0xwXa2xGMg==
 GKQT9+3tZiDzIO4b9y/oJ8Ne3IRmeFcH8+8BXosZqOkPwglt2CTg3v8hDEFRG/kFWv3nkQXZiEeGvrHfrt4xl/sIzdgJ0Zy16FkPg3BoLYY0NMGgpjW5/eI9TX8H3utb
 GKQT9+3tZiDzIO4b9y/oJ8Ne3IRmeFcHeVII2diCFUotAX2lzjXharF0AGh14FoSSmS/Y5kNUfnlTqkQ6DzUluV1mCDQXYACU394W57A3v1EwyDNm2IqUg==
 GKQT9+3tZiDzIO4b9y/oJ8Ne3IRmeFcHeVII2diCFUotAX2lzjXharF0AGh14FoSSmS/Y5kNUfnlTqkQ6DzUluV1mCDQXYACzNUiAFu26agPjTZDidnRL8r15SYzDkFg
 tEucgpM9UDWOFsQ8zlXzBkuHCloW8oCHD2fMTjKIvzuauFh0eENaD+aI4IwlJfz8yFrw8VqHg/XgSFi/dLf3IFYHBDZdaqqtFq7/yKZkfsE=
 tEucgpM9UDWOFsQ8zlXzBkuHCloW8oCHD2fMTjKIvzuauFh0eENaD+aI4IwlJfz8yFrw8VqHg/XgSFi/dLf3IFYHBDZdaqqtFq7/yKZkfsE=
 tEucgpM9UDWOFsQ8zlXzBkuHCloW8oCHD2fMTjKIvzuauFh0eENaD+aI4IwlJfz8yFrw8VqHg/XgSFi/dLf3IFYHBDZdaqqtFq7/yKZkfsE=
 tEucgpM9UDWOFsQ8zlXzBkuHCloW8oCHD2fMTjKIvzuauFh0eENaD+aI4IwlJfz8yFrw8VqHg/XgSFi/dLf3IFYHBDZdaqqtFq7/yKZkfsE=
 tEucgpM9UDWOFsQ8zlXzBkuHCloW8oCHD2fMTjKIvzuauFh0eENaD+aI4IwlJfz8yFrw8VqHg/XgSFi/dLf3IFYHBDZdaqqtFq7/yKZkfsE=
 tEucgpM9UDWOFsQ8zlXzBkuHCloW8oCHD2fMTjKIvzvezVpTRK0h/OcrJsOClOY2/hTQmgNydYnlbSFjqDlk6nLqwcb/jiohiTeCnHtMEi4=
 tEucgpM9UDWOFsQ8zlXzBkuHCloW8oCHD2fMTjKIvzvezVpTRK0h/OcrJsOClOY2/hTQmgNydYnlbSFjqDlk6nLqwcb/jiohiTeCnHtMEi4=
 tEucgpM9UDWOFsQ8zlXzBkuHCloW8oCHD2fMTjKIvzvezVpTRK0h/OcrJsOClOY2/hTQmgNydYnlbSFjqDlk6nLqwcb/jiohiTeCnHtMEi4=
 tEucgpM9UDWOFsQ8zlXzBkuHCloW8oCHD2fMTjKIvzvezVpTRK0h/OcrJsOClOY2/hTQmgNydYnlbSFjqDlk6nLqwcb/jiohiTeCnHtMEi4=
 tEucgpM9UDWOFsQ8zlXzBkuHCloW8oCHD2fMTjKIvzvezVpTRK0h/OcrJsOClOY2/hTQmgNydYnlbSFjqDlk6nLqwcb/jiohiTeCnHtMEi4=
 tEucgpM9UDWOFsQ8zlXzBkuHCloW8oCHD2fMTjKIvzvrA8mFF5tmdBGRo7S6s7wVFjJzHmfL/uwSLKl2RY1qq5T175pNrGb2LXaZ2NZoWXU=
 tEucgpM9UDWOFsQ8zlXzBkuHCloW8oCHD2fMTjKIvzvrA8mFF5tmdBGRo7S6s7wVFjJzHmfL/uwSLKl2RY1qq5T175pNrGb2LXaZ2NZoWXU=
 tEucgpM9UDWOFsQ8zlXzBkuHCloW8oCHD2fMTjKIvzvrA8mFF5tmdBGRo7S6s7wVFjJzHmfL/uwSLKl2RY1qq5T175pNrGb2LXaZ2NZoWXU=
 tEucgpM9UDWOFsQ8zlXzBkuHCloW8oCHD2fMTjKIvzvrA8mFF5tmdBGRo7S6s7wVFjJzHmfL/uwSLKl2RY1qq5T175pNrGb2LXaZ2NZoWXU=
 tEucgpM9UDWOFsQ8zlXzBkuHCloW8oCHD2fMTjKIvzvrA8mFF5tmdBGRo7S6s7wVFjJzHmfL/uwSLKl2RY1qq5T175pNrGb2LXaZ2NZoWXU=
 tEucgpM9UDWOFsQ8zlXzBkuHCloW8oCHD2fMTjKIvzsLskDys2jO8C82dlCa32vlSX5EdexK44ts/aGEKqhKM6nXjkGGl4FTRXX1pa5PC5A=
 tEucgpM9UDWOFsQ8zlXzBkuHCloW8oCHD2fMTjKIvzsLskDys2jO8C82dlCa32vlSX5EdexK44ts/aGEKqhKM6nXjkGGl4FTRXX1pa5PC5A=
 tEucgpM9UDWOFsQ8zlXzBkuHCloW8oCHD2fMTjKIvzs/lx0Ry/tNd0Ja1F8ABWk/D3ct/D0NWBCkgSquoeUrfgNBJ+iqcqgePbBVPNcd45F1+c+1oJoB2w==
 tEucgpM9UDWOFsQ8zlXzBkuHCloW8oCHD2fMTjKIvzs/lx0Ry/tNd0Ja1F8ABWk/D3ct/D0NWBCkgSquoeUrftQtnM2aVx7Jl0xBP9VbLUokm0dxcRVmEnZ4m2dVvYCS
 tEucgpM9UDWOFsQ8zlXzBkuHCloW8oCHD2fMTjKIvzs/lx0Ry/tNd0Ja1F8ABWk/0yzuoMuoYxI1J9yTxKC2UeeXDAj6xtgfETo1IXdYcA4=
 tEucgpM9UDWOFsQ8zlXzBkuHCloW8oCHD2fMTjKIvztHC68Jf2fgDwR2pAFxo9DrUzXYbXkIatga6DV5TWsH7J9HHmmuDjS6hTWJSRWJyG8=
 tEucgpM9UDWOFsQ8zlXzBkuHCloW8oCHD2fMTjKIvzvxsHi1/BgMX+ktxf4rafVREN8v1N4nUg5nGYV0woMchL/r2JW0rtPUT/020gLpLS8=
 tEucgpM9UDWOFsQ8zlXzBkuHCloW8oCHD2fMTjKIvztkZCF7y21DVlgfEMtRoUZKEMPWqvl7JLGIYViLmmFEofRUn+UIVfE+fBR+hz/PMkg=
 tEucgpM9UDWOFsQ8zlXzBkuHCloW8oCHD2fMTjKIvztkZCF7y21DVlgfEMtRoUZKEMPWqvl7JLGIYViLmmFEofRUn+UIVfE+fBR+hz/PMkg=
 tEucgpM9UDWOFsQ8zlXzBkuHCloW8oCHD2fMTjKIvztr7iS5Y9YI+D+6uZgIoIYa+jyxRTp5RwF1mDTaNR48PEcMeESoiqSxieg9buXW08Q=
 tEucgpM9UDWOFsQ8zlXzBkuHCloW8oCHD2fMTjKIvzuNYQagZ15rJe5Rh5houiT6A8JC5lCK5UeBxLmHVvEucjICW84NETUvqnOs5dbtzX4=
 tEucgpM9UDWOFsQ8zlXzBkuHCloW8oCHD2fMTjKIvztrGvlFH0ga6u+Z3SUn2BulwQnS62kAkMLmHv6qSlYvraGZc7y7CENDo0W3w4ekWHw=
 tEucgpM9UDWOFsQ8zlXzBkuHCloW8oCHD2fMTjKIvzvsVKsRR1FR5CYnSEmY4X7GWqHqpjIl102zM8/mNzNEwYxf70EFU+CGICyth0PlVAg=
 tEucgpM9UDWOFsQ8zlXzBkuHCloW8oCHD2fMTjKIvzs9Dds7wqbeGqWPtE174EUrZVPyqTmxjbE6a7OOQTQaHSwzDhGpo3/3v2VgRw4vz/A=
 tEucgpM9UDWOFsQ8zlXzBkuHCloW8oCHD2fMTjKIvzs9Dds7wqbeGqWPtE174EUrZVPyqTmxjbE6a7OOQTQaHSwzDhGpo3/3v2VgRw4vz/A=
 tEucgpM9UDWOFsQ8zlXzBkuHCloW8oCHD2fMTjKIvztGTz8LFDNz7Cg/dFUZPDwmCgTsU22IUGFxwFMg0K1CpFQLLGiaCUmCUjF7zi6eSSw=
 tEucgpM9UDWOFsQ8zlXzBkuHCloW8oCHD2fMTjKIvztskVc3Rb52ZMoS4/33eMxiKvTTnjUPRfidXXn6X/fITj7YEAEd+jEURfhQoeiXC8M=
 tEucgpM9UDWOFsQ8zlXzBkuHCloW8oCHD2fMTjKIvzsohODyI+1ewCroQ8JES0mkUkIco8iSDvp59eLHcTSj9MaHaqdv51cX12C1+b4qnIE=
 tEucgpM9UDWOFsQ8zlXzBkuHCloW8oCHD2fMTjKIvzurfo4v2ADTYpODq1EFAdHc/SZStu7hyGbkTM1UvMZRi1dOMBR0WFhhAKEGbejdSIQ=
 tEucgpM9UDWOFsQ8zlXzBkuHCloW8oCHD2fMTjKIvzsXYpf6rR4uvri1+LoYIJlIz6eLkU88C4iCOJc7G0zrJ/geZy7YlMlo3T5Z1EiTA9M=
 tEucgpM9UDWOFsQ8zlXzBkuHCloW8oCHD2fMTjKIvzsXYpf6rR4uvri1+LoYIJlIz6eLkU88C4iCOJc7G0zrJ/geZy7YlMlo3T5Z1EiTA9M=
 tEucgpM9UDWOFsQ8zlXzBkuHCloW8oCHD2fMTjKIvzvgNt/mBaI8dgGV0WuiHwCS4kUdppP1xdBnQZ7s/jHHQA3cVymcdWhzVB2OsRnFVv0=
 tEucgpM9UDWOFsQ8zlXzBkuHCloW8oCHD2fMTjKIvzti30eIoneAV3FkZlAMyt426ur7Iwaq/6JJpOANldlMYzuvPHxTAa1R6zIWoKjC2DM=
 tEucgpM9UDWOFsQ8zlXzBkuHCloW8oCHD2fMTjKIvzuEJMiLh7MBVQ7BX2h58hvV0zEvxBfq3n3RMTJ2QQOAuPLKURsMYhtdB940ne53zzo=
 tEucgpM9UDWOFsQ8zlXzBkuHCloW8oCHD2fMTjKIvzs1u/gqCY4UZTGrlslgg3H+ontLOexTT8cdPAZvX/F6FZ8reG1YbyBodClW0h/pA14=
 tEucgpM9UDWOFsQ8zlXzBkuHCloW8oCHD2fMTjKIvzs1u/gqCY4UZTGrlslgg3H+ontLOexTT8cdPAZvX/F6FZ8reG1YbyBodClW0h/pA14=
 tEucgpM9UDWOFsQ8zlXzBkuHCloW8oCHD2fMTjKIvztbs0WQFgPnObHbGybfecWu0cCuMgQV6ZZHzsSqMDgeDEjsQ+S6XvkZ7i8f6XDzULs=
 tEucgpM9UDWOFsQ8zlXzBkuHCloW8oCHD2fMTjKIvzv/tV6F/9RczEo3RmvfVHLyz1OTi2Zz0KuzpcKpESn+TuMt+t0PsWXul1967F4R1dI=
 tEucgpM9UDWOFsQ8zlXzBkuHCloW8oCHD2fMTjKIvzs5vv1xDoZNLUdswgLeOcjWz1hC3KXJJd7XX6H7A6nZKLIH4eaQTqo8G7tO8jtWrS8=
 tEucgpM9UDWOFsQ8zlXzBkuHCloW8oCHD2fMTjKIvztYpUX3j28w0NqOABNLuWXc5d9w+O5AaOhWWipYBTnSoep+tWKdZi5oWiFkUKdqh60=
 tEucgpM9UDWOFsQ8zlXzBkuHCloW8oCHD2fMTjKIvzvKDCoPuyZIC1y3t78gcEXnUoNvizpKoDTb9jh7m9AUfOaib9BC3wkhB2XKLaeLQxg=
 tEucgpM9UDWOFsQ8zlXzBkuHCloW8oCHD2fMTjKIvzvKDCoPuyZIC1y3t78gcEXnUoNvizpKoDTb9jh7m9AUfOaib9BC3wkhB2XKLaeLQxg=
 tEucgpM9UDWOFsQ8zlXzBkuHCloW8oCHD2fMTjKIvzuKxc8C/ReTrPekG3oWF+SlO5qcLz8srejhJBFB/zZFPOrVpOCw0In1qb+suj8u3sI=
 tEucgpM9UDWOFsQ8zlXzBkuHCloW8oCHD2fMTjKIvztu1K8FGqIe8X3hxIwJn6ta7FQJGaDuNehs8j7GE1XD4i/7j//ZI6Qhm/hOjfDpoqs=
 tEucgpM9UDWOFsQ8zlXzBkuHCloW8oCHD2fMTjKIvztkxk6mToj7Pdc7N0ppFzLqKosJpVb+TYBFPaJ1CWwcMbsXFoEvJK2mkBoa5xC178Y=
 tEucgpM9UDWOFsQ8zlXzBkuHCloW8oCHD2fMTjKIvzsgeQ03f0+LaQTf0/XegMrUoy7mtt35+Zu37gMmhjKOgGfEef5coxSjGo72/qwWf6Y=
 tEucgpM9UDWOFsQ8zlXzBkuHCloW8oCHD2fMTjKIvzvtbP0s4Dn0G2jwVXoosMmx1A8zwuXRRUSmLKIfrTdHkyE6xf3+CjmYRfJSq1YKFcA=
 tEucgpM9UDWOFsQ8zlXzBkuHCloW8oCHD2fMTjKIvzvtbP0s4Dn0G2jwVXoosMmx1A8zwuXRRUSmLKIfrTdHkyE6xf3+CjmYRfJSq1YKFcA=
 tEucgpM9UDWOFsQ8zlXzBkuHCloW8oCHD2fMTjKIvzu9DQcPr4/XLTyautiq+8hJfcQDYM17heZ4C+aB6AQbIWTMH+PhU6lmlbUwPqwTScA=
 tEucgpM9UDWOFsQ8zlXzBkuHCloW8oCHD2fMTjKIvzuowJVRPqvncnmcufo4Zh0mPIt0ZTcFrj6ge/T3tufeVcfh/bdYBel/ECZ88bMluCY=
 tEucgpM9UDWOFsQ8zlXzBkuHCloW8oCHD2fMTjKIvzuBQF9OJ59EYAcQfml2kEqv/l81lwk2yek6LVxpYtGLXbre+9hHclDraAXtGZiR33Q=
 tEucgpM9UDWOFsQ8zlXzBkuHCloW8oCHD2fMTjKIvzviKr/c0PHw2uyR8+tnZXQ3Sa5rjYUrTbJ1If9Vd4/WorJVqhflovf9Tj1QJ9NAXwc=
 tEucgpM9UDWOFsQ8zlXzBkuHCloW8oCHD2fMTjKIvzviKr/c0PHw2uyR8+tnZXQ3Sa5rjYUrTbJ1If9Vd4/WorJVqhflovf9Tj1QJ9NAXwc=
 tEucgpM9UDWOFsQ8zlXzBkuHCloW8oCHD2fMTjKIvzuLsaiKWIkQLFUFeR/EP9isvwDPOtyd/FXmj9UtXHpCcNxhUCfflykCpLTEI4lohDE=
 tEucgpM9UDWOFsQ8zlXzBkuHCloW8oCHD2fMTjKIvzvUoANzgIb2/mU1bu7VWBh/SZZS+tDhdVvTdDVeOkf90x2maMxU4hLnf4wy/xsTJU4=
 tEucgpM9UDWOFsQ8zlXzBkuHCloW8oCHD2fMTjKIvzvd47RGTR6W7/DGew0VoDKCYlNelZgH4jHvhP7aukEqhye0t4KYXU3hzzSm8I9/5mI=
 tEucgpM9UDWOFsQ8zlXzBkuHCloW8oCHD2fMTjKIvzuOGrqVgkCtSQkOD75lDpR60JR86aU3Q5LUCfW1tsBqC2IixPKyamg2j+B8hQ78ZCU=
 tEucgpM9UDWOFsQ8zlXzBkuHCloW8oCHD2fMTjKIvzuu1lbcaImtRfXV7rfBAIVzs+C0TQBDLGnHyUj5IsP1vDFOAClQiYYaKcy7sBhz58c=
 tEucgpM9UDWOFsQ8zlXzBkuHCloW8oCHD2fMTjKIvzuu1lbcaImtRfXV7rfBAIVzs+C0TQBDLGnHyUj5IsP1vDFOAClQiYYaKcy7sBhz58c=
 tEucgpM9UDWOFsQ8zlXzBkuHCloW8oCHD2fMTjKIvzu+TsTr9anpEW2Y12X4eSCxRPAqqM/WB94P8Eb5zQCvPOhwHNt1LThY9d7g1i4Fbu0=
 tEucgpM9UDWOFsQ8zlXzBkuHCloW8oCHD2fMTjKIvzudmAi9QXeMDIyJpzEiVlcPZDizxJ5Kn67dy2r/ErabD5VNNDyzyXDFEyOjR3tzyok=
 tEucgpM9UDWOFsQ8zlXzBkuHCloW8oCHD2fMTjKIvztb3psyTkrVpGpBokzglue16kCFK9YR4VpILTInJ/h7A1cDrZSOCf8fFlUhfhVZIXQ=
 tEucgpM9UDWOFsQ8zlXzBkuHCloW8oCHD2fMTjKIvzuNaThaPA86EkVM02nv7HSFdj2pSl1CpBFJo1VoPrAP3WiQhNSpYYk7lO3l/FqRIpU=
 tEucgpM9UDWOFsQ8zlXzBkuHCloW8oCHD2fMTjKIvzs0rdoa79dmV7CtwFuAPQweGcbUkpPRphni7vNsFlXv4GrzysDhph8Bh/EnWXwoN9U=
 tEucgpM9UDWOFsQ8zlXzBkuHCloW8oCHD2fMTjKIvzs0rdoa79dmV7CtwFuAPQweGcbUkpPRphni7vNsFlXv4GrzysDhph8Bh/EnWXwoN9U=
 tEucgpM9UDWOFsQ8zlXzBkuHCloW8oCHD2fMTjKIvzs1XEgiBjrJL50jAUXThokOXkqWPcDTbxVg1l0zMY5q0YA2IInbAak4ZkNMfH4TKRA=
 tEucgpM9UDWOFsQ8zlXzBkuHCloW8oCHD2fMTjKIvzuxAcXkpk1mKQmjIoXie5ooVFnfTRF3Oj/OYmFiiVOtawvgY7cysiyQfXj5TahO5Oo=
 tEucgpM9UDWOFsQ8zlXzBkuHCloW8oCHD2fMTjKIvzttS3nhBloRc7P5MZvjap1CcksFJcezdxSEFIw4ifH3+BHBty0kPgc618OKU58c1YY=
 tEucgpM9UDWOFsQ8zlXzBkuHCloW8oCHD2fMTjKIvzuhlA5T8P5Zs5kZPDmOtJhGjq2X4mzchXUvITUbdG53p88BpBstEM+CUqNJIvQK8WU=
 tEucgpM9UDWOFsQ8zlXzBkuHCloW8oCHD2fMTjKIvzuhlA5T8P5Zs5kZPDmOtJhGjq2X4mzchXUvITUbdG53p88BpBstEM+CUqNJIvQK8WU=
 tEucgpM9UDWOFsQ8zlXzBkuHCloW8oCHD2fMTjKIvzv8l7kCn4gwS6F4CsTMA60TkA6cHHM8JyQR39oFxejk1eMQu/VWImM7Ag4uDuVjuP8=
 tEucgpM9UDWOFsQ8zlXzBkuHCloW8oCHD2fMTjKIvzuJLf2fjPQvcIj5JFGrHNM9GJi+aueb0NzL42bVcbFvj4wu/iiQ4/6a6DpD5jz31do=
 tEucgpM9UDWOFsQ8zlXzBkuHCloW8oCHD2fMTjKIvzsK5ho0gCFBwMN188RUbCZh1NdWzzQFeXzItFe5tdHlc3cP1H2R7PRy6NLcCSrw1zg=
 tEucgpM9UDWOFsQ8zlXzBkuHCloW8oCHD2fMTjKIvztBGEmDh1FFR9p/DtMsgcKCXxxfazn3ovX6ryr6AdTJ5aWga7wtKNvup4WN6a//WgM=
 tEucgpM9UDWOFsQ8zlXzBkuHCloW8oCHD2fMTjKIvzsjj6yBHEs1kgNo4NoOnekXV2bX4ao3VCtD7LlQO6lUNRdPhJitua+b++ukXFRcwfE=
 tEucgpM9UDWOFsQ8zlXzBkuHCloW8oCHD2fMTjKIvzsjj6yBHEs1kgNo4NoOnekXV2bX4ao3VCtD7LlQO6lUNRdPhJitua+b++ukXFRcwfE=
 tEucgpM9UDWOFsQ8zlXzBkuHCloW8oCHD2fMTjKIvzsxK0LKBtgPq8spO1ir7hcgO5aVYAnWVMQ/FJHRLb3nrLsvYGbjjs50/mE4kFJu1eg=
 tEucgpM9UDWOFsQ8zlXzBkuHCloW8oCHD2fMTjKIvzvpWTVibqZSjMiy3Z9X8VacazNYLqeyBQsqvPy0pEAx4/9a2s9cx++mnxjt16qZI3I=
 tEucgpM9UDWOFsQ8zlXzBkuHCloW8oCHD2fMTjKIvzsnTI9bJODPK6pnfnDy0WNdQ968Px68JLhgpYjndoHQt34XWJh5cB+M3qIkxaHwZ38=
 tEucgpM9UDWOFsQ8zlXzBkuHCloW8oCHD2fMTjKIvzvTJZxAGGN0YCcaYCI9PSeO+lG4K8xR8PWaRBUZr0GWCc4MXQSsueNWz/zB3HTenVU=
 tEucgpM9UDWOFsQ8zlXzBkuHCloW8oCHD2fMTjKIvzsXCBCQppTwAbHX6RPPqxiNtgc/q7Smoc6AhwkKnBQG1rFX8yaIM7CaI5qyDoEClpY=
 tEucgpM9UDWOFsQ8zlXzBkuHCloW8oCHD2fMTjKIvzsXCBCQppTwAbHX6RPPqxiNtgc/q7Smoc6AhwkKnBQG1rFX8yaIM7CaI5qyDoEClpY=
 tEucgpM9UDWOFsQ8zlXzBkuHCloW8oCHD2fMTjKIvzu4w+eHj03NjznCwhIRaMiwAnAtDR97ikBmPQk9ofMvZPj5MJMZ3lnpyN1Z6HXUX9U=
 tEucgpM9UDWOFsQ8zlXzBkuHCloW8oCHD2fMTjKIvztT9GkZ57CM8RNDeYe0nky7wlGYyYV1FrTe+oBhklwlb/qdKTlbKcHnRYPMdKi2x5Y=
 tEucgpM9UDWOFsQ8zlXzBkuHCloW8oCHD2fMTjKIvzsCvpUdGu2K3/qYhFLejA0hdWNlCD9I3b3UOQy2t1OFh+Avj1B4nOas2Wy+JEclW6w=
 tEucgpM9UDWOFsQ8zlXzBkuHCloW8oCHD2fMTjKIvzuaPWQVv9ZyXg6FpmlWq+KGNAZAVenAhhOf66hXV7OtQtjc2YgBWtCHV6Bn9mkkZP0=
 tEucgpM9UDWOFsQ8zlXzBkuHCloW8oCHD2fMTjKIvzuaPWQVv9ZyXg6FpmlWq+KGNAZAVenAhhOf66hXV7OtQtjc2YgBWtCHV6Bn9mkkZP0=
 tEucgpM9UDWOFsQ8zlXzBkuHCloW8oCHD2fMTjKIvzuC1q6cH0dsJ6R8PI6jdnpDrOGqIrweBuUwRHBNkmboN4vTpR5/GskeQI56iqZKT8I=
 tEucgpM9UDWOFsQ8zlXzBkuHCloW8oCHD2fMTjKIvzvpR2zOHj5iRvV9BUdLTCDSE+9TAEkF6JNuzGEVtasMsB9G2nokbQ72rAzqDXg5P5M=
 tEucgpM9UDWOFsQ8zlXzBkuHCloW8oCHD2fMTjKIvzvIhcPbdmPDsLYHTnyQvSTtcNGjqK9EMZIDCth+EgxG5nHlDfY9/5A5nFqtSVR8ctg=
 tEucgpM9UDWOFsQ8zlXzBkuHCloW8oCHD2fMTjKIvzvis2cNYDfQmD4UuoN4DNyRs8ZnWfx9AFc1qVSM7WVBwgME2r0tgSW/3caHAvtoxk4=
 tEucgpM9UDWOFsQ8zlXzBkuHCloW8oCHD2fMTjKIvzu1Aue32za6D9NABy+F/T9XlpGSm9ze/g4GxHUTO4yLKxhllyX/AUQjtJ+VtE5PpZ4=
 tEucgpM9UDWOFsQ8zlXzBkuHCloW8oCHD2fMTjKIvzu1Aue32za6D9NABy+F/T9XlpGSm9ze/g4GxHUTO4yLKxhllyX/AUQjtJ+VtE5PpZ4=
 tEucgpM9UDWOFsQ8zlXzBkuHCloW8oCHD2fMTjKIvztF4/1lUOLvFMZoJEaTm2CM9ojijw7l3Yw0Zys1/XeC/XqXyRpRg2gPxPTgGNVweTU=
 tEucgpM9UDWOFsQ8zlXzBkuHCloW8oCHD2fMTjKIvzvm6hJeO8QX1BHtGH7c8KCz0fT8GGr8SrHn14sbJ8prmdxA05Rr/FHp5VGjPoGUrRA=
 tEucgpM9UDWOFsQ8zlXzBkuHCloW8oCHD2fMTjKIvzvNvGYYo7ZSRez6LyH0rcoZOERBsAMqAcW42tL10NEW16c+YoQmCL/d3Hx6YSWgx28=
 tEucgpM9UDWOFsQ8zlXzBkuHCloW8oCHD2fMTjKIvzs4ng8FEVmkWX0HwpqKfsAxgMTs/LoI3cYcOcHb6Lbpzzg7YVFkKnHx0mKiGclpX3k=
 tEucgpM9UDWOFsQ8zlXzBkuHCloW8oCHD2fMTjKIvzuNlD3u50io9R+wCEHQOmb9No7f6BKiKcA+Cj8rRrDF/duvyIO2AsalcsmQvFYMThM=
 tEucgpM9UDWOFsQ8zlXzBkuHCloW8oCHD2fMTjKIvzuNlD3u50io9R+wCEHQOmb9No7f6BKiKcA+Cj8rRrDF/duvyIO2AsalcsmQvFYMThM=
 tEucgpM9UDWOFsQ8zlXzBkuHCloW8oCHD2fMTjKIvzuvsxFqoeCyV3QPBdKk4uVNMRPYBM4nVE/RBHyW3GclPTI/xkq99Ztyeog7yARNetI=
 tEucgpM9UDWOFsQ8zlXzBkuHCloW8oCHD2fMTjKIvzusjl+33VSHSauoo4TDXD8giCsyp2cLUnHttkAVsyio30N4E2P5V26JxNl3z9xHLxA=
 tEucgpM9UDWOFsQ8zlXzBkuHCloW8oCHD2fMTjKIvztDaq0WNxRYwItf2N7O1n3FGTaBY69IXNZcgluPm9sQfHn5v1y51Y4cdNitKFKGgwI=
 tEucgpM9UDWOFsQ8zlXzBkuHCloW8oCHD2fMTjKIvzv7tRtcW/FxNUpMqrnIlXFwu7iXPx5Ntl9q0whh1nFZB5D8ULJWisvkYEf+xV+0VRU=
 GKQT9+3tZiDzIO4b9y/oJ8Ne3IRmeFcHeVII2diCFUolugichWQTckk4YtU4ys4ZFMbIU7yJdfUn5U32DssMip1etw9uZds6c/zi2VoaBl0=
 GKQT9+3tZiDzIO4b9y/oJ8Ne3IRmeFcHeVII2diCFUolugichWQTckk4YtU4ys4ZFMbIU7yJdfUn5U32DssMip1etw9uZds6c/zi2VoaBl0=
 GKQT9+3tZiDzIO4b9y/oJ8Ne3IRmeFcHeVII2diCFUolugichWQTckk4YtU4ys4ZFMbIU7yJdfUn5U32DssMip1etw9uZds6c/zi2VoaBl0=
 GKQT9+3tZiDzIO4b9y/oJ8Ne3IRmeFcHeVII2diCFUolugichWQTckk4YtU4ys4ZFMbIU7yJdfUn5U32DssMip1etw9uZds6c/zi2VoaBl0=
 GKQT9+3tZiDzIO4b9y/oJ8Ne3IRmeFcHeVII2diCFUolugichWQTckk4YtU4ys4ZFMbIU7yJdfUn5U32DssMip1etw9uZds6c/zi2VoaBl0=
 GKQT9+3tZiDzIO4b9y/oJ8Ne3IRmeFcHeVII2diCFUolugichWQTcoizEvFuW5sQn3R7WwiPIPJu8pMbIIaBkpIfAyq21N2cfmFeCzvVosw=
 GKQT9+3tZiDzIO4b9y/oJ8Ne3IRmeFcHeVII2diCFUolugichWQTcoizEvFuW5sQn3R7WwiPIPJu8pMbIIaBkpIfAyq21N2cfmFeCzvVosw=
 GKQT9+3tZiDzIO4b9y/oJ8Ne3IRmeFcHeVII2diCFUolugichWQTcoizEvFuW5sQn3R7WwiPIPJu8pMbIIaBkpIfAyq21N2cfmFeCzvVosw=
 GKQT9+3tZiDzIO4b9y/oJ8Ne3IRmeFcHeVII2diCFUolugichWQTcoizEvFuW5sQn3R7WwiPIPJu8pMbIIaBkpIfAyq21N2cfmFeCzvVosw=
 GKQT9+3tZiDzIO4b9y/oJ8Ne3IRmeFcHeVII2diCFUolugichWQTcoizEvFuW5sQn3R7WwiPIPJu8pMbIIaBkpIfAyq21N2cfmFeCzvVosw=
 GKQT9+3tZiDzIO4b9y/oJ8Ne3IRmeFcHeVII2diCFUolugichWQTctotkDnW8K/XxaMsxTcvgwJY/Sh7t/jvjv0w+mU/dPKyxpSd0iNM2l0=
 GKQT9+3tZiDzIO4b9y/oJ8Ne3IRmeFcHeVII2diCFUolugichWQTctotkDnW8K/XxaMsxTcvgwJY/Sh7t/jvjv0w+mU/dPKyxpSd0iNM2l0=
 GKQT9+3tZiDzIO4b9y/oJ8Ne3IRmeFcHeVII2diCFUolugichWQTctotkDnW8K/XxaMsxTcvgwJY/Sh7t/jvjv0w+mU/dPKyxpSd0iNM2l0=
 GKQT9+3tZiDzIO4b9y/oJ8Ne3IRmeFcHeVII2diCFUolugichWQTcnBlTTteO1duwvOR+g1OX0qFUe9E3GOwB2mRsOsrs6f8o6RBs5/kOF2vN6pS6caP2Q==
 GKQT9+3tZiDzIO4b9y/oJ8Ne3IRmeFcHeVII2diCFUolugichWQTcnBlTTteO1duwvOR+g1OX0qFUe9E3GOwB0cVKrns+uA89P1kSkIOCE/98JAEG4YFolBBESzyYJSB
 GKQT9+3tZiDzIO4b9y/oJ8Ne3IRmeFcHeVII2diCFUolugichWQTcnBlTTteO1dugHp5aLReg33fZ4Hmtcf9LdwEwdShvg+0aBOaJPSaSag=
 GKQT9+3tZiDzIO4b9y/oJ8Ne3IRmeFcHeVII2diCFUolugichWQTcmCt6hp7xlDuTfpBEem6sXBes0rdQ9sqa/DkHuo+l9X5rOwRk29vvJY=
 GKQT9+3tZiDzIO4b9y/oJ8Ne3IRmeFcHeVII2diCFUolugichWQTcqKgMEASRCXvcZetSzu5PHjGS9M6iA5lj6NUzDNY31qu/38uQ4dOvcs=
 GKQT9+3tZiDzIO4b9y/oJ8Ne3IRmeFcHeVII2diCFUolugichWQTcmj5lzle7a4wV+yV99+7QCp1lXUBqaD7JBq3WxmZBkkF4EuaWFGzEZQ=
 GKQT9+3tZiDzIO4b9y/oJ8Ne3IRmeFcHeVII2diCFUolugichWQTcsUQDcPVS2kTCHIn8rc+te3LJ4i4LXKJihdI5Ke4HUWUv+66pzojFos=
 GKQT9+3tZiDzIO4b9y/oJ8Ne3IRmeFcHeVII2diCFUolugichWQTcsUQDcPVS2kTCHIn8rc+te3LJ4i4LXKJihdI5Ke4HUWUv+66pzojFos=
 GKQT9+3tZiDzIO4b9y/oJ8Ne3IRmeFcHeVII2diCFUolugichWQTcqeKullKUdTP8SmTTmAboZzkUuSFIovs4nmD6jqAf6P/STlqjTSrcDk=
 GKQT9+3tZiDzIO4b9y/oJ8Ne3IRmeFcHeVII2diCFUolugichWQTcuaI39elFXBO/wEq0zImYtTX4DGRBDWgbNZ90VdQKrwZTyd5PGZ0l6A=
 GKQT9+3tZiDzIO4b9y/oJ8Ne3IRmeFcHeVII2diCFUqMa93OXV3DKNcSMfZsw5fhtOR/kJZYgvGV3Oim2LqO5l0i8ouGU6drGkuup/W4pzQ=
 GKQT9+3tZiDzIO4b9y/oJ8Ne3IRmeFcHeVII2diCFUqMa93OXV3DKNiHtIdCwjnAn0ss+zNFVhE+60OO6t9U8ln/8EGDRWYrPmvEK5n5itE=
 GKQT9+3tZiDzIO4b9y/oJ8Ne3IRmeFcHeVII2diCFUqMa93OXV3DKAIUwMzn6/vQ7qij4ys4mH8dDHXIsHi8FD2rbTIC1yHAueNiOVLxtOI=
 GKQT9+3tZiDzIO4b9y/oJ8Ne3IRmeFcHeVII2diCFUqMa93OXV3DKAIUwMzn6/vQ7qij4ys4mH8dDHXIsHi8FD2rbTIC1yHAueNiOVLxtOI=
 GKQT9+3tZiDzIO4b9y/oJ8Ne3IRmeFcHeVII2diCFUqMa93OXV3DKF3n1hknSnkbC9vo+XnQZzl9hjHEQBLWu+ojcT5wxjDOlfsmvm0zJI0=
 GKQT9+3tZiDzIO4b9y/oJ8Ne3IRmeFcHeVII2diCFUqMa93OXV3DKOsVtWcWiztvYIx9dnBm1AeSs6fEXJEhM/Rk2sscvqsH4nQYt3DxMsg=
 GKQT9+3tZiDzIO4b9y/oJ8Ne3IRmeFcHeVII2diCFUqMa93OXV3DKIN45CRkybQi0MbLh46y2ou4KVGMSgMWBOv3b0wwj4a+22tNC7qGu2c=
 GKQT9+3tZiDzIO4b9y/oJ8Ne3IRmeFcHeVII2diCFUqMa93OXV3DKO/lbUcmddOZ9t20zVcPfEU11kyZT9DRGu1/wlHYzZGLAZ7hVd8iFAk=
 GKQT9+3tZiDzIO4b9y/oJ8Ne3IRmeFcHeVII2diCFUqMa93OXV3DKO/lbUcmddOZ9t20zVcPfEU11kyZT9DRGu1/wlHYzZGLAZ7hVd8iFAk=
 GKQT9+3tZiDzIO4b9y/oJ8Ne3IRmeFcHeVII2diCFUqMa93OXV3DKF/8esl1G0gmHDd/YNIoLJvQK3QfL0LJWllzb/NFmKIfPdm9vCFvCic=
 GKQT9+3tZiDzIO4b9y/oJ8Ne3IRmeFcHeVII2diCFUqMa93OXV3DKCm1KrMlMezinWvE7coEJH5WoqNw45/UyHtAo4m383+xHhsBsSgHEqY=
 GKQT9+3tZiDzIO4b9y/oJ8Ne3IRmeFcHeVII2diCFUqMa93OXV3DKHIhSdtEEb9MPvtW+rmKZgDx4gMsuajUwUP8XDOs+KN+0SGrw9DJL80=
 GKQT9+3tZiDzIO4b9y/oJ8Ne3IRmeFcHeVII2diCFUrONj//iYO7QbN+YIaa8TFY1KklipzhWjR14ysc2s3EhDvEP6VG72+qdwg72xfmD1w=
 GKQT9+3tZiDzIO4b9y/oJ8Ne3IRmeFcHeVII2diCFUrONj//iYO7QeFGeoRnO3PHTVGyLIp6Gp8KXNtXIEz6oUJU2CRYxZqD/zb0EGhl5cY=
 GKQT9+3tZiDzIO4b9y/oJ8Ne3IRmeFcHeVII2diCFUrONj//iYO7QYYGuIJo4bArbJRgY7R1MmAgMRuip3f83CZ09sPslDlQL0Pxvpl14mM=
 GKQT9+3tZiDzIO4b9y/oJ8Ne3IRmeFcHeVII2diCFUrONj//iYO7QbM2H8hDcc6oFJPMyP6u2624+zntJI7yy/DYFhoDaKYowuwxUUAFRCo=
 GKQT9+3tZiDzIO4b9y/oJ8Ne3IRmeFcHeVII2diCFUp0Ep6UvCxZDjRu1OhxVHgRsKuC5zAHcnVKxjt18uSzAHmuvejzNzkUbhY7e6hLIIiCBqpScVQ6qDM37OgTBDsN
 GKQT9+3tZiDzIO4b9y/oJ8Ne3IRmeFcHeVII2diCFUp0Ep6UvCxZDjRu1OhxVHgRsKuC5zAHcnVKxjt18uSzAHmuvejzNzkUbhY7e6hLIIiCBqpScVQ6qDM37OgTBDsN
 GKQT9+3tZiDzIO4b9y/oJ8Ne3IRmeFcHeVII2diCFUp0Ep6UvCxZDjRu1OhxVHgRsKuC5zAHcnVKxjt18uSzAHmuvejzNzkUbhY7e6hLIIiCBqpScVQ6qDM37OgTBDsN
 GKQT9+3tZiDzIO4b9y/oJ8Ne3IRmeFcHeVII2diCFUp0Ep6UvCxZDtpEiDxESDTeXLzd1DUcdv/fszO6a/48uGbFGITRF48QvTOOVfVfqWpaSXHYvRt6gXxOe8xakDb5
 GKQT9+3tZiDzIO4b9y/oJ8Ne3IRmeFcHeVII2diCFUp0Ep6UvCxZDtpEiDxESDTeXLzd1DUcdv/fszO6a/48uGbFGITRF48QvTOOVfVfqWpaSXHYvRt6gXxOe8xakDb5
 GKQT9+3tZiDzIO4b9y/oJ8Ne3IRmeFcHeVII2diCFUp0Ep6UvCxZDtpEiDxESDTeXLzd1DUcdv/fszO6a/48uGbFGITRF48QvTOOVfVfqWpaSXHYvRt6gXxOe8xakDb5
 GKQT9+3tZiDzIO4b9y/oJ8Ne3IRmeFcHeVII2diCFUp0Ep6UvCxZDtpEiDxESDTeXLzd1DUcdv/fszO6a/48uGbFGITRF48QvTOOVfVfqWpaSXHYvRt6gXxOe8xakDb5
 GKQT9+3tZiDzIO4b9y/oJ8Ne3IRmeFcHeVII2diCFUp0Ep6UvCxZDtpEiDxESDTeXLzd1DUcdv/fszO6a/48uGbFGITRF48QvTOOVfVfqWpaSXHYvRt6gXxOe8xakDb5
 GKQT9+3tZiDzIO4b9y/oJ8Ne3IRmeFcHeVII2diCFUp0Ep6UvCxZDi7CH/qH7WWrcaMgzCOfcL+s+9yMVAsUj+kLMUAKz0lAB9yDlII889Oq2unwUabnYPzfV/ALX6nk
 GKQT9+3tZiDzIO4b9y/oJ8Ne3IRmeFcHeVII2diCFUp0Ep6UvCxZDi7CH/qH7WWrcaMgzCOfcL+s+9yMVAsUj+kLMUAKz0lAB9yDlII889Oq2unwUabnYPzfV/ALX6nk
 GKQT9+3tZiDzIO4b9y/oJ8Ne3IRmeFcHeVII2diCFUp0Ep6UvCxZDi7CH/qH7WWrcaMgzCOfcL+s+9yMVAsUj+kLMUAKz0lAB9yDlII889Oq2unwUabnYPzfV/ALX6nk
 GKQT9+3tZiDzIO4b9y/oJ8Ne3IRmeFcHeVII2diCFUp0Ep6UvCxZDi7CH/qH7WWrcaMgzCOfcL+s+9yMVAsUj+kLMUAKz0lAB9yDlII889Oq2unwUabnYPzfV/ALX6nk
 GKQT9+3tZiDzIO4b9y/oJ8Ne3IRmeFcHeVII2diCFUp0Ep6UvCxZDi7CH/qH7WWrcaMgzCOfcL+s+9yMVAsUj+kLMUAKz0lAB9yDlII889Oq2unwUabnYPzfV/ALX6nk
 GKQT9+3tZiDzIO4b9y/oJ8Ne3IRmeFcHeVII2diCFUp0Ep6UvCxZDpjUyhv6mr5LBwKzzX5+uA6uECc8jePmhPgWlxjfnqwy3Lb24QSAf6Mhg5YfKUk//vaJuIq0cACG
 GKQT9+3tZiDzIO4b9y/oJ8Ne3IRmeFcHeVII2diCFUp0Ep6UvCxZDpjUyhv6mr5LBwKzzX5+uA6uECc8jePmhPgWlxjfnqwy3Lb24QSAf6Mhg5YfKUk//vaJuIq0cACG
 GKQT9+3tZiDzIO4b9y/oJ8Ne3IRmeFcHeVII2diCFUp0Ep6UvCxZDpjUyhv6mr5LBwKzzX5+uA6uECc8jePmhPgWlxjfnqwy3Lb24QSAf6Mhg5YfKUk//vaJuIq0cACG
 GKQT9+3tZiDzIO4b9y/oJ8Ne3IRmeFcHeVII2diCFUp0Ep6UvCxZDpjUyhv6mr5LBwKzzX5+uA6uECc8jePmhPgWlxjfnqwy3Lb24QSAf6Mhg5YfKUk//vaJuIq0cACG
 GKQT9+3tZiDzIO4b9y/oJ8Ne3IRmeFcHeVII2diCFUqb7ItjyZoQZ/OPXS+fRq03tg6KmlbtmDqU9oL4h7w0kO072BcrkzYAruQ4xLx/h2o=
 GKQT9+3tZiDzIO4b9y/oJ8Ne3IRmeFcHeVII2diCFUqb7ItjyZoQZ/OPXS+fRq03tg6KmlbtmDpUzn+AdX6GE8HZX09hKhGRYXzpZ4GhfCbVaJ5H2UOxig==
 GKQT9+3tZiDzIO4b9y/oJ8Ne3IRmeFcHeVII2diCFUqb7ItjyZoQZyyWLSBzeppGIIguLOjzBQLvyBQgQmq+f65J6cgOTdotxANdnxduMs1lXufd5FmPdlpQbR101WNi
 GKQT9+3tZiDzIO4b9y/oJ8Ne3IRmeFcHeVII2diCFUqb7ItjyZoQZ0kKNiJb7Af46n1r/JAK6MbkhminPkGjaapneiBC2TDo7nfAEJskikxXhNvwmyO6hQVX3gdS8+TL
 GKQT9+3tZiDzIO4b9y/oJ8Ne3IRmeFcHeVII2diCFUqb7ItjyZoQZw0onol9SdbzyaKGCJOtp0gw85M834QgA9+AuuO+Q8vzF/jV2RBWVl3wl6lhyZWm/lGRVqS8hXoy
 GKQT9+3tZiDzIO4b9y/oJ8Ne3IRmeFcHeVII2diCFUqb7ItjyZoQZ9EbvGydJ28EtbYLmsfEKbtD7l5X1seDlviilXEChLyGsK9eV2ndqyrlWzZHTIk6mYTD2OsbgKj2
 GKQT9+3tZiDzIO4b9y/oJ8Ne3IRmeFcHeVII2diCFUqb7ItjyZoQZyELksDctAf9cLg+5x0JP5Th5F2lo5L24tbMJRAxmLsYg8TakmyZ80CxRyTYi1LNMzt+5YIf+HcG
 GKQT9+3tZiDzIO4b9y/oJ8Ne3IRmeFcHeVII2diCFUqb7ItjyZoQZ/c/TS4PdezCE9hfPuRHin5pOppv4k8LEVlK9Oej+wJls62d3ylzDvpSgL0PzyT+QCjL8TePkui/
 GKQT9+3tZiDzIO4b9y/oJ8Ne3IRmeFcHeVII2diCFUqb7ItjyZoQZ/c/TS4PdezCE9hfPuRHin5pOppv4k8LEVlK9Oej+wJls62d3ylzDvpSgL0PzyT+QCjL8TePkui/
 GKQT9+3tZiDzIO4b9y/oJ8Ne3IRmeFcHeVII2diCFUqb7ItjyZoQZ0VNOsDi7q6LZaoiVc4hHOwK6gZ0gepSwC/HY2eAntsLa5KMnCOgjHGvfNAUgxqG/ggpXk6BtYlY
 GKQT9+3tZiDzIO4b9y/oJ8Ne3IRmeFcHeVII2diCFUqb7ItjyZoQZwzN7U4su7ICXqA/TxotR2sUfog4+emtmRx0S6n/bbdBjN8p+pAFK6qWHHxiUdRmJS4sKDCvCshb
 GKQT9+3tZiDzIO4b9y/oJ8Ne3IRmeFcHeVII2diCFUqb7ItjyZoQZ3x3locoT3c5vx0l0ZhafkdKFjWMtzM3cvNsKEbcovsyn1w0U9Awx/jC/wI5lVSqvx8IH5wRsjBC
 GKQT9+3tZiDzIO4b9y/oJ8Ne3IRmeFcHeVII2diCFUqb7ItjyZoQZzqbyTueewnGQhyxLNs35pmtzMNUYSj4lFtayYDL5/AziBI8W+wSN4aKPYZQhQGpibzMpgl2MndH
 GKQT9+3tZiDzIO4b9y/oJ8Ne3IRmeFcHeVII2diCFUoIJ2yCIfEDd1ybh4dn1hjL2WTtGD53ErkKpjbnv/t2RsG3nbDA1got403s8+38XvsDkJVzKtffHIb/f8vzSveN
 GKQT9+3tZiDzIO4b9y/oJ8Ne3IRmeFcHeVII2diCFUoIJ2yCIfEDd1ybh4dn1hjL2WTtGD53ErkKpjbnv/t2RsG3nbDA1got403s8+38XvsDkJVzKtffHIb/f8vzSveN
 GKQT9+3tZiDzIO4b9y/oJ8Ne3IRmeFcHeVII2diCFUoIJ2yCIfEDd43se5oq+BvMj04TmH5gbEqoEBOPOdyA3CNEY7U+TAxxBh2p16Fd9nbfjOIYQrDeJwRTJCwaXym+
 GKQT9+3tZiDzIO4b9y/oJ8Ne3IRmeFcHeVII2diCFUoIJ2yCIfEDd6XV+yiXtvTOMwvp0uw5c2zTBmNbb5vP/6CFUWtehkgi74Twz14paxqK1w92v433B0H5Vkfxit5Y
 GKQT9+3tZiDzIO4b9y/oJ8Ne3IRmeFcHeVII2diCFUoIJ2yCIfEDdxnjsUaEl4PBljCnMcS5DqfzwLYcu9fzi8Ad5VGtzfOgmmEjJ3kdPLckRpvZqHb+vyH5P75ASjtj
 GKQT9+3tZiDzIO4b9y/oJ8Ne3IRmeFcHeVII2diCFUoIJ2yCIfEDdxG32Socfc2TmVPZtxLI8snyInpGI+CXsBuIZl2zmOa9j7JFh9KJntVLeaaVoKXDPiMFcbqhoyrG
 GKQT9+3tZiDzIO4b9y/oJ8Ne3IRmeFcHeVII2diCFUoIJ2yCIfEDdxG32Socfc2TmVPZtxLI8snyInpGI+CXsBuIZl2zmOa9j7JFh9KJntVLeaaVoKXDPiMFcbqhoyrG
 GKQT9+3tZiDzIO4b9y/oJ8Ne3IRmeFcHeVII2diCFUoIJ2yCIfEDd9giNbadUrnaMj7bIi1xKWLrVjtkycZsrqukUJ64OjxLV9WRUizL+552QPp+bECX9xHQ3+Fkjr6/
 GKQT9+3tZiDzIO4b9y/oJ8Ne3IRmeFcHeVII2diCFUoIJ2yCIfEDd9h9loCoAgHnyx/DVIZrNSi+t8KcTvscDp/7BMj9rw7WFusbdYkNouRxrX3Ot7JMs0LPTLJYbBwP
 GKQT9+3tZiDzIO4b9y/oJ8Ne3IRmeFcHeVII2diCFUoIJ2yCIfEDd03qoBcjGTh3i9IGpONaJTJu9oTsSmppvLVpYxHxjdMkqggfe/RUUI89kmAu2k3e5Nuvi+8OSjop
 GKQT9+3tZiDzIO4b9y/oJ8Ne3IRmeFcHeVII2diCFUoIJ2yCIfEDd2055prv2KW0rg1wZoZ2AVhccGit/Kh7OK8b9qLGUj56B+eYjMcCgl84fvYOvjcMvIro+qhPuvG9
 GKQT9+3tZiDzIO4b9y/oJ8Ne3IRmeFcHeVII2diCFUoIJ2yCIfEDdy8YjfxbBSQzBAupnV9J/qgs7OwCT8qJlcig35h6VxlO73UP07WqQOhQ64Pq+mgRYOqlJVJO6HSF
 GKQT9+3tZiDzIO4b9y/oJ8Ne3IRmeFcHeVII2diCFUoIJ2yCIfEDdy8YjfxbBSQzBAupnV9J/qgs7OwCT8qJlcig35h6VxlO73UP07WqQOhQ64Pq+mgRYOqlJVJO6HSF
 GKQT9+3tZiDzIO4b9y/oJ8Ne3IRmeFcHeVII2diCFUo8ilCrobxRg9SpkatVbbgiZgGETnpc/4I2Hfvxne1+yTMSZnWI0KiWY0nJPQ/PJ2AML79mEMxDCKZDneFHii7D
 GKQT9+3tZiDzIO4b9y/oJ8Ne3IRmeFcHeVII2diCFUo8ilCrobxRgwmTDhtqqpy8fc7ct1cbdRW5yFhmIL+SUppZYMI/wjFI+VNIO0ipsMcHmvtXyJDbSyGmrR59lQaa
 GKQT9+3tZiDzIO4b9y/oJ8Ne3IRmeFcHeVII2diCFUo8ilCrobxRg54S44loesHgGzMBXSQ17RiVqocrh6r/3CUlg8xbEn+z2jjMn7TfJbt2XLNi2qWQX/+CGuI9+Ldp
 GKQT9+3tZiDzIO4b9y/oJ8Ne3IRmeFcHeVII2diCFUo8ilCrobxRg+nZez3EufbV4Ab61XI6v4nG9qUN3mUJ8fYEIw+Eci57fL5Rml+ADPG8+RHNU3iE4juSQn5KJB6+
 GKQT9+3tZiDzIO4b9y/oJ8Ne3IRmeFcHeVII2diCFUo8ilCrobxRg/hfX5Dx0mfwXsaJpYmJIjVRZyOy4UoOdxq3ekQRh1W/vZUsuxgu/+yv15fojdLRikKnL1PXF8en
 GKQT9+3tZiDzIO4b9y/oJ8Ne3IRmeFcHeVII2diCFUo8ilCrobxRg/hfX5Dx0mfwXsaJpYmJIjVRZyOy4UoOdxq3ekQRh1W/vZUsuxgu/+yv15fojdLRikKnL1PXF8en
 GKQT9+3tZiDzIO4b9y/oJ8Ne3IRmeFcHeVII2diCFUo8ilCrobxRg3PTiT96LY6fYzMVHtON06oUqlZmA/491ieLvsd592jYnSOjlfyWsnx0DVrednyNWs/xpNzzISG9
 GKQT9+3tZiDzIO4b9y/oJ8Ne3IRmeFcHeVII2diCFUo8ilCrobxRg/UBpUyqhE60AAA10lUWH8MujdXTCo15kAAxr7FmLBK+gtQ6PBTqBOs8RoEo9axzp/UifpsijJh/
 GKQT9+3tZiDzIO4b9y/oJ8Ne3IRmeFcHeVII2diCFUo8ilCrobxRgyyioaZXh4+Wy6GfEnzZ/1cbPY1tXwtD/Cry3K0E4aOaVQp4gSjCchG54ZTt8YnYKqtzco4Ot9Fc
 GKQT9+3tZiDzIO4b9y/oJ8Ne3IRmeFcHeVII2diCFUo8ilCrobxRgzlUTCLwlqHxctlFbPbn2xXF4bMiv6EP2gRvU7gQyCjhy0CRzqhV6bsLKEmj5uP0zcG8WRQr1Onv
 GKQT9+3tZiDzIO4b9y/oJ8Ne3IRmeFcHeVII2diCFUo8ilCrobxRgzlUTCLwlqHxctlFbPbn2xXF4bMiv6EP2gRvU7gQyCjhy0CRzqhV6bsLKEmj5uP0zcG8WRQr1Onv
 GKQT9+3tZiDzIO4b9y/oJ8Ne3IRmeFcHeVII2diCFUo8ilCrobxRg7edpNdOVytM2AlJAgy6XlowP0uqivfFHapbpx+u2MIskmrzODGHtz8LoZ4Z84dyOy+dV6p6g5y3
 GKQT9+3tZiDzIO4b9y/oJ8Ne3IRmeFcHeVII2diCFUr7zUQc9Z5pvNJc6fBkJzHVh1/i8EGOlWUamifOr1VLmEvwgktxYCWfAUCgYTWkzIKpDQFj9El5K7wFfwMvmb9B
 GKQT9+3tZiDzIO4b9y/oJ8Ne3IRmeFcHeVII2diCFUr7zUQc9Z5pvNpuPJofCawEJiN28ybSpjxdIwAqwL9g5fsnlRofCjjbuhyPVmHEtffRjz1PXw2pEqk+OnEyw/aD
 GKQT9+3tZiDzIO4b9y/oJ8Ne3IRmeFcHeVII2diCFUr7zUQc9Z5pvLB3IiJwwhMOgP8VIJWT8ZlPjzfuxqk1CQyCzLIU36T4YHZ9gykEO+Eweewgjp/KjvHlHk4w3KZ3
 GKQT9+3tZiDzIO4b9y/oJ8Ne3IRmeFcHeVII2diCFUr7zUQc9Z5pvIWSbqqTd03sPLYBOPmTJxOsA1DAxsbnHlmPE/J32MjhmkKapiSqBZj0vmKE8Kal/J0ZfasRzV8u
 GKQT9+3tZiDzIO4b9y/oJ8Ne3IRmeFcHeVII2diCFUr7zUQc9Z5pvIWSbqqTd03sPLYBOPmTJxOsA1DAxsbnHlmPE/J32MjhmkKapiSqBZj0vmKE8Kal/J0ZfasRzV8u
 GKQT9+3tZiDzIO4b9y/oJ8Ne3IRmeFcHeVII2diCFUr7zUQc9Z5pvN9rg/OTtNsWjU9NaYT8SL4kI0WZwGI9aDV+h3+sbUghGuMl1Ta02ul9zu0E7xW0Cu1U7e+2BWzS
 GKQT9+3tZiDzIO4b9y/oJ8Ne3IRmeFcHeVII2diCFUr7zUQc9Z5pvPKJRIID3MQhfnuzN1sbXCEm7RqWmckCL9MjX9uD9+9hvGqJeXtAuRPry5OxIhINnRQAcJaHsr/A
 GKQT9+3tZiDzIO4b9y/oJ8Ne3IRmeFcHeVII2diCFUr7zUQc9Z5pvJyMvfl0ZC7kXz4rAn73HFf3Fp5zY/gw3lzuYn/tDFwHx+Zj6RAnkuqKdDPKLmEB+NjwIJibJCzs
 GKQT9+3tZiDzIO4b9y/oJ8Ne3IRmeFcHeVII2diCFUr7zUQc9Z5pvLtNmV0UZDIrAs/rphAS7fknSXOK6Gb+zFzXR8YY26gSMCNOn5Eo6JRI87uNZ+ihBECX31RCFTW9
 GKQT9+3tZiDzIO4b9y/oJ8Ne3IRmeFcHeVII2diCFUr7zUQc9Z5pvO1f4K5XekIX4ZC2woCOqXYltYlaJQVFwmrtiafofDwBxyi3BLs/kgPA5H/x1uC1W3ghMMy3b84y
 GKQT9+3tZiDzIO4b9y/oJ8Ne3IRmeFcHeVII2diCFUr7zUQc9Z5pvO1f4K5XekIX4ZC2woCOqXYltYlaJQVFwmrtiafofDwBxyi3BLs/kgPA5H/x1uC1W3ghMMy3b84y
 GKQT9+3tZiDzIO4b9y/oJ8Ne3IRmeFcHeVII2diCFUr7zUQc9Z5pvKekJCfM9gQpIR3RcMCiVcrUDPrjir4sXlG2/1v4v5sbfDfWdMuwJDtAcqbfq9aRXX0Ip7WUC2qq
 GKQT9+3tZiDzIO4b9y/oJ8Ne3IRmeFcHeVII2diCFUphr/2He+Y/DAB0rZU5HYs0cvpxTG3KEeqn7VRGxM0LQrI5JKKU9CFjZ9z3B/2fdsPzKbdjGCz0ZVaZg2pykIC9
 GKQT9+3tZiDzIO4b9y/oJ8Ne3IRmeFcHeVII2diCFUp9XaI50Oy52x9M674CD7mwYGPbUBSNV2MhMP4YaHLGLjFCJrVOEyN0lIFOKa1S4+ZQdK4YEO6SqOKJl+Y9Vzl+4YZB8ZHmJFk=
 GKQT9+3tZiDzIO4b9y/oJ8Ne3IRmeFcHeVII2diCFUp9XaI50Oy52x9M674CD7mwYGPbUBSNV2MhMP4YaHLGLjFCJrVOEyN0lIFOKa1S4+ZQdK4YEO6SqOKJl+Y9Vzl+4YZB8ZHmJFk=
 GKQT9+3tZiDzIO4b9y/oJ8Ne3IRmeFcHeVII2diCFUp9XaI50Oy52x9M674CD7mwYGPbUBSNV2MhMP4YaHLGLjFCJrVOEyN0lIFOKa1S4+ZQdK4YEO6SqOKJl+Y9Vzl+4YZB8ZHmJFk=
 GKQT9+3tZiDzIO4b9y/oJ8Ne3IRmeFcHeVII2diCFUp9XaI50Oy52+qU7XGu4TKM07KJ7T7Q+OrcAjLYx5WqlZJL7O3r8azfnLZI+4z80gHphLcY4tXWep7KQwTK5Sb8UzZRpmAv474=
 GKQT9+3tZiDzIO4b9y/oJ8Ne3IRmeFcHeVII2diCFUp9XaI50Oy52+qU7XGu4TKM07KJ7T7Q+OrcAjLYx5WqlZJL7O3r8azfnLZI+4z80gHphLcY4tXWep7KQwTK5Sb8UzZRpmAv474=
 GKQT9+3tZiDzIO4b9y/oJ8Ne3IRmeFcHeVII2diCFUp9XaI50Oy52+qU7XGu4TKM07KJ7T7Q+OrcAjLYx5WqlZJL7O3r8azfnLZI+4z80gHphLcY4tXWep7KQwTK5Sb8UzZRpmAv474=
 GKQT9+3tZiDzIO4b9y/oJ8Ne3IRmeFcHeVII2diCFUp9XaI50Oy52+qU7XGu4TKM07KJ7T7Q+OrcAjLYx5WqlZJL7O3r8azfnLZI+4z80gHphLcY4tXWep7KQwTK5Sb8UzZRpmAv474=
 GKQT9+3tZiDzIO4b9y/oJ8Ne3IRmeFcHeVII2diCFUp9XaI50Oy52+qU7XGu4TKM07KJ7T7Q+OrcAjLYx5WqlZJL7O3r8azfnLZI+4z80gHphLcY4tXWep7KQwTK5Sb8UzZRpmAv474=
 GKQT9+3tZiDzIO4b9y/oJ8Ne3IRmeFcHeVII2diCFUp9XaI50Oy522bUFmF0turrTCgWiMxUW8SyIC1k3DohCF73Vx8rmRxFjQ11bNEtP2S/BXNpENBJ0CSjye7wMRskIOytM0NZikQ=
 GKQT9+3tZiDzIO4b9y/oJ8Ne3IRmeFcHeVII2diCFUp9XaI50Oy522bUFmF0turrTCgWiMxUW8SyIC1k3DohCF73Vx8rmRxFjQ11bNEtP2S/BXNpENBJ0CSjye7wMRskIOytM0NZikQ=
 GKQT9+3tZiDzIO4b9y/oJ8Ne3IRmeFcHeVII2diCFUp9XaI50Oy522bUFmF0turrTCgWiMxUW8SyIC1k3DohCF73Vx8rmRxFjQ11bNEtP2S/BXNpENBJ0CSjye7wMRskIOytM0NZikQ=
 GKQT9+3tZiDzIO4b9y/oJ8Ne3IRmeFcHeVII2diCFUp9XaI50Oy522bUFmF0turrTCgWiMxUW8SyIC1k3DohCF73Vx8rmRxFjQ11bNEtP2S/BXNpENBJ0CSjye7wMRskIOytM0NZikQ=
 GKQT9+3tZiDzIO4b9y/oJ8Ne3IRmeFcHeVII2diCFUp9XaI50Oy522bUFmF0turrTCgWiMxUW8SyIC1k3DohCF73Vx8rmRxFjQ11bNEtP2S/BXNpENBJ0CSjye7wMRskIOytM0NZikQ=
 GKQT9+3tZiDzIO4b9y/oJ8Ne3IRmeFcHeVII2diCFUp9XaI50Oy526M/1MRUqPZCvLjakCbICf5+8l3+LU//t0BI3+Clzmvk25/kDsIKQjUN6Zhq7Z4EG6UDukn+gD4Hv2ZA25o5wO0=
 GKQT9+3tZiDzIO4b9y/oJ8Ne3IRmeFcHeVII2diCFUp9XaI50Oy526M/1MRUqPZCvLjakCbICf5+8l3+LU//t0BI3+Clzmvk25/kDsIKQjUN6Zhq7Z4EG6UDukn+gD4Hv2ZA25o5wO0=
 GKQT9+3tZiDzIO4b9y/oJ8Ne3IRmeFcHeVII2diCFUp9XaI50Oy526M/1MRUqPZCvLjakCbICf5+8l3+LU//t0BI3+Clzmvk25/kDsIKQjUN6Zhq7Z4EG6UDukn+gD4Hv2ZA25o5wO0=
 GKQT9+3tZiDzIO4b9y/oJ8Ne3IRmeFcHeVII2diCFUp9XaI50Oy526M/1MRUqPZCvLjakCbICf5+8l3+LU//t0BI3+Clzmvk25/kDsIKQjUN6Zhq7Z4EG6UDukn+gD4Hv2ZA25o5wO0=
 GKQT9+3tZiDzIO4b9y/oJ8Ne3IRmeFcHeVII2diCFUp9XaI50Oy527RjZbP7GbCXecSWFn4/9ykMff5edChxKBbacgUaqjxz5hlnl01WuhA=
 GKQT9+3tZiDzIO4b9y/oJ8Ne3IRmeFcHeVII2diCFUp9XaI50Oy527RjZbP7GbCXecSWFn4/9ykKFVDysjXxuYtZUbs5rgwyMq8CNveVNmTyNWbZJ9lf0Q==
 GKQT9+3tZiDzIO4b9y/oJ8Ne3IRmeFcHeVII2diCFUp9XaI50Oy52/zy50re4ctjhCbDWR3uHr+K1h2ReaMgsxPQO17TigMrUrVNFslGh/n7KTDbYuyYLFC4cAHIq4j/QIHIHXIt288=
 GKQT9+3tZiDzIO4b9y/oJ8Ne3IRmeFcHeVII2diCFUp9XaI50Oy524+nH1dFF7HozdS7aBS9Z9S/9dpo11qzBL8PN6Q10GCjIIpyq/EHSL0SZWmaZvfwm0IHJWlnOd4yS1A6zvZ2PC4=
 GKQT9+3tZiDzIO4b9y/oJ8Ne3IRmeFcHeVII2diCFUp9XaI50Oy5280wwSGRRB2CsUo1ozSiEdy24c7wt5zDgDAMJ3CxrnvxusnZ4t4bvwvukU/5sGGZfK3FdTgTV39P4VF6Z/cFypU=
 GKQT9+3tZiDzIO4b9y/oJ8Ne3IRmeFcHeVII2diCFUp9XaI50Oy521Td7NIOdE9YXadPCZoRQUZ5JiyA9wg5XnRg5ELgXkq1kv2seSHa0ZdJhdOIMoKlzW26nP1055LMZnXV9UsLLZ0=
 GKQT9+3tZiDzIO4b9y/oJ8Ne3IRmeFcHeVII2diCFUoidHzakJ8A8W0WW4QiqQGUxAnoR1/lhbsEfmGIJ2PRfUMNp50N1NbfFhY8S9OCG1AIOOw0qBcJKr1KTTdbSzFfUStQdHBeFQQ=
 GKQT9+3tZiDzIO4b9y/oJ8Ne3IRmeFcHeVII2diCFUoidHzakJ8A8V5pIsi5XlvhbMDupRBkVkYR/yGUlqF4qhWngp/c/Cd3A+xTaD2waikZtkbpJEZa6IwmqTFA/MMz7RVklG+3aew=
 GKQT9+3tZiDzIO4b9y/oJ8Ne3IRmeFcHeVII2diCFUoidHzakJ8A8V5pIsi5XlvhbMDupRBkVkYR/yGUlqF4qhWngp/c/Cd3A+xTaD2waikZtkbpJEZa6IwmqTFA/MMz7RVklG+3aew=
 GKQT9+3tZiDzIO4b9y/oJ8Ne3IRmeFcHeVII2diCFUoidHzakJ8A8UX1PvuvUed6miaZKXj07EfZovUEae+u6Y1vx0lJEIxhRwGwVaztyd6wKqgvvXjVxOcUWTjRxPJOYHYaTgcrd44=
 GKQT9+3tZiDzIO4b9y/oJ8Ne3IRmeFcHeVII2diCFUoidHzakJ8A8QYyS/clUWLc2pAoYn9/ovnfYte6IDth4WJu/x09GQD49zkFfdWiZGpBD5Z6CZt3nfGBqBitcTubCVsF6CRMx8g=
 GKQT9+3tZiDzIO4b9y/oJ8Ne3IRmeFcHeVII2diCFUoidHzakJ8A8RMDLlAP+lQtiBhHMdK730Ry6Oxj2mgtIC4iK4b7SD+Khjoyt34VDNTssSNLtUc70sSQCL5HgGKx2oz+NF1kWmU=
 GKQT9+3tZiDzIO4b9y/oJ8Ne3IRmeFcHeVII2diCFUoidHzakJ8A8dKin6Gz0P5IGI2dryQVbiUpTjvHpFt4AkV7vUcfuEsEYA2ZELp29sabmAjhaDfCf+TmxyA4Gkcp5RPpJrxNMVc=
 GKQT9+3tZiDzIO4b9y/oJ8Ne3IRmeFcHeVII2diCFUoidHzakJ8A8bPDGExz7U5rYRI+RU2tclmf5j7wH0TB0WuokRwAuxjgyRsn8qCs48OCMdE4jFj7WokdsD4FwLVX5wcNxugw/yc=
 GKQT9+3tZiDzIO4b9y/oJ8Ne3IRmeFcHeVII2diCFUoidHzakJ8A8bPDGExz7U5rYRI+RU2tclmf5j7wH0TB0WuokRwAuxjgyRsn8qCs48OCMdE4jFj7WokdsD4FwLVX5wcNxugw/yc=
 GKQT9+3tZiDzIO4b9y/oJ8Ne3IRmeFcHeVII2diCFUoidHzakJ8A8U6NhUzUuQHCEO6pbmK+y67zuCKmgEPc+mUPe9mBizqgnlwFD1UyOLLFwLTkm6YQQQFKE0JDoJHjrLETGp8aIOQ=
 GKQT9+3tZiDzIO4b9y/oJ8Ne3IRmeFcHeVII2diCFUoidHzakJ8A8WSafKHQ6UwLcuA2thXdeDpJwO8l09qoUnvT2EzABioN5b60KHWx8cuzoREfw4BwyH9Nafy0y3A25GGZIXG1FoE=
 GKQT9+3tZiDzIO4b9y/oJ8Ne3IRmeFcHeVII2diCFUoidHzakJ8A8f0IysOXgQVDS3xHjSYuVtuGKBvTP8iUhOSHpyt+tswjIkc97wyTuVNBX7WQWGZZDhyvHGwE8rt2dASQK465vVQ=
 GKQT9+3tZiDzIO4b9y/oJ8Ne3IRmeFcHeVII2diCFUrXqAVEZ8Jb0VzTfsiEZ9GPoAn1XuXt1m2v+KJIx1GyoP3Zl6xHW9MjVUlpkGhBpB3mIID4qJBVgeQCpO1jmW1YSE7NeVfGTp4=
 GKQT9+3tZiDzIO4b9y/oJ8Ne3IRmeFcHeVII2diCFUrXqAVEZ8Jb0VzTfsiEZ9GPoAn1XuXt1m2v+KJIx1GyoP3Zl6xHW9MjVUlpkGhBpB3mIID4qJBVgeQCpO1jmW1YSE7NeVfGTp4=
 GKQT9+3tZiDzIO4b9y/oJ8Ne3IRmeFcHeVII2diCFUrXqAVEZ8Jb0dkcnzk+jIywSaAUPkLSDsBpRbVsE/uCIu4D9ufLXXHPVvEHjwV5oa49CSD80GAoxNFX/ILJpNdUHyn/rsgT8cw=
 GKQT9+3tZiDzIO4b9y/oJ8Ne3IRmeFcHeVII2diCFUrXqAVEZ8Jb0a1UWomWZRnEBoANxVWLiks0jslMRPaEblGHM5ZGaQ/O/ga0tv85MumbZAZNkp2IinORQ7WfhcIzHPB6Ni5wtME=
 GKQT9+3tZiDzIO4b9y/oJ8Ne3IRmeFcHeVII2diCFUrXqAVEZ8Jb0SMopCQc6ptcCam2pkp1y9VYbUI5N2RpUaKxU6vzcbcgImvNpklL5hlC/1p/kqJxR1bJEljVmfpi4Z0gVzleCbk=
 GKQT9+3tZiDzIO4b9y/oJ8Ne3IRmeFcHeVII2diCFUrXqAVEZ8Jb0Sjoc5X9Z9BDMyfUdJFpXSd47rHKUMzdxOoDpGXjZm3MmvpPDlt/O3XqTloLpUsqadFCEzqlD0JpRWhvB8Z+rqM=
 GKQT9+3tZiDzIO4b9y/oJ8Ne3IRmeFcHeVII2diCFUrXqAVEZ8Jb0XTlE232NTe23L5gJMqB3Epn60t6MZrsZI8vlpdMH8WfdFjt6ThZSeLVuvvVnTGcO04emVxbhAiF610l9q30nHc=
 GKQT9+3tZiDzIO4b9y/oJ8Ne3IRmeFcHeVII2diCFUrXqAVEZ8Jb0XTlE232NTe23L5gJMqB3Epn60t6MZrsZI8vlpdMH8WfdFjt6ThZSeLVuvvVnTGcO04emVxbhAiF610l9q30nHc=
 GKQT9+3tZiDzIO4b9y/oJ8Ne3IRmeFcHeVII2diCFUrXqAVEZ8Jb0Z8aoKtN5jn+7Cg+pi28+9FNP5rCmA9SMxsZHRUbbM91jH6FDRhhTwlAWYrrXcOmj8LLEKD8Fie0zUQtWmozWXA=
 GKQT9+3tZiDzIO4b9y/oJ8Ne3IRmeFcHeVII2diCFUrXqAVEZ8Jb0dx+yqFpi+5KcLVPeK9l0O95zPAOCTp0t7KYCCZB1JRhH5pLgiHyXbW1XMUqp/VnTDsDopRPrNFfGqHLiF7XU78=
 GKQT9+3tZiDzIO4b9y/oJ8Ne3IRmeFcHeVII2diCFUrXqAVEZ8Jb0drTingFKmBoCUkG/Wds+gJcJ6KV5L5axZKcTCqPl7AN/2qb/DjdZiy446o02G6Neg/qphlANNRg4Kw9H8xyz2M=
 GKQT9+3tZiDzIO4b9y/oJ8Ne3IRmeFcHeVII2diCFUrXqAVEZ8Jb0X3FV5sJYdTxlEHNqx1gI/GIHP+GYs3Jo0DDZmVXgiFPTSaTqHQ7uPiJX6aBPV4J2NB7GoRKazMG8i4ApvyK33M=
 GKQT9+3tZiDzIO4b9y/oJ8Ne3IRmeFcHeVII2diCFUqNzsm1stFKjODAsT2f/SHWj9zgkd3PhcHuCy6NKHmXRcHIStrGFGXS2RgMtEM9UgW03o2Gpw4F/nkDoMeeAaX5IuUv/sOukf8=
 GKQT9+3tZiDzIO4b9y/oJ8Ne3IRmeFcHeVII2diCFUqNzsm1stFKjODAsT2f/SHWj9zgkd3PhcHuCy6NKHmXRcHIStrGFGXS2RgMtEM9UgW03o2Gpw4F/nkDoMeeAaX5IuUv/sOukf8=
 GKQT9+3tZiDzIO4b9y/oJ8Ne3IRmeFcHeVII2diCFUqNzsm1stFKjPHddpKPtCUBKWakgtTrP2oPsZFTMoG453BA3LYeu0sDya9OCeKSsuesA4FXyaJz3u2psC16ziA1+UMxQ1fhNHA=
 GKQT9+3tZiDzIO4b9y/oJ8Ne3IRmeFcHeVII2diCFUqNzsm1stFKjCMn2BfcWtG2r+SpfntObx8UbVboyz2yy5iBgJD2TNoSCXsiO0RtSVFENmsXz6uEjOVBfsEDz4JSyd63s2EfZT0=
 GKQT9+3tZiDzIO4b9y/oJ8Ne3IRmeFcHeVII2diCFUqNzsm1stFKjO4WwBpFe9CtY9NT3U+P2tjNzrimFvEUpEQwKTYND3W08l93oYcGqMMY72aRIfbU2X9+FqQAOlw34/UhUn0nPOc=
 GKQT9+3tZiDzIO4b9y/oJ8Ne3IRmeFcHeVII2diCFUqNzsm1stFKjLzWZpEdx+XDdtYOTwRTwUPTJUW6eZx2uPjosQpUBPPY6TB23vuD4fuGhxrLmYVgkXy44jVqd9AuLiVHEUU9M4Q=
 GKQT9+3tZiDzIO4b9y/oJ8Ne3IRmeFcHeVII2diCFUqNzsm1stFKjLzWZpEdx+XDdtYOTwRTwUPTJUW6eZx2uPjosQpUBPPY6TB23vuD4fuGhxrLmYVgkXy44jVqd9AuLiVHEUU9M4Q=
 GKQT9+3tZiDzIO4b9y/oJ8Ne3IRmeFcHeVII2diCFUqNzsm1stFKjFwznzcoxpyBSpQtXCt4lB2eAZRq8sAWvAJ+zqAWlCz7LsGnnMj8AI2UX5KJ97npDCei31ABz75bsKPujCkv3co=
 GKQT9+3tZiDzIO4b9y/oJ8Ne3IRmeFcHeVII2diCFUqNzsm1stFKjH7ZwHPIz6Cdrn5LLp8D6bkQg/VVPjJveuF3VVN/z6p+RHnReMQDFz25U03XLeU/ciE4kuEe2BZkv80Ah7BBTjo=
 GKQT9+3tZiDzIO4b9y/oJ8Ne3IRmeFcHeVII2diCFUqNzsm1stFKjDY1cw8zhdtN4r2LCg+9jAI8sCbZugrfcBa7VE9+1El2EJvOkvkFkhYNlj0OZ8rd/GbtqBRjNMrvmJTfHduFgCs=
 GKQT9+3tZiDzIO4b9y/oJ8Ne3IRmeFcHeVII2diCFUqNzsm1stFKjA5sxVm6Hi/yF3BslyMjOMXZr9VL5DgFZsSLepprpN+KjeVB6YBOg4zcu5NnrSqZnhfRR6WuaJK4OOqifIYD1FI=
 GKQT9+3tZiDzIO4b9y/oJ8Ne3IRmeFcHeVII2diCFUqNzsm1stFKjEw4xUtP+sZdqp4HBdqaXtpNrZ2RzHHq9wBBRZ7T3n8VWNklkf/WyohYtMd1NmiWiIhas7lrYsljnZ8DNa4aoD4=
 GKQT9+3tZiDzIO4b9y/oJ8Ne3IRmeFcHeVII2diCFUqNzsm1stFKjEw4xUtP+sZdqp4HBdqaXtpNrZ2RzHHq9wBBRZ7T3n8VWNklkf/WyohYtMd1NmiWiIhas7lrYsljnZ8DNa4aoD4=
 GKQT9+3tZiDzIO4b9y/oJ8Ne3IRmeFcHeVII2diCFUqdp3X6KGhu9JmJGs+vnC1yJPpFzWQ0oO0aBv8IFMqMp73Z4PFt32jrQRlUR5DGPkBu5+Whv0MEcr4qSX5nPWCut7mQy8/ALoY=
 GKQT9+3tZiDzIO4b9y/oJ8Ne3IRmeFcHeVII2diCFUqdp3X6KGhu9HB0C3AcJU4uarG8THHxd5lhFuGqWQKkuwngGEYxaPbgHJOA78Q4TmljjYN6kewuTe7oRm6hkeGTi7O+3UrmQVs=
 GKQT9+3tZiDzIO4b9y/oJ8Ne3IRmeFcHeVII2diCFUqdp3X6KGhu9JyJdp2ILCCZUXiiphgjZRJasszdfT1xzVDFq9bE68m65u0r1ZPOu863O9DWHVUcRW6rYwyr4a3yExJxfdQ1758=
 GKQT9+3tZiDzIO4b9y/oJ8Ne3IRmeFcHeVII2diCFUqdp3X6KGhu9GmsfKuLXKd2ROGAMRuUOdGxJWRY+8ubEPCVmk5pMYRoP1BWT9vDpGDI2snnTlYAOHP6CJ3oYqcIFbl84XGGvBU=
 GKQT9+3tZiDzIO4b9y/oJ8Ne3IRmeFcHeVII2diCFUqdp3X6KGhu9GjiDaviyY1O6nFWOXoVg4rT09mktQhWvMFryKgNBzC5wsjGKr8D87anYtOMVC+9PgnyJb3KsEMafz2UmEDHifA=
 GKQT9+3tZiDzIO4b9y/oJ8Ne3IRmeFcHeVII2diCFUqdp3X6KGhu9IUyjAVSyFvCcHPFV5J/YgklN1e3d6/zT18roWGW8aoJz1PaK4jztnFPWgAs7fFUmWqxoFGTZjs1brOTuYwZ9HY=
 GKQT9+3tZiDzIO4b9y/oJ8Ne3IRmeFcHeVII2diCFUqdp3X6KGhu9OTg4gXlJOQ61r31yGSip50dB5QNNBmmxC2Agpt3pD0B+YE5TkdK0DRBzalBi+C0xtOx+wBFuSgYxnYSll0s0/k=
